[2024-05-12T05:55:00.158+0000] {processor.py:161} INFO - Started process (PID=10432) to work on /opt/airflow/dags/dags_bash_operator.py
[2024-05-12T05:55:00.208+0000] {processor.py:830} INFO - Processing file /opt/airflow/dags/dags_bash_operator.py for tasks to queue
[2024-05-12T05:55:00.289+0000] {logging_mixin.py:188} INFO - [2024-05-12T05:55:00.244+0000] {dagbag.py:545} INFO - Filling up the DagBag from /opt/airflow/dags/dags_bash_operator.py
[2024-05-12T05:55:00.467+0000] {logging_mixin.py:188} INFO - [2024-05-12T05:55:00.439+0000] {dagbag.py:355} ERROR - Failed to import: /opt/airflow/dags/dags_bash_operator.py
Traceback (most recent call last):
  File "/home/airflow/.local/lib/python3.12/site-packages/airflow/models/dagbag.py", line 351, in parse
    loader.exec_module(new_module)
  File "<frozen importlib._bootstrap_external>", line 991, in exec_module
  File "<frozen importlib._bootstrap_external>", line 1129, in get_code
  File "<frozen importlib._bootstrap_external>", line 1059, in source_to_code
  File "<frozen importlib._bootstrap>", line 488, in _call_with_frames_removed
  File "/opt/airflow/dags/dags_bash_operator.py", line 17
    ) as dag:
             ^
IndentationError: expected an indented block after 'with' statement on line 9
[2024-05-12T05:55:00.493+0000] {processor.py:842} WARNING - No viable dags retrieved from /opt/airflow/dags/dags_bash_operator.py
[2024-05-12T05:55:00.686+0000] {processor.py:183} INFO - Processing /opt/airflow/dags/dags_bash_operator.py took 0.635 seconds
[2024-05-12T05:55:33.261+0000] {processor.py:161} INFO - Started process (PID=10491) to work on /opt/airflow/dags/dags_bash_operator.py
[2024-05-12T05:55:33.288+0000] {processor.py:830} INFO - Processing file /opt/airflow/dags/dags_bash_operator.py for tasks to queue
[2024-05-12T05:55:33.308+0000] {logging_mixin.py:188} INFO - [2024-05-12T05:55:33.303+0000] {dagbag.py:545} INFO - Filling up the DagBag from /opt/airflow/dags/dags_bash_operator.py
[2024-05-12T05:55:33.386+0000] {logging_mixin.py:188} INFO - [2024-05-12T05:55:33.377+0000] {dagbag.py:355} ERROR - Failed to import: /opt/airflow/dags/dags_bash_operator.py
Traceback (most recent call last):
  File "/home/airflow/.local/lib/python3.12/site-packages/airflow/models/dagbag.py", line 351, in parse
    loader.exec_module(new_module)
  File "<frozen importlib._bootstrap_external>", line 991, in exec_module
  File "<frozen importlib._bootstrap_external>", line 1129, in get_code
  File "<frozen importlib._bootstrap_external>", line 1059, in source_to_code
  File "<frozen importlib._bootstrap>", line 488, in _call_with_frames_removed
  File "/opt/airflow/dags/dags_bash_operator.py", line 17
    ) as dag:
             ^
IndentationError: expected an indented block after 'with' statement on line 9
[2024-05-12T05:55:33.396+0000] {processor.py:842} WARNING - No viable dags retrieved from /opt/airflow/dags/dags_bash_operator.py
[2024-05-12T05:55:33.644+0000] {processor.py:183} INFO - Processing /opt/airflow/dags/dags_bash_operator.py took 0.432 seconds
[2024-05-12T05:56:03.861+0000] {processor.py:161} INFO - Started process (PID=10548) to work on /opt/airflow/dags/dags_bash_operator.py
[2024-05-12T05:56:03.865+0000] {processor.py:830} INFO - Processing file /opt/airflow/dags/dags_bash_operator.py for tasks to queue
[2024-05-12T05:56:03.868+0000] {logging_mixin.py:188} INFO - [2024-05-12T05:56:03.868+0000] {dagbag.py:545} INFO - Filling up the DagBag from /opt/airflow/dags/dags_bash_operator.py
[2024-05-12T05:56:03.906+0000] {logging_mixin.py:188} INFO - [2024-05-12T05:56:03.896+0000] {dagbag.py:355} ERROR - Failed to import: /opt/airflow/dags/dags_bash_operator.py
Traceback (most recent call last):
  File "/home/airflow/.local/lib/python3.12/site-packages/airflow/models/dagbag.py", line 351, in parse
    loader.exec_module(new_module)
  File "<frozen importlib._bootstrap_external>", line 991, in exec_module
  File "<frozen importlib._bootstrap_external>", line 1129, in get_code
  File "<frozen importlib._bootstrap_external>", line 1059, in source_to_code
  File "<frozen importlib._bootstrap>", line 488, in _call_with_frames_removed
  File "/opt/airflow/dags/dags_bash_operator.py", line 17
    ) as dag:
             ^
IndentationError: expected an indented block after 'with' statement on line 9
[2024-05-12T05:56:03.913+0000] {processor.py:842} WARNING - No viable dags retrieved from /opt/airflow/dags/dags_bash_operator.py
[2024-05-12T05:56:03.952+0000] {processor.py:183} INFO - Processing /opt/airflow/dags/dags_bash_operator.py took 0.098 seconds
[2024-05-12T05:56:35.005+0000] {processor.py:161} INFO - Started process (PID=10572) to work on /opt/airflow/dags/dags_bash_operator.py
[2024-05-12T05:56:35.072+0000] {processor.py:830} INFO - Processing file /opt/airflow/dags/dags_bash_operator.py for tasks to queue
[2024-05-12T05:56:35.103+0000] {logging_mixin.py:188} INFO - [2024-05-12T05:56:35.099+0000] {dagbag.py:545} INFO - Filling up the DagBag from /opt/airflow/dags/dags_bash_operator.py
[2024-05-12T05:56:35.200+0000] {logging_mixin.py:188} INFO - [2024-05-12T05:56:35.180+0000] {dagbag.py:355} ERROR - Failed to import: /opt/airflow/dags/dags_bash_operator.py
Traceback (most recent call last):
  File "/home/airflow/.local/lib/python3.12/site-packages/airflow/models/dagbag.py", line 351, in parse
    loader.exec_module(new_module)
  File "<frozen importlib._bootstrap_external>", line 991, in exec_module
  File "<frozen importlib._bootstrap_external>", line 1129, in get_code
  File "<frozen importlib._bootstrap_external>", line 1059, in source_to_code
  File "<frozen importlib._bootstrap>", line 488, in _call_with_frames_removed
  File "/opt/airflow/dags/dags_bash_operator.py", line 17
    ) as dag:
             ^
IndentationError: expected an indented block after 'with' statement on line 9
[2024-05-12T05:56:35.207+0000] {processor.py:842} WARNING - No viable dags retrieved from /opt/airflow/dags/dags_bash_operator.py
[2024-05-12T05:56:35.329+0000] {processor.py:183} INFO - Processing /opt/airflow/dags/dags_bash_operator.py took 0.354 seconds
[2024-05-12T05:56:45.142+0000] {processor.py:161} INFO - Started process (PID=10614) to work on /opt/airflow/dags/dags_bash_operator.py
[2024-05-12T05:56:45.148+0000] {processor.py:830} INFO - Processing file /opt/airflow/dags/dags_bash_operator.py for tasks to queue
[2024-05-12T05:56:45.153+0000] {logging_mixin.py:188} INFO - [2024-05-12T05:56:45.152+0000] {dagbag.py:545} INFO - Filling up the DagBag from /opt/airflow/dags/dags_bash_operator.py
[2024-05-12T05:56:45.200+0000] {logging_mixin.py:188} INFO - [2024-05-12T05:56:45.196+0000] {dagbag.py:355} ERROR - Failed to import: /opt/airflow/dags/dags_bash_operator.py
Traceback (most recent call last):
  File "/home/airflow/.local/lib/python3.12/site-packages/airflow/models/dagbag.py", line 351, in parse
    loader.exec_module(new_module)
  File "<frozen importlib._bootstrap_external>", line 991, in exec_module
  File "<frozen importlib._bootstrap_external>", line 1129, in get_code
  File "<frozen importlib._bootstrap_external>", line 1059, in source_to_code
  File "<frozen importlib._bootstrap>", line 488, in _call_with_frames_removed
  File "/opt/airflow/dags/dags_bash_operator.py", line 17
    ) as dag:
             ^
IndentationError: expected an indented block after 'with' statement on line 9
[2024-05-12T05:56:45.204+0000] {processor.py:842} WARNING - No viable dags retrieved from /opt/airflow/dags/dags_bash_operator.py
[2024-05-12T05:56:45.246+0000] {processor.py:183} INFO - Processing /opt/airflow/dags/dags_bash_operator.py took 0.120 seconds
[2024-05-12T05:57:16.720+0000] {processor.py:161} INFO - Started process (PID=10659) to work on /opt/airflow/dags/dags_bash_operator.py
[2024-05-12T05:57:16.728+0000] {processor.py:830} INFO - Processing file /opt/airflow/dags/dags_bash_operator.py for tasks to queue
[2024-05-12T05:57:16.737+0000] {logging_mixin.py:188} INFO - [2024-05-12T05:57:16.734+0000] {dagbag.py:545} INFO - Filling up the DagBag from /opt/airflow/dags/dags_bash_operator.py
[2024-05-12T05:57:16.799+0000] {logging_mixin.py:188} INFO - [2024-05-12T05:57:16.790+0000] {dagbag.py:355} ERROR - Failed to import: /opt/airflow/dags/dags_bash_operator.py
Traceback (most recent call last):
  File "/home/airflow/.local/lib/python3.12/site-packages/airflow/models/dagbag.py", line 351, in parse
    loader.exec_module(new_module)
  File "<frozen importlib._bootstrap_external>", line 991, in exec_module
  File "<frozen importlib._bootstrap_external>", line 1129, in get_code
  File "<frozen importlib._bootstrap_external>", line 1059, in source_to_code
  File "<frozen importlib._bootstrap>", line 488, in _call_with_frames_removed
  File "/opt/airflow/dags/dags_bash_operator.py", line 17
    ) as dag:
             ^
IndentationError: expected an indented block after 'with' statement on line 9
[2024-05-12T05:57:16.814+0000] {processor.py:842} WARNING - No viable dags retrieved from /opt/airflow/dags/dags_bash_operator.py
[2024-05-12T05:57:16.903+0000] {processor.py:183} INFO - Processing /opt/airflow/dags/dags_bash_operator.py took 0.201 seconds
[2024-05-12T05:57:47.052+0000] {processor.py:161} INFO - Started process (PID=10715) to work on /opt/airflow/dags/dags_bash_operator.py
[2024-05-12T05:57:47.058+0000] {processor.py:830} INFO - Processing file /opt/airflow/dags/dags_bash_operator.py for tasks to queue
[2024-05-12T05:57:47.071+0000] {logging_mixin.py:188} INFO - [2024-05-12T05:57:47.070+0000] {dagbag.py:545} INFO - Filling up the DagBag from /opt/airflow/dags/dags_bash_operator.py
[2024-05-12T05:57:47.164+0000] {logging_mixin.py:188} INFO - [2024-05-12T05:57:47.148+0000] {dagbag.py:355} ERROR - Failed to import: /opt/airflow/dags/dags_bash_operator.py
Traceback (most recent call last):
  File "/home/airflow/.local/lib/python3.12/site-packages/airflow/models/dagbag.py", line 351, in parse
    loader.exec_module(new_module)
  File "<frozen importlib._bootstrap_external>", line 991, in exec_module
  File "<frozen importlib._bootstrap_external>", line 1129, in get_code
  File "<frozen importlib._bootstrap_external>", line 1059, in source_to_code
  File "<frozen importlib._bootstrap>", line 488, in _call_with_frames_removed
  File "/opt/airflow/dags/dags_bash_operator.py", line 17
    ) as dag:
             ^
IndentationError: expected an indented block after 'with' statement on line 9
[2024-05-12T05:57:47.174+0000] {processor.py:842} WARNING - No viable dags retrieved from /opt/airflow/dags/dags_bash_operator.py
[2024-05-12T05:57:47.287+0000] {processor.py:183} INFO - Processing /opt/airflow/dags/dags_bash_operator.py took 0.247 seconds
[2024-05-12T05:58:34.559+0000] {processor.py:161} INFO - Started process (PID=10769) to work on /opt/airflow/dags/dags_bash_operator.py
[2024-05-12T05:58:34.577+0000] {processor.py:830} INFO - Processing file /opt/airflow/dags/dags_bash_operator.py for tasks to queue
[2024-05-12T05:58:34.591+0000] {logging_mixin.py:188} INFO - [2024-05-12T05:58:34.587+0000] {dagbag.py:545} INFO - Filling up the DagBag from /opt/airflow/dags/dags_bash_operator.py
[2024-05-12T05:58:34.677+0000] {logging_mixin.py:188} INFO - [2024-05-12T05:58:34.659+0000] {dagbag.py:355} ERROR - Failed to import: /opt/airflow/dags/dags_bash_operator.py
Traceback (most recent call last):
  File "/home/airflow/.local/lib/python3.12/site-packages/airflow/models/dagbag.py", line 351, in parse
    loader.exec_module(new_module)
  File "<frozen importlib._bootstrap_external>", line 991, in exec_module
  File "<frozen importlib._bootstrap_external>", line 1129, in get_code
  File "<frozen importlib._bootstrap_external>", line 1059, in source_to_code
  File "<frozen importlib._bootstrap>", line 488, in _call_with_frames_removed
  File "/opt/airflow/dags/dags_bash_operator.py", line 17
    ) as dag:
             ^
IndentationError: expected an indented block after 'with' statement on line 9
[2024-05-12T05:58:34.684+0000] {processor.py:842} WARNING - No viable dags retrieved from /opt/airflow/dags/dags_bash_operator.py
[2024-05-12T05:58:34.819+0000] {processor.py:183} INFO - Processing /opt/airflow/dags/dags_bash_operator.py took 0.340 seconds
[2024-05-12T05:59:05.270+0000] {processor.py:161} INFO - Started process (PID=10826) to work on /opt/airflow/dags/dags_bash_operator.py
[2024-05-12T05:59:05.287+0000] {processor.py:830} INFO - Processing file /opt/airflow/dags/dags_bash_operator.py for tasks to queue
[2024-05-12T05:59:05.307+0000] {logging_mixin.py:188} INFO - [2024-05-12T05:59:05.303+0000] {dagbag.py:545} INFO - Filling up the DagBag from /opt/airflow/dags/dags_bash_operator.py
[2024-05-12T05:59:05.374+0000] {logging_mixin.py:188} INFO - [2024-05-12T05:59:05.362+0000] {dagbag.py:355} ERROR - Failed to import: /opt/airflow/dags/dags_bash_operator.py
Traceback (most recent call last):
  File "/home/airflow/.local/lib/python3.12/site-packages/airflow/models/dagbag.py", line 351, in parse
    loader.exec_module(new_module)
  File "<frozen importlib._bootstrap_external>", line 991, in exec_module
  File "<frozen importlib._bootstrap_external>", line 1129, in get_code
  File "<frozen importlib._bootstrap_external>", line 1059, in source_to_code
  File "<frozen importlib._bootstrap>", line 488, in _call_with_frames_removed
  File "/opt/airflow/dags/dags_bash_operator.py", line 17
    ) as dag:
             ^
IndentationError: expected an indented block after 'with' statement on line 9
[2024-05-12T05:59:05.379+0000] {processor.py:842} WARNING - No viable dags retrieved from /opt/airflow/dags/dags_bash_operator.py
[2024-05-12T05:59:05.456+0000] {processor.py:183} INFO - Processing /opt/airflow/dags/dags_bash_operator.py took 0.212 seconds
[2024-05-12T05:59:23.418+0000] {processor.py:161} INFO - Started process (PID=10857) to work on /opt/airflow/dags/dags_bash_operator.py
[2024-05-12T05:59:23.421+0000] {processor.py:830} INFO - Processing file /opt/airflow/dags/dags_bash_operator.py for tasks to queue
[2024-05-12T05:59:23.424+0000] {logging_mixin.py:188} INFO - [2024-05-12T05:59:23.424+0000] {dagbag.py:545} INFO - Filling up the DagBag from /opt/airflow/dags/dags_bash_operator.py
[2024-05-12T05:59:23.490+0000] {processor.py:840} INFO - DAG(s) 'dags_bash_operator' retrieved from /opt/airflow/dags/dags_bash_operator.py
[2024-05-12T05:59:23.690+0000] {logging_mixin.py:188} INFO - [2024-05-12T05:59:23.690+0000] {override.py:1829} INFO - Created Permission View: can delete on DAG:dags_bash_operator
[2024-05-12T05:59:23.716+0000] {logging_mixin.py:188} INFO - [2024-05-12T05:59:23.716+0000] {override.py:1829} INFO - Created Permission View: can read on DAG:dags_bash_operator
[2024-05-12T05:59:23.725+0000] {logging_mixin.py:188} INFO - [2024-05-12T05:59:23.725+0000] {override.py:1829} INFO - Created Permission View: can edit on DAG:dags_bash_operator
[2024-05-12T05:59:23.727+0000] {logging_mixin.py:188} INFO - [2024-05-12T05:59:23.726+0000] {dag.py:3096} INFO - Sync 1 DAGs
[2024-05-12T05:59:23.738+0000] {logging_mixin.py:188} INFO - [2024-05-12T05:59:23.738+0000] {dag.py:3118} INFO - Creating ORM DAG for dags_bash_operator
[2024-05-12T05:59:23.749+0000] {logging_mixin.py:188} INFO - [2024-05-12T05:59:23.749+0000] {dag.py:3954} INFO - Setting next_dagrun for dags_bash_operator to 2024-05-10 15:00:00+00:00, run_after=2024-05-11 15:00:00+00:00
[2024-05-12T05:59:23.781+0000] {processor.py:183} INFO - Processing /opt/airflow/dags/dags_bash_operator.py took 0.370 seconds
[2024-05-12T05:59:54.480+0000] {processor.py:161} INFO - Started process (PID=10916) to work on /opt/airflow/dags/dags_bash_operator.py
[2024-05-12T05:59:54.486+0000] {processor.py:830} INFO - Processing file /opt/airflow/dags/dags_bash_operator.py for tasks to queue
[2024-05-12T05:59:54.494+0000] {logging_mixin.py:188} INFO - [2024-05-12T05:59:54.493+0000] {dagbag.py:545} INFO - Filling up the DagBag from /opt/airflow/dags/dags_bash_operator.py
[2024-05-12T05:59:54.566+0000] {processor.py:840} INFO - DAG(s) 'dags_bash_operator' retrieved from /opt/airflow/dags/dags_bash_operator.py
[2024-05-12T05:59:54.603+0000] {logging_mixin.py:188} INFO - [2024-05-12T05:59:54.602+0000] {dag.py:3096} INFO - Sync 1 DAGs
[2024-05-12T05:59:54.631+0000] {logging_mixin.py:188} INFO - [2024-05-12T05:59:54.631+0000] {dag.py:3954} INFO - Setting next_dagrun for dags_bash_operator to 2024-05-10 15:00:00+00:00, run_after=2024-05-11 15:00:00+00:00
[2024-05-12T05:59:54.656+0000] {processor.py:183} INFO - Processing /opt/airflow/dags/dags_bash_operator.py took 0.195 seconds
[2024-05-12T06:00:25.424+0000] {processor.py:161} INFO - Started process (PID=10974) to work on /opt/airflow/dags/dags_bash_operator.py
[2024-05-12T06:00:25.426+0000] {processor.py:830} INFO - Processing file /opt/airflow/dags/dags_bash_operator.py for tasks to queue
[2024-05-12T06:00:25.428+0000] {logging_mixin.py:188} INFO - [2024-05-12T06:00:25.428+0000] {dagbag.py:545} INFO - Filling up the DagBag from /opt/airflow/dags/dags_bash_operator.py
[2024-05-12T06:00:25.447+0000] {processor.py:840} INFO - DAG(s) 'dags_bash_operator' retrieved from /opt/airflow/dags/dags_bash_operator.py
[2024-05-12T06:00:25.467+0000] {logging_mixin.py:188} INFO - [2024-05-12T06:00:25.467+0000] {dag.py:3096} INFO - Sync 1 DAGs
[2024-05-12T06:00:25.489+0000] {logging_mixin.py:188} INFO - [2024-05-12T06:00:25.489+0000] {dag.py:3954} INFO - Setting next_dagrun for dags_bash_operator to 2024-05-10 15:00:00+00:00, run_after=2024-05-11 15:00:00+00:00
[2024-05-12T06:00:25.506+0000] {processor.py:183} INFO - Processing /opt/airflow/dags/dags_bash_operator.py took 0.089 seconds
[2024-05-12T06:00:55.574+0000] {processor.py:161} INFO - Started process (PID=11033) to work on /opt/airflow/dags/dags_bash_operator.py
[2024-05-12T06:00:55.577+0000] {processor.py:830} INFO - Processing file /opt/airflow/dags/dags_bash_operator.py for tasks to queue
[2024-05-12T06:00:55.580+0000] {logging_mixin.py:188} INFO - [2024-05-12T06:00:55.579+0000] {dagbag.py:545} INFO - Filling up the DagBag from /opt/airflow/dags/dags_bash_operator.py
[2024-05-12T06:00:55.596+0000] {processor.py:840} INFO - DAG(s) 'dags_bash_operator' retrieved from /opt/airflow/dags/dags_bash_operator.py
[2024-05-12T06:00:55.619+0000] {logging_mixin.py:188} INFO - [2024-05-12T06:00:55.618+0000] {dag.py:3096} INFO - Sync 1 DAGs
[2024-05-12T06:00:55.643+0000] {logging_mixin.py:188} INFO - [2024-05-12T06:00:55.643+0000] {dag.py:3954} INFO - Setting next_dagrun for dags_bash_operator to 2024-05-10 15:00:00+00:00, run_after=2024-05-11 15:00:00+00:00
[2024-05-12T06:00:55.663+0000] {processor.py:183} INFO - Processing /opt/airflow/dags/dags_bash_operator.py took 0.095 seconds
[2024-05-12T06:01:26.162+0000] {processor.py:161} INFO - Started process (PID=11090) to work on /opt/airflow/dags/dags_bash_operator.py
[2024-05-12T06:01:26.175+0000] {processor.py:830} INFO - Processing file /opt/airflow/dags/dags_bash_operator.py for tasks to queue
[2024-05-12T06:01:26.183+0000] {logging_mixin.py:188} INFO - [2024-05-12T06:01:26.179+0000] {dagbag.py:545} INFO - Filling up the DagBag from /opt/airflow/dags/dags_bash_operator.py
[2024-05-12T06:01:26.360+0000] {processor.py:840} INFO - DAG(s) 'dags_bash_operator' retrieved from /opt/airflow/dags/dags_bash_operator.py
[2024-05-12T06:01:26.498+0000] {logging_mixin.py:188} INFO - [2024-05-12T06:01:26.497+0000] {dag.py:3096} INFO - Sync 1 DAGs
[2024-05-12T06:01:26.613+0000] {logging_mixin.py:188} INFO - [2024-05-12T06:01:26.612+0000] {dag.py:3954} INFO - Setting next_dagrun for dags_bash_operator to 2024-05-10 15:00:00+00:00, run_after=2024-05-11 15:00:00+00:00
[2024-05-12T06:01:28.489+0000] {processor.py:183} INFO - Processing /opt/airflow/dags/dags_bash_operator.py took 2.486 seconds
[2024-05-12T06:01:59.111+0000] {processor.py:161} INFO - Started process (PID=11149) to work on /opt/airflow/dags/dags_bash_operator.py
[2024-05-12T06:01:59.119+0000] {processor.py:830} INFO - Processing file /opt/airflow/dags/dags_bash_operator.py for tasks to queue
[2024-05-12T06:01:59.125+0000] {logging_mixin.py:188} INFO - [2024-05-12T06:01:59.123+0000] {dagbag.py:545} INFO - Filling up the DagBag from /opt/airflow/dags/dags_bash_operator.py
[2024-05-12T06:01:59.191+0000] {processor.py:840} INFO - DAG(s) 'dags_bash_operator' retrieved from /opt/airflow/dags/dags_bash_operator.py
[2024-05-12T06:01:59.305+0000] {logging_mixin.py:188} INFO - [2024-05-12T06:01:59.305+0000] {dag.py:3096} INFO - Sync 1 DAGs
[2024-05-12T06:01:59.371+0000] {logging_mixin.py:188} INFO - [2024-05-12T06:01:59.371+0000] {dag.py:3954} INFO - Setting next_dagrun for dags_bash_operator to 2024-05-10 15:00:00+00:00, run_after=2024-05-11 15:00:00+00:00
[2024-05-12T06:01:59.412+0000] {processor.py:183} INFO - Processing /opt/airflow/dags/dags_bash_operator.py took 0.330 seconds
[2024-05-12T06:02:31.134+0000] {processor.py:161} INFO - Started process (PID=11208) to work on /opt/airflow/dags/dags_bash_operator.py
[2024-05-12T06:02:31.146+0000] {processor.py:830} INFO - Processing file /opt/airflow/dags/dags_bash_operator.py for tasks to queue
[2024-05-12T06:02:31.151+0000] {logging_mixin.py:188} INFO - [2024-05-12T06:02:31.150+0000] {dagbag.py:545} INFO - Filling up the DagBag from /opt/airflow/dags/dags_bash_operator.py
[2024-05-12T06:02:31.212+0000] {processor.py:840} INFO - DAG(s) 'dags_bash_operator' retrieved from /opt/airflow/dags/dags_bash_operator.py
[2024-05-12T06:02:31.284+0000] {logging_mixin.py:188} INFO - [2024-05-12T06:02:31.284+0000] {dag.py:3096} INFO - Sync 1 DAGs
[2024-05-12T06:02:31.362+0000] {logging_mixin.py:188} INFO - [2024-05-12T06:02:31.361+0000] {dag.py:3954} INFO - Setting next_dagrun for dags_bash_operator to 2024-05-10 15:00:00+00:00, run_after=2024-05-11 15:00:00+00:00
[2024-05-12T06:02:31.454+0000] {processor.py:183} INFO - Processing /opt/airflow/dags/dags_bash_operator.py took 0.347 seconds
[2024-05-12T06:03:01.805+0000] {processor.py:161} INFO - Started process (PID=11266) to work on /opt/airflow/dags/dags_bash_operator.py
[2024-05-12T06:03:01.813+0000] {processor.py:830} INFO - Processing file /opt/airflow/dags/dags_bash_operator.py for tasks to queue
[2024-05-12T06:03:01.822+0000] {logging_mixin.py:188} INFO - [2024-05-12T06:03:01.820+0000] {dagbag.py:545} INFO - Filling up the DagBag from /opt/airflow/dags/dags_bash_operator.py
[2024-05-12T06:03:01.932+0000] {processor.py:840} INFO - DAG(s) 'dags_bash_operator' retrieved from /opt/airflow/dags/dags_bash_operator.py
[2024-05-12T06:03:02.071+0000] {logging_mixin.py:188} INFO - [2024-05-12T06:03:02.071+0000] {dag.py:3096} INFO - Sync 1 DAGs
[2024-05-12T06:03:02.201+0000] {logging_mixin.py:188} INFO - [2024-05-12T06:03:02.200+0000] {dag.py:3954} INFO - Setting next_dagrun for dags_bash_operator to 2024-05-10 15:00:00+00:00, run_after=2024-05-11 15:00:00+00:00
[2024-05-12T06:03:02.303+0000] {processor.py:183} INFO - Processing /opt/airflow/dags/dags_bash_operator.py took 0.543 seconds
[2024-05-12T06:03:37.160+0000] {processor.py:161} INFO - Started process (PID=11323) to work on /opt/airflow/dags/dags_bash_operator.py
[2024-05-12T06:03:37.171+0000] {processor.py:830} INFO - Processing file /opt/airflow/dags/dags_bash_operator.py for tasks to queue
[2024-05-12T06:03:37.181+0000] {logging_mixin.py:188} INFO - [2024-05-12T06:03:37.179+0000] {dagbag.py:545} INFO - Filling up the DagBag from /opt/airflow/dags/dags_bash_operator.py
[2024-05-12T06:03:37.243+0000] {processor.py:840} INFO - DAG(s) 'dags_bash_operator' retrieved from /opt/airflow/dags/dags_bash_operator.py
[2024-05-12T06:03:37.358+0000] {logging_mixin.py:188} INFO - [2024-05-12T06:03:37.356+0000] {dag.py:3096} INFO - Sync 1 DAGs
[2024-05-12T06:03:37.580+0000] {logging_mixin.py:188} INFO - [2024-05-12T06:03:37.577+0000] {dag.py:3954} INFO - Setting next_dagrun for dags_bash_operator to 2024-05-10 15:00:00+00:00, run_after=2024-05-11 15:00:00+00:00
[2024-05-12T06:03:37.690+0000] {processor.py:183} INFO - Processing /opt/airflow/dags/dags_bash_operator.py took 0.604 seconds
[2024-05-12T06:03:55.762+0000] {processor.py:161} INFO - Started process (PID=11362) to work on /opt/airflow/dags/dags_bash_operator.py
[2024-05-12T06:03:55.767+0000] {processor.py:830} INFO - Processing file /opt/airflow/dags/dags_bash_operator.py for tasks to queue
[2024-05-12T06:03:55.770+0000] {logging_mixin.py:188} INFO - [2024-05-12T06:03:55.769+0000] {dagbag.py:545} INFO - Filling up the DagBag from /opt/airflow/dags/dags_bash_operator.py
[2024-05-12T06:03:55.855+0000] {processor.py:840} INFO - DAG(s) 'dags_bash_operator' retrieved from /opt/airflow/dags/dags_bash_operator.py
[2024-05-12T06:03:56.173+0000] {logging_mixin.py:188} INFO - [2024-05-12T06:03:56.172+0000] {dag.py:3096} INFO - Sync 1 DAGs
[2024-05-12T06:03:56.242+0000] {logging_mixin.py:188} INFO - [2024-05-12T06:03:56.242+0000] {dag.py:3954} INFO - Setting next_dagrun for dags_bash_operator to 2024-05-10 15:00:00+00:00, run_after=2024-05-11 15:00:00+00:00
[2024-05-12T06:03:56.308+0000] {processor.py:183} INFO - Processing /opt/airflow/dags/dags_bash_operator.py took 0.565 seconds
[2024-05-12T06:04:27.180+0000] {processor.py:161} INFO - Started process (PID=11420) to work on /opt/airflow/dags/dags_bash_operator.py
[2024-05-12T06:04:27.186+0000] {processor.py:830} INFO - Processing file /opt/airflow/dags/dags_bash_operator.py for tasks to queue
[2024-05-12T06:04:27.190+0000] {logging_mixin.py:188} INFO - [2024-05-12T06:04:27.189+0000] {dagbag.py:545} INFO - Filling up the DagBag from /opt/airflow/dags/dags_bash_operator.py
[2024-05-12T06:04:27.255+0000] {processor.py:840} INFO - DAG(s) 'dags_bash_operator' retrieved from /opt/airflow/dags/dags_bash_operator.py
[2024-05-12T06:04:27.361+0000] {logging_mixin.py:188} INFO - [2024-05-12T06:04:27.361+0000] {dag.py:3096} INFO - Sync 1 DAGs
[2024-05-12T06:04:27.409+0000] {logging_mixin.py:188} INFO - [2024-05-12T06:04:27.409+0000] {dag.py:3954} INFO - Setting next_dagrun for dags_bash_operator to 2024-05-10 15:00:00+00:00, run_after=2024-05-11 15:00:00+00:00
[2024-05-12T06:04:27.466+0000] {processor.py:183} INFO - Processing /opt/airflow/dags/dags_bash_operator.py took 0.306 seconds
[2024-05-12T06:04:58.461+0000] {processor.py:161} INFO - Started process (PID=11479) to work on /opt/airflow/dags/dags_bash_operator.py
[2024-05-12T06:04:58.475+0000] {processor.py:830} INFO - Processing file /opt/airflow/dags/dags_bash_operator.py for tasks to queue
[2024-05-12T06:04:58.489+0000] {logging_mixin.py:188} INFO - [2024-05-12T06:04:58.484+0000] {dagbag.py:545} INFO - Filling up the DagBag from /opt/airflow/dags/dags_bash_operator.py
[2024-05-12T06:04:58.548+0000] {processor.py:840} INFO - DAG(s) 'dags_bash_operator' retrieved from /opt/airflow/dags/dags_bash_operator.py
[2024-05-12T06:04:58.658+0000] {logging_mixin.py:188} INFO - [2024-05-12T06:04:58.658+0000] {dag.py:3096} INFO - Sync 1 DAGs
[2024-05-12T06:04:58.712+0000] {logging_mixin.py:188} INFO - [2024-05-12T06:04:58.712+0000] {dag.py:3954} INFO - Setting next_dagrun for dags_bash_operator to 2024-05-10 15:00:00+00:00, run_after=2024-05-11 15:00:00+00:00
[2024-05-12T06:04:58.744+0000] {processor.py:183} INFO - Processing /opt/airflow/dags/dags_bash_operator.py took 0.320 seconds
[2024-05-12T06:05:29.022+0000] {processor.py:161} INFO - Started process (PID=11537) to work on /opt/airflow/dags/dags_bash_operator.py
[2024-05-12T06:05:29.031+0000] {processor.py:830} INFO - Processing file /opt/airflow/dags/dags_bash_operator.py for tasks to queue
[2024-05-12T06:05:29.038+0000] {logging_mixin.py:188} INFO - [2024-05-12T06:05:29.037+0000] {dagbag.py:545} INFO - Filling up the DagBag from /opt/airflow/dags/dags_bash_operator.py
[2024-05-12T06:05:29.186+0000] {processor.py:840} INFO - DAG(s) 'dags_bash_operator' retrieved from /opt/airflow/dags/dags_bash_operator.py
[2024-05-12T06:05:29.469+0000] {logging_mixin.py:188} INFO - [2024-05-12T06:05:29.468+0000] {dag.py:3096} INFO - Sync 1 DAGs
[2024-05-12T06:05:29.625+0000] {logging_mixin.py:188} INFO - [2024-05-12T06:05:29.621+0000] {dag.py:3954} INFO - Setting next_dagrun for dags_bash_operator to 2024-05-10 15:00:00+00:00, run_after=2024-05-11 15:00:00+00:00
[2024-05-12T06:05:29.736+0000] {processor.py:183} INFO - Processing /opt/airflow/dags/dags_bash_operator.py took 0.736 seconds
[2024-05-12T06:06:00.746+0000] {processor.py:161} INFO - Started process (PID=11596) to work on /opt/airflow/dags/dags_bash_operator.py
[2024-05-12T06:06:00.761+0000] {processor.py:830} INFO - Processing file /opt/airflow/dags/dags_bash_operator.py for tasks to queue
[2024-05-12T06:06:00.778+0000] {logging_mixin.py:188} INFO - [2024-05-12T06:06:00.774+0000] {dagbag.py:545} INFO - Filling up the DagBag from /opt/airflow/dags/dags_bash_operator.py
[2024-05-12T06:06:00.927+0000] {processor.py:840} INFO - DAG(s) 'dags_bash_operator' retrieved from /opt/airflow/dags/dags_bash_operator.py
[2024-05-12T06:06:01.124+0000] {logging_mixin.py:188} INFO - [2024-05-12T06:06:01.122+0000] {dag.py:3096} INFO - Sync 1 DAGs
[2024-05-12T06:06:01.216+0000] {logging_mixin.py:188} INFO - [2024-05-12T06:06:01.216+0000] {dag.py:3954} INFO - Setting next_dagrun for dags_bash_operator to 2024-05-10 15:00:00+00:00, run_after=2024-05-11 15:00:00+00:00
[2024-05-12T06:06:01.289+0000] {processor.py:183} INFO - Processing /opt/airflow/dags/dags_bash_operator.py took 0.585 seconds
[2024-05-12T06:06:31.956+0000] {processor.py:161} INFO - Started process (PID=11655) to work on /opt/airflow/dags/dags_bash_operator.py
[2024-05-12T06:06:31.961+0000] {processor.py:830} INFO - Processing file /opt/airflow/dags/dags_bash_operator.py for tasks to queue
[2024-05-12T06:06:31.966+0000] {logging_mixin.py:188} INFO - [2024-05-12T06:06:31.964+0000] {dagbag.py:545} INFO - Filling up the DagBag from /opt/airflow/dags/dags_bash_operator.py
[2024-05-12T06:06:31.998+0000] {processor.py:840} INFO - DAG(s) 'dags_bash_operator' retrieved from /opt/airflow/dags/dags_bash_operator.py
[2024-05-12T06:06:32.035+0000] {logging_mixin.py:188} INFO - [2024-05-12T06:06:32.035+0000] {dag.py:3096} INFO - Sync 1 DAGs
[2024-05-12T06:06:32.069+0000] {logging_mixin.py:188} INFO - [2024-05-12T06:06:32.069+0000] {dag.py:3954} INFO - Setting next_dagrun for dags_bash_operator to 2024-05-10 15:00:00+00:00, run_after=2024-05-11 15:00:00+00:00
[2024-05-12T06:06:32.093+0000] {processor.py:183} INFO - Processing /opt/airflow/dags/dags_bash_operator.py took 0.152 seconds
[2024-05-12T06:07:02.315+0000] {processor.py:161} INFO - Started process (PID=11714) to work on /opt/airflow/dags/dags_bash_operator.py
[2024-05-12T06:07:02.319+0000] {processor.py:830} INFO - Processing file /opt/airflow/dags/dags_bash_operator.py for tasks to queue
[2024-05-12T06:07:02.322+0000] {logging_mixin.py:188} INFO - [2024-05-12T06:07:02.321+0000] {dagbag.py:545} INFO - Filling up the DagBag from /opt/airflow/dags/dags_bash_operator.py
[2024-05-12T06:07:02.345+0000] {processor.py:840} INFO - DAG(s) 'dags_bash_operator' retrieved from /opt/airflow/dags/dags_bash_operator.py
[2024-05-12T06:07:02.380+0000] {logging_mixin.py:188} INFO - [2024-05-12T06:07:02.379+0000] {dag.py:3096} INFO - Sync 1 DAGs
[2024-05-12T06:07:02.411+0000] {logging_mixin.py:188} INFO - [2024-05-12T06:07:02.410+0000] {dag.py:3954} INFO - Setting next_dagrun for dags_bash_operator to 2024-05-10 15:00:00+00:00, run_after=2024-05-11 15:00:00+00:00
[2024-05-12T06:07:02.445+0000] {processor.py:183} INFO - Processing /opt/airflow/dags/dags_bash_operator.py took 0.144 seconds
[2024-05-12T06:07:33.012+0000] {processor.py:161} INFO - Started process (PID=11772) to work on /opt/airflow/dags/dags_bash_operator.py
[2024-05-12T06:07:33.015+0000] {processor.py:830} INFO - Processing file /opt/airflow/dags/dags_bash_operator.py for tasks to queue
[2024-05-12T06:07:33.018+0000] {logging_mixin.py:188} INFO - [2024-05-12T06:07:33.017+0000] {dagbag.py:545} INFO - Filling up the DagBag from /opt/airflow/dags/dags_bash_operator.py
[2024-05-12T06:07:33.039+0000] {processor.py:840} INFO - DAG(s) 'dags_bash_operator' retrieved from /opt/airflow/dags/dags_bash_operator.py
[2024-05-12T06:07:33.076+0000] {logging_mixin.py:188} INFO - [2024-05-12T06:07:33.076+0000] {dag.py:3096} INFO - Sync 1 DAGs
[2024-05-12T06:07:33.113+0000] {logging_mixin.py:188} INFO - [2024-05-12T06:07:33.113+0000] {dag.py:3954} INFO - Setting next_dagrun for dags_bash_operator to 2024-05-10 15:00:00+00:00, run_after=2024-05-11 15:00:00+00:00
[2024-05-12T06:07:33.137+0000] {processor.py:183} INFO - Processing /opt/airflow/dags/dags_bash_operator.py took 0.132 seconds
[2024-05-12T06:08:03.411+0000] {processor.py:161} INFO - Started process (PID=11831) to work on /opt/airflow/dags/dags_bash_operator.py
[2024-05-12T06:08:03.415+0000] {processor.py:830} INFO - Processing file /opt/airflow/dags/dags_bash_operator.py for tasks to queue
[2024-05-12T06:08:03.419+0000] {logging_mixin.py:188} INFO - [2024-05-12T06:08:03.418+0000] {dagbag.py:545} INFO - Filling up the DagBag from /opt/airflow/dags/dags_bash_operator.py
[2024-05-12T06:08:03.447+0000] {processor.py:840} INFO - DAG(s) 'dags_bash_operator' retrieved from /opt/airflow/dags/dags_bash_operator.py
[2024-05-12T06:08:03.475+0000] {logging_mixin.py:188} INFO - [2024-05-12T06:08:03.475+0000] {dag.py:3096} INFO - Sync 1 DAGs
[2024-05-12T06:08:03.500+0000] {logging_mixin.py:188} INFO - [2024-05-12T06:08:03.500+0000] {dag.py:3954} INFO - Setting next_dagrun for dags_bash_operator to 2024-05-10 15:00:00+00:00, run_after=2024-05-11 15:00:00+00:00
[2024-05-12T06:08:03.520+0000] {processor.py:183} INFO - Processing /opt/airflow/dags/dags_bash_operator.py took 0.118 seconds
[2024-05-12T06:08:33.950+0000] {processor.py:161} INFO - Started process (PID=11890) to work on /opt/airflow/dags/dags_bash_operator.py
[2024-05-12T06:08:33.956+0000] {processor.py:830} INFO - Processing file /opt/airflow/dags/dags_bash_operator.py for tasks to queue
[2024-05-12T06:08:33.966+0000] {logging_mixin.py:188} INFO - [2024-05-12T06:08:33.965+0000] {dagbag.py:545} INFO - Filling up the DagBag from /opt/airflow/dags/dags_bash_operator.py
[2024-05-12T06:08:34.045+0000] {processor.py:840} INFO - DAG(s) 'dags_bash_operator' retrieved from /opt/airflow/dags/dags_bash_operator.py
[2024-05-12T06:08:34.223+0000] {logging_mixin.py:188} INFO - [2024-05-12T06:08:34.222+0000] {dag.py:3096} INFO - Sync 1 DAGs
[2024-05-12T06:08:34.313+0000] {logging_mixin.py:188} INFO - [2024-05-12T06:08:34.313+0000] {dag.py:3954} INFO - Setting next_dagrun for dags_bash_operator to 2024-05-10 15:00:00+00:00, run_after=2024-05-11 15:00:00+00:00
[2024-05-12T06:08:34.390+0000] {processor.py:183} INFO - Processing /opt/airflow/dags/dags_bash_operator.py took 0.461 seconds
[2024-05-12T06:09:04.797+0000] {processor.py:161} INFO - Started process (PID=11947) to work on /opt/airflow/dags/dags_bash_operator.py
[2024-05-12T06:09:04.801+0000] {processor.py:830} INFO - Processing file /opt/airflow/dags/dags_bash_operator.py for tasks to queue
[2024-05-12T06:09:04.803+0000] {logging_mixin.py:188} INFO - [2024-05-12T06:09:04.803+0000] {dagbag.py:545} INFO - Filling up the DagBag from /opt/airflow/dags/dags_bash_operator.py
[2024-05-12T06:09:04.832+0000] {processor.py:840} INFO - DAG(s) 'dags_bash_operator' retrieved from /opt/airflow/dags/dags_bash_operator.py
[2024-05-12T06:09:04.856+0000] {logging_mixin.py:188} INFO - [2024-05-12T06:09:04.856+0000] {dag.py:3096} INFO - Sync 1 DAGs
[2024-05-12T06:09:04.882+0000] {logging_mixin.py:188} INFO - [2024-05-12T06:09:04.882+0000] {dag.py:3954} INFO - Setting next_dagrun for dags_bash_operator to 2024-05-10 15:00:00+00:00, run_after=2024-05-11 15:00:00+00:00
[2024-05-12T06:09:04.904+0000] {processor.py:183} INFO - Processing /opt/airflow/dags/dags_bash_operator.py took 0.112 seconds
[2024-05-12T06:09:35.521+0000] {processor.py:161} INFO - Started process (PID=12005) to work on /opt/airflow/dags/dags_bash_operator.py
[2024-05-12T06:09:35.526+0000] {processor.py:830} INFO - Processing file /opt/airflow/dags/dags_bash_operator.py for tasks to queue
[2024-05-12T06:09:35.528+0000] {logging_mixin.py:188} INFO - [2024-05-12T06:09:35.528+0000] {dagbag.py:545} INFO - Filling up the DagBag from /opt/airflow/dags/dags_bash_operator.py
[2024-05-12T06:09:35.549+0000] {processor.py:840} INFO - DAG(s) 'dags_bash_operator' retrieved from /opt/airflow/dags/dags_bash_operator.py
[2024-05-12T06:09:35.578+0000] {logging_mixin.py:188} INFO - [2024-05-12T06:09:35.578+0000] {dag.py:3096} INFO - Sync 1 DAGs
[2024-05-12T06:09:35.597+0000] {logging_mixin.py:188} INFO - [2024-05-12T06:09:35.597+0000] {dag.py:3954} INFO - Setting next_dagrun for dags_bash_operator to 2024-05-10 15:00:00+00:00, run_after=2024-05-11 15:00:00+00:00
[2024-05-12T06:09:35.616+0000] {processor.py:183} INFO - Processing /opt/airflow/dags/dags_bash_operator.py took 0.101 seconds
[2024-05-12T06:10:06.094+0000] {processor.py:161} INFO - Started process (PID=12064) to work on /opt/airflow/dags/dags_bash_operator.py
[2024-05-12T06:10:06.098+0000] {processor.py:830} INFO - Processing file /opt/airflow/dags/dags_bash_operator.py for tasks to queue
[2024-05-12T06:10:06.100+0000] {logging_mixin.py:188} INFO - [2024-05-12T06:10:06.100+0000] {dagbag.py:545} INFO - Filling up the DagBag from /opt/airflow/dags/dags_bash_operator.py
[2024-05-12T06:10:06.116+0000] {processor.py:840} INFO - DAG(s) 'dags_bash_operator' retrieved from /opt/airflow/dags/dags_bash_operator.py
[2024-05-12T06:10:06.140+0000] {logging_mixin.py:188} INFO - [2024-05-12T06:10:06.140+0000] {dag.py:3096} INFO - Sync 1 DAGs
[2024-05-12T06:10:06.162+0000] {logging_mixin.py:188} INFO - [2024-05-12T06:10:06.162+0000] {dag.py:3954} INFO - Setting next_dagrun for dags_bash_operator to 2024-05-10 15:00:00+00:00, run_after=2024-05-11 15:00:00+00:00
[2024-05-12T06:10:06.178+0000] {processor.py:183} INFO - Processing /opt/airflow/dags/dags_bash_operator.py took 0.089 seconds
[2024-05-12T06:10:36.977+0000] {processor.py:161} INFO - Started process (PID=12123) to work on /opt/airflow/dags/dags_bash_operator.py
[2024-05-12T06:10:36.981+0000] {processor.py:830} INFO - Processing file /opt/airflow/dags/dags_bash_operator.py for tasks to queue
[2024-05-12T06:10:36.984+0000] {logging_mixin.py:188} INFO - [2024-05-12T06:10:36.984+0000] {dagbag.py:545} INFO - Filling up the DagBag from /opt/airflow/dags/dags_bash_operator.py
[2024-05-12T06:10:37.005+0000] {processor.py:840} INFO - DAG(s) 'dags_bash_operator' retrieved from /opt/airflow/dags/dags_bash_operator.py
[2024-05-12T06:10:37.033+0000] {logging_mixin.py:188} INFO - [2024-05-12T06:10:37.033+0000] {dag.py:3096} INFO - Sync 1 DAGs
[2024-05-12T06:10:37.066+0000] {logging_mixin.py:188} INFO - [2024-05-12T06:10:37.065+0000] {dag.py:3954} INFO - Setting next_dagrun for dags_bash_operator to 2024-05-10 15:00:00+00:00, run_after=2024-05-11 15:00:00+00:00
[2024-05-12T06:10:37.089+0000] {processor.py:183} INFO - Processing /opt/airflow/dags/dags_bash_operator.py took 0.117 seconds
[2024-05-12T06:11:10.540+0000] {processor.py:161} INFO - Started process (PID=12180) to work on /opt/airflow/dags/dags_bash_operator.py
[2024-05-12T06:11:10.553+0000] {processor.py:830} INFO - Processing file /opt/airflow/dags/dags_bash_operator.py for tasks to queue
[2024-05-12T06:11:10.560+0000] {logging_mixin.py:188} INFO - [2024-05-12T06:11:10.559+0000] {dagbag.py:545} INFO - Filling up the DagBag from /opt/airflow/dags/dags_bash_operator.py
[2024-05-12T06:11:10.663+0000] {processor.py:840} INFO - DAG(s) 'dags_bash_operator' retrieved from /opt/airflow/dags/dags_bash_operator.py
[2024-05-12T06:11:10.883+0000] {logging_mixin.py:188} INFO - [2024-05-12T06:11:10.881+0000] {dag.py:3096} INFO - Sync 1 DAGs
[2024-05-12T06:11:11.017+0000] {logging_mixin.py:188} INFO - [2024-05-12T06:11:11.017+0000] {dag.py:3954} INFO - Setting next_dagrun for dags_bash_operator to 2024-05-10 15:00:00+00:00, run_after=2024-05-11 15:00:00+00:00
[2024-05-12T06:11:11.106+0000] {processor.py:183} INFO - Processing /opt/airflow/dags/dags_bash_operator.py took 0.585 seconds
[2024-05-12T06:11:41.829+0000] {processor.py:161} INFO - Started process (PID=12238) to work on /opt/airflow/dags/dags_bash_operator.py
[2024-05-12T06:11:41.837+0000] {processor.py:830} INFO - Processing file /opt/airflow/dags/dags_bash_operator.py for tasks to queue
[2024-05-12T06:11:41.870+0000] {logging_mixin.py:188} INFO - [2024-05-12T06:11:41.869+0000] {dagbag.py:545} INFO - Filling up the DagBag from /opt/airflow/dags/dags_bash_operator.py
[2024-05-12T06:11:41.972+0000] {processor.py:840} INFO - DAG(s) 'dags_bash_operator' retrieved from /opt/airflow/dags/dags_bash_operator.py
[2024-05-12T06:11:42.085+0000] {logging_mixin.py:188} INFO - [2024-05-12T06:11:42.085+0000] {dag.py:3096} INFO - Sync 1 DAGs
[2024-05-12T06:11:42.176+0000] {logging_mixin.py:188} INFO - [2024-05-12T06:11:42.175+0000] {dag.py:3954} INFO - Setting next_dagrun for dags_bash_operator to 2024-05-10 15:00:00+00:00, run_after=2024-05-11 15:00:00+00:00
[2024-05-12T06:11:42.374+0000] {processor.py:183} INFO - Processing /opt/airflow/dags/dags_bash_operator.py took 0.557 seconds
[2024-05-12T06:12:12.596+0000] {processor.py:161} INFO - Started process (PID=12296) to work on /opt/airflow/dags/dags_bash_operator.py
[2024-05-12T06:12:12.605+0000] {processor.py:830} INFO - Processing file /opt/airflow/dags/dags_bash_operator.py for tasks to queue
[2024-05-12T06:12:12.612+0000] {logging_mixin.py:188} INFO - [2024-05-12T06:12:12.611+0000] {dagbag.py:545} INFO - Filling up the DagBag from /opt/airflow/dags/dags_bash_operator.py
[2024-05-12T06:12:12.734+0000] {processor.py:840} INFO - DAG(s) 'dags_bash_operator' retrieved from /opt/airflow/dags/dags_bash_operator.py
[2024-05-12T06:12:12.856+0000] {logging_mixin.py:188} INFO - [2024-05-12T06:12:12.854+0000] {dag.py:3096} INFO - Sync 1 DAGs
[2024-05-12T06:12:12.987+0000] {logging_mixin.py:188} INFO - [2024-05-12T06:12:12.984+0000] {dag.py:3954} INFO - Setting next_dagrun for dags_bash_operator to 2024-05-10 15:00:00+00:00, run_after=2024-05-11 15:00:00+00:00
[2024-05-12T06:12:13.069+0000] {processor.py:183} INFO - Processing /opt/airflow/dags/dags_bash_operator.py took 0.490 seconds
[2024-05-12T06:12:43.192+0000] {processor.py:161} INFO - Started process (PID=12351) to work on /opt/airflow/dags/dags_bash_operator.py
[2024-05-12T06:12:43.195+0000] {processor.py:830} INFO - Processing file /opt/airflow/dags/dags_bash_operator.py for tasks to queue
[2024-05-12T06:12:43.198+0000] {logging_mixin.py:188} INFO - [2024-05-12T06:12:43.197+0000] {dagbag.py:545} INFO - Filling up the DagBag from /opt/airflow/dags/dags_bash_operator.py
[2024-05-12T06:12:43.215+0000] {processor.py:840} INFO - DAG(s) 'dags_bash_operator' retrieved from /opt/airflow/dags/dags_bash_operator.py
[2024-05-12T06:12:43.238+0000] {logging_mixin.py:188} INFO - [2024-05-12T06:12:43.238+0000] {dag.py:3096} INFO - Sync 1 DAGs
[2024-05-12T06:12:43.259+0000] {logging_mixin.py:188} INFO - [2024-05-12T06:12:43.259+0000] {dag.py:3954} INFO - Setting next_dagrun for dags_bash_operator to 2024-05-10 15:00:00+00:00, run_after=2024-05-11 15:00:00+00:00
[2024-05-12T06:12:43.276+0000] {processor.py:183} INFO - Processing /opt/airflow/dags/dags_bash_operator.py took 0.094 seconds
[2024-05-12T06:13:13.630+0000] {processor.py:161} INFO - Started process (PID=12407) to work on /opt/airflow/dags/dags_bash_operator.py
[2024-05-12T06:13:13.643+0000] {processor.py:830} INFO - Processing file /opt/airflow/dags/dags_bash_operator.py for tasks to queue
[2024-05-12T06:13:13.653+0000] {logging_mixin.py:188} INFO - [2024-05-12T06:13:13.650+0000] {dagbag.py:545} INFO - Filling up the DagBag from /opt/airflow/dags/dags_bash_operator.py
[2024-05-12T06:13:13.721+0000] {processor.py:840} INFO - DAG(s) 'dags_bash_operator' retrieved from /opt/airflow/dags/dags_bash_operator.py
[2024-05-12T06:13:13.831+0000] {logging_mixin.py:188} INFO - [2024-05-12T06:13:13.830+0000] {dag.py:3096} INFO - Sync 1 DAGs
[2024-05-12T06:13:13.919+0000] {logging_mixin.py:188} INFO - [2024-05-12T06:13:13.918+0000] {dag.py:3954} INFO - Setting next_dagrun for dags_bash_operator to 2024-05-10 15:00:00+00:00, run_after=2024-05-11 15:00:00+00:00
[2024-05-12T06:13:13.969+0000] {processor.py:183} INFO - Processing /opt/airflow/dags/dags_bash_operator.py took 0.382 seconds
[2024-05-12T06:13:45.016+0000] {processor.py:161} INFO - Started process (PID=12464) to work on /opt/airflow/dags/dags_bash_operator.py
[2024-05-12T06:13:45.047+0000] {processor.py:830} INFO - Processing file /opt/airflow/dags/dags_bash_operator.py for tasks to queue
[2024-05-12T06:13:45.061+0000] {logging_mixin.py:188} INFO - [2024-05-12T06:13:45.060+0000] {dagbag.py:545} INFO - Filling up the DagBag from /opt/airflow/dags/dags_bash_operator.py
[2024-05-12T06:13:45.134+0000] {processor.py:840} INFO - DAG(s) 'dags_bash_operator' retrieved from /opt/airflow/dags/dags_bash_operator.py
[2024-05-12T06:13:45.226+0000] {logging_mixin.py:188} INFO - [2024-05-12T06:13:45.225+0000] {dag.py:3096} INFO - Sync 1 DAGs
[2024-05-12T06:13:45.273+0000] {logging_mixin.py:188} INFO - [2024-05-12T06:13:45.273+0000] {dag.py:3954} INFO - Setting next_dagrun for dags_bash_operator to 2024-05-10 15:00:00+00:00, run_after=2024-05-11 15:00:00+00:00
[2024-05-12T06:13:45.671+0000] {processor.py:183} INFO - Processing /opt/airflow/dags/dags_bash_operator.py took 0.697 seconds
[2024-05-12T06:14:16.941+0000] {processor.py:161} INFO - Started process (PID=12523) to work on /opt/airflow/dags/dags_bash_operator.py
[2024-05-12T06:14:16.951+0000] {processor.py:830} INFO - Processing file /opt/airflow/dags/dags_bash_operator.py for tasks to queue
[2024-05-12T06:14:16.962+0000] {logging_mixin.py:188} INFO - [2024-05-12T06:14:16.961+0000] {dagbag.py:545} INFO - Filling up the DagBag from /opt/airflow/dags/dags_bash_operator.py
[2024-05-12T06:14:17.018+0000] {processor.py:840} INFO - DAG(s) 'dags_bash_operator' retrieved from /opt/airflow/dags/dags_bash_operator.py
[2024-05-12T06:14:17.099+0000] {logging_mixin.py:188} INFO - [2024-05-12T06:14:17.098+0000] {dag.py:3096} INFO - Sync 1 DAGs
[2024-05-12T06:14:17.161+0000] {logging_mixin.py:188} INFO - [2024-05-12T06:14:17.161+0000] {dag.py:3954} INFO - Setting next_dagrun for dags_bash_operator to 2024-05-10 15:00:00+00:00, run_after=2024-05-11 15:00:00+00:00
[2024-05-12T06:14:17.216+0000] {processor.py:183} INFO - Processing /opt/airflow/dags/dags_bash_operator.py took 0.303 seconds
[2024-05-12T06:14:49.171+0000] {processor.py:161} INFO - Started process (PID=12581) to work on /opt/airflow/dags/dags_bash_operator.py
[2024-05-12T06:14:49.183+0000] {processor.py:830} INFO - Processing file /opt/airflow/dags/dags_bash_operator.py for tasks to queue
[2024-05-12T06:14:49.193+0000] {logging_mixin.py:188} INFO - [2024-05-12T06:14:49.189+0000] {dagbag.py:545} INFO - Filling up the DagBag from /opt/airflow/dags/dags_bash_operator.py
[2024-05-12T06:14:49.287+0000] {processor.py:840} INFO - DAG(s) 'dags_bash_operator' retrieved from /opt/airflow/dags/dags_bash_operator.py
[2024-05-12T06:14:49.430+0000] {logging_mixin.py:188} INFO - [2024-05-12T06:14:49.427+0000] {dag.py:3096} INFO - Sync 1 DAGs
[2024-05-12T06:14:49.578+0000] {logging_mixin.py:188} INFO - [2024-05-12T06:14:49.577+0000] {dag.py:3954} INFO - Setting next_dagrun for dags_bash_operator to 2024-05-10 15:00:00+00:00, run_after=2024-05-11 15:00:00+00:00
[2024-05-12T06:14:49.658+0000] {processor.py:183} INFO - Processing /opt/airflow/dags/dags_bash_operator.py took 0.523 seconds
