[2024-05-07T23:37:07.662+0000] {processor.py:161} INFO - Started process (PID=100) to work on /home/airflow/.local/lib/python3.12/site-packages/airflow/example_dags/example_setup_teardown.py
[2024-05-07T23:37:07.810+0000] {processor.py:830} INFO - Processing file /home/airflow/.local/lib/python3.12/site-packages/airflow/example_dags/example_setup_teardown.py for tasks to queue
[2024-05-07T23:37:07.937+0000] {logging_mixin.py:188} INFO - [2024-05-07T23:37:07.937+0000] {dagbag.py:545} INFO - Filling up the DagBag from /home/airflow/.local/lib/python3.12/site-packages/airflow/example_dags/example_setup_teardown.py
[2024-05-07T23:37:08.646+0000] {processor.py:840} INFO - DAG(s) 'example_setup_teardown' retrieved from /home/airflow/.local/lib/python3.12/site-packages/airflow/example_dags/example_setup_teardown.py
[2024-05-07T23:37:10.935+0000] {logging_mixin.py:188} INFO - [2024-05-07T23:37:10.934+0000] {dag.py:3096} INFO - Sync 1 DAGs
[2024-05-07T23:37:11.325+0000] {logging_mixin.py:188} INFO - [2024-05-07T23:37:11.324+0000] {dag.py:3954} INFO - Setting next_dagrun for example_setup_teardown to 2024-05-06 00:00:00+00:00, run_after=2024-05-07 00:00:00+00:00
[2024-05-07T23:37:11.706+0000] {processor.py:183} INFO - Processing /home/airflow/.local/lib/python3.12/site-packages/airflow/example_dags/example_setup_teardown.py took 4.842 seconds
[2024-05-07T23:39:34.154+0000] {processor.py:161} INFO - Started process (PID=174) to work on /home/airflow/.local/lib/python3.12/site-packages/airflow/example_dags/example_setup_teardown.py
[2024-05-07T23:39:34.487+0000] {processor.py:830} INFO - Processing file /home/airflow/.local/lib/python3.12/site-packages/airflow/example_dags/example_setup_teardown.py for tasks to queue
[2024-05-07T23:39:34.731+0000] {logging_mixin.py:188} INFO - [2024-05-07T23:39:34.706+0000] {dagbag.py:545} INFO - Filling up the DagBag from /home/airflow/.local/lib/python3.12/site-packages/airflow/example_dags/example_setup_teardown.py
[2024-05-07T23:39:37.882+0000] {processor.py:840} INFO - DAG(s) 'example_setup_teardown' retrieved from /home/airflow/.local/lib/python3.12/site-packages/airflow/example_dags/example_setup_teardown.py
[2024-05-07T23:39:38.968+0000] {logging_mixin.py:188} INFO - [2024-05-07T23:39:38.964+0000] {dag.py:3096} INFO - Sync 1 DAGs
[2024-05-07T23:39:39.390+0000] {logging_mixin.py:188} INFO - [2024-05-07T23:39:39.388+0000] {dag.py:3954} INFO - Setting next_dagrun for example_setup_teardown to 2024-05-06 00:00:00+00:00, run_after=2024-05-07 00:00:00+00:00
[2024-05-07T23:39:40.409+0000] {processor.py:183} INFO - Processing /home/airflow/.local/lib/python3.12/site-packages/airflow/example_dags/example_setup_teardown.py took 6.364 seconds
[2024-05-07T23:41:20.533+0000] {processor.py:161} INFO - Started process (PID=219) to work on /home/airflow/.local/lib/python3.12/site-packages/airflow/example_dags/example_setup_teardown.py
[2024-05-07T23:41:20.591+0000] {processor.py:830} INFO - Processing file /home/airflow/.local/lib/python3.12/site-packages/airflow/example_dags/example_setup_teardown.py for tasks to queue
[2024-05-07T23:41:20.645+0000] {logging_mixin.py:188} INFO - [2024-05-07T23:41:20.644+0000] {dagbag.py:545} INFO - Filling up the DagBag from /home/airflow/.local/lib/python3.12/site-packages/airflow/example_dags/example_setup_teardown.py
[2024-05-07T23:41:20.821+0000] {processor.py:840} INFO - DAG(s) 'example_setup_teardown' retrieved from /home/airflow/.local/lib/python3.12/site-packages/airflow/example_dags/example_setup_teardown.py
[2024-05-07T23:41:21.769+0000] {logging_mixin.py:188} INFO - [2024-05-07T23:41:21.767+0000] {dag.py:3096} INFO - Sync 1 DAGs
[2024-05-07T23:41:21.974+0000] {logging_mixin.py:188} INFO - [2024-05-07T23:41:21.974+0000] {dag.py:3954} INFO - Setting next_dagrun for example_setup_teardown to 2024-05-06 00:00:00+00:00, run_after=2024-05-07 00:00:00+00:00
[2024-05-07T23:41:22.156+0000] {processor.py:183} INFO - Processing /home/airflow/.local/lib/python3.12/site-packages/airflow/example_dags/example_setup_teardown.py took 1.669 seconds
[2024-05-07T23:59:39.166+0000] {processor.py:161} INFO - Started process (PID=298) to work on /home/airflow/.local/lib/python3.12/site-packages/airflow/example_dags/example_setup_teardown.py
[2024-05-07T23:59:39.211+0000] {processor.py:830} INFO - Processing file /home/airflow/.local/lib/python3.12/site-packages/airflow/example_dags/example_setup_teardown.py for tasks to queue
[2024-05-07T23:59:39.295+0000] {logging_mixin.py:188} INFO - [2024-05-07T23:59:39.277+0000] {dagbag.py:545} INFO - Filling up the DagBag from /home/airflow/.local/lib/python3.12/site-packages/airflow/example_dags/example_setup_teardown.py
[2024-05-07T23:59:40.421+0000] {processor.py:840} INFO - DAG(s) 'example_setup_teardown' retrieved from /home/airflow/.local/lib/python3.12/site-packages/airflow/example_dags/example_setup_teardown.py
[2024-05-07T23:59:41.405+0000] {logging_mixin.py:188} INFO - [2024-05-07T23:59:41.402+0000] {dag.py:3096} INFO - Sync 1 DAGs
[2024-05-07T23:59:44.909+0000] {logging_mixin.py:188} INFO - [2024-05-07T23:59:44.905+0000] {dag.py:3954} INFO - Setting next_dagrun for example_setup_teardown to 2024-05-06 00:00:00+00:00, run_after=2024-05-07 00:00:00+00:00
[2024-05-07T23:59:45.385+0000] {processor.py:183} INFO - Processing /home/airflow/.local/lib/python3.12/site-packages/airflow/example_dags/example_setup_teardown.py took 8.020 seconds
