[2024-05-07T23:36:51.451+0000] {processor.py:161} INFO - Started process (PID=94) to work on /home/airflow/.local/lib/python3.12/site-packages/airflow/example_dags/example_latest_only.py
[2024-05-07T23:36:51.466+0000] {processor.py:830} INFO - Processing file /home/airflow/.local/lib/python3.12/site-packages/airflow/example_dags/example_latest_only.py for tasks to queue
[2024-05-07T23:36:51.483+0000] {logging_mixin.py:188} INFO - [2024-05-07T23:36:51.481+0000] {dagbag.py:545} INFO - Filling up the DagBag from /home/airflow/.local/lib/python3.12/site-packages/airflow/example_dags/example_latest_only.py
[2024-05-07T23:36:51.623+0000] {processor.py:840} INFO - DAG(s) 'latest_only' retrieved from /home/airflow/.local/lib/python3.12/site-packages/airflow/example_dags/example_latest_only.py
[2024-05-07T23:36:54.445+0000] {logging_mixin.py:188} INFO - [2024-05-07T23:36:54.444+0000] {dag.py:3096} INFO - Sync 1 DAGs
[2024-05-07T23:36:55.599+0000] {logging_mixin.py:188} INFO - [2024-05-07T23:36:55.595+0000] {dag.py:3954} INFO - Setting next_dagrun for latest_only to 2024-05-07 16:00:00+00:00, run_after=2024-05-07 20:00:00+00:00
[2024-05-07T23:36:55.803+0000] {processor.py:183} INFO - Processing /home/airflow/.local/lib/python3.12/site-packages/airflow/example_dags/example_latest_only.py took 4.448 seconds
[2024-05-07T23:39:22.302+0000] {processor.py:161} INFO - Started process (PID=168) to work on /home/airflow/.local/lib/python3.12/site-packages/airflow/example_dags/example_latest_only.py
[2024-05-07T23:39:22.316+0000] {processor.py:830} INFO - Processing file /home/airflow/.local/lib/python3.12/site-packages/airflow/example_dags/example_latest_only.py for tasks to queue
[2024-05-07T23:39:22.347+0000] {logging_mixin.py:188} INFO - [2024-05-07T23:39:22.345+0000] {dagbag.py:545} INFO - Filling up the DagBag from /home/airflow/.local/lib/python3.12/site-packages/airflow/example_dags/example_latest_only.py
[2024-05-07T23:39:22.418+0000] {processor.py:840} INFO - DAG(s) 'latest_only' retrieved from /home/airflow/.local/lib/python3.12/site-packages/airflow/example_dags/example_latest_only.py
[2024-05-07T23:39:22.755+0000] {logging_mixin.py:188} INFO - [2024-05-07T23:39:22.752+0000] {dag.py:3096} INFO - Sync 1 DAGs
[2024-05-07T23:39:23.244+0000] {logging_mixin.py:188} INFO - [2024-05-07T23:39:23.241+0000] {dag.py:3954} INFO - Setting next_dagrun for latest_only to 2024-05-07 16:00:00+00:00, run_after=2024-05-07 20:00:00+00:00
[2024-05-07T23:39:23.515+0000] {processor.py:183} INFO - Processing /home/airflow/.local/lib/python3.12/site-packages/airflow/example_dags/example_latest_only.py took 1.272 seconds
[2024-05-07T23:40:53.924+0000] {processor.py:161} INFO - Started process (PID=213) to work on /home/airflow/.local/lib/python3.12/site-packages/airflow/example_dags/example_latest_only.py
[2024-05-07T23:40:53.964+0000] {processor.py:830} INFO - Processing file /home/airflow/.local/lib/python3.12/site-packages/airflow/example_dags/example_latest_only.py for tasks to queue
[2024-05-07T23:40:54.140+0000] {logging_mixin.py:188} INFO - [2024-05-07T23:40:54.111+0000] {dagbag.py:545} INFO - Filling up the DagBag from /home/airflow/.local/lib/python3.12/site-packages/airflow/example_dags/example_latest_only.py
[2024-05-07T23:40:54.443+0000] {processor.py:840} INFO - DAG(s) 'latest_only' retrieved from /home/airflow/.local/lib/python3.12/site-packages/airflow/example_dags/example_latest_only.py
[2024-05-07T23:40:57.847+0000] {logging_mixin.py:188} INFO - [2024-05-07T23:40:57.554+0000] {dag.py:3096} INFO - Sync 1 DAGs
[2024-05-07T23:41:02.381+0000] {logging_mixin.py:188} INFO - [2024-05-07T23:41:02.368+0000] {dag.py:3954} INFO - Setting next_dagrun for latest_only to 2024-05-07 16:00:00+00:00, run_after=2024-05-07 20:00:00+00:00
[2024-05-07T23:41:06.275+0000] {processor.py:183} INFO - Processing /home/airflow/.local/lib/python3.12/site-packages/airflow/example_dags/example_latest_only.py took 12.709 seconds
[2024-05-07T23:57:03.466+0000] {processor.py:161} INFO - Started process (PID=281) to work on /home/airflow/.local/lib/python3.12/site-packages/airflow/example_dags/example_latest_only.py
[2024-05-07T23:57:03.579+0000] {processor.py:830} INFO - Processing file /home/airflow/.local/lib/python3.12/site-packages/airflow/example_dags/example_latest_only.py for tasks to queue
[2024-05-07T23:57:03.728+0000] {logging_mixin.py:188} INFO - [2024-05-07T23:57:03.688+0000] {dagbag.py:545} INFO - Filling up the DagBag from /home/airflow/.local/lib/python3.12/site-packages/airflow/example_dags/example_latest_only.py
[2024-05-07T23:57:07.346+0000] {processor.py:840} INFO - DAG(s) 'latest_only' retrieved from /home/airflow/.local/lib/python3.12/site-packages/airflow/example_dags/example_latest_only.py
[2024-05-07T23:57:16.015+0000] {logging_mixin.py:188} INFO - [2024-05-07T23:57:15.875+0000] {dag.py:3096} INFO - Sync 1 DAGs
[2024-05-07T23:57:22.221+0000] {logging_mixin.py:188} INFO - [2024-05-07T23:57:22.142+0000] {dag.py:3954} INFO - Setting next_dagrun for latest_only to 2024-05-07 16:00:00+00:00, run_after=2024-05-07 20:00:00+00:00
[2024-05-07T23:57:33.168+0000] {processor.py:183} INFO - Processing /home/airflow/.local/lib/python3.12/site-packages/airflow/example_dags/example_latest_only.py took 30.220 seconds
