[2024-05-07T23:37:17.391+0000] {processor.py:161} INFO - Started process (PID=103) to work on /home/airflow/.local/lib/python3.12/site-packages/airflow/example_dags/example_python_operator.py
[2024-05-07T23:37:17.555+0000] {processor.py:830} INFO - Processing file /home/airflow/.local/lib/python3.12/site-packages/airflow/example_dags/example_python_operator.py for tasks to queue
[2024-05-07T23:37:17.712+0000] {logging_mixin.py:188} INFO - [2024-05-07T23:37:17.683+0000] {dagbag.py:545} INFO - Filling up the DagBag from /home/airflow/.local/lib/python3.12/site-packages/airflow/example_dags/example_python_operator.py
[2024-05-07T23:37:38.103+0000] {processor.py:840} INFO - DAG(s) 'example_python_operator' retrieved from /home/airflow/.local/lib/python3.12/site-packages/airflow/example_dags/example_python_operator.py
[2024-05-07T23:37:47.133+0000] {logging_mixin.py:188} INFO - [2024-05-07T23:37:47.127+0000] {dag.py:3096} INFO - Sync 1 DAGs
[2024-05-07T23:37:47.831+0000] {logging_mixin.py:188} INFO - [2024-05-07T23:37:47.830+0000] {dag.py:3954} INFO - Setting next_dagrun for example_python_operator to None, run_after=None
[2024-05-07T23:37:49.001+0000] {processor.py:183} INFO - Processing /home/airflow/.local/lib/python3.12/site-packages/airflow/example_dags/example_python_operator.py took 32.059 seconds
[2024-05-07T23:39:48.774+0000] {processor.py:161} INFO - Started process (PID=183) to work on /home/airflow/.local/lib/python3.12/site-packages/airflow/example_dags/example_python_operator.py
[2024-05-07T23:39:48.873+0000] {processor.py:830} INFO - Processing file /home/airflow/.local/lib/python3.12/site-packages/airflow/example_dags/example_python_operator.py for tasks to queue
[2024-05-07T23:39:48.929+0000] {logging_mixin.py:188} INFO - [2024-05-07T23:39:48.927+0000] {dagbag.py:545} INFO - Filling up the DagBag from /home/airflow/.local/lib/python3.12/site-packages/airflow/example_dags/example_python_operator.py
[2024-05-07T23:39:49.457+0000] {processor.py:840} INFO - DAG(s) 'example_python_operator' retrieved from /home/airflow/.local/lib/python3.12/site-packages/airflow/example_dags/example_python_operator.py
[2024-05-07T23:39:49.926+0000] {logging_mixin.py:188} INFO - [2024-05-07T23:39:49.924+0000] {dag.py:3096} INFO - Sync 1 DAGs
[2024-05-07T23:39:50.129+0000] {logging_mixin.py:188} INFO - [2024-05-07T23:39:50.126+0000] {dag.py:3954} INFO - Setting next_dagrun for example_python_operator to None, run_after=None
[2024-05-07T23:39:50.473+0000] {processor.py:183} INFO - Processing /home/airflow/.local/lib/python3.12/site-packages/airflow/example_dags/example_python_operator.py took 1.717 seconds
[2024-05-07T23:41:26.405+0000] {processor.py:161} INFO - Started process (PID=228) to work on /home/airflow/.local/lib/python3.12/site-packages/airflow/example_dags/example_python_operator.py
[2024-05-07T23:41:26.433+0000] {processor.py:830} INFO - Processing file /home/airflow/.local/lib/python3.12/site-packages/airflow/example_dags/example_python_operator.py for tasks to queue
[2024-05-07T23:41:26.476+0000] {logging_mixin.py:188} INFO - [2024-05-07T23:41:26.470+0000] {dagbag.py:545} INFO - Filling up the DagBag from /home/airflow/.local/lib/python3.12/site-packages/airflow/example_dags/example_python_operator.py
[2024-05-07T23:41:26.656+0000] {processor.py:840} INFO - DAG(s) 'example_python_operator' retrieved from /home/airflow/.local/lib/python3.12/site-packages/airflow/example_dags/example_python_operator.py
[2024-05-07T23:41:27.008+0000] {logging_mixin.py:188} INFO - [2024-05-07T23:41:27.007+0000] {dag.py:3096} INFO - Sync 1 DAGs
[2024-05-07T23:41:27.204+0000] {logging_mixin.py:188} INFO - [2024-05-07T23:41:27.202+0000] {dag.py:3954} INFO - Setting next_dagrun for example_python_operator to None, run_after=None
[2024-05-07T23:41:27.439+0000] {processor.py:183} INFO - Processing /home/airflow/.local/lib/python3.12/site-packages/airflow/example_dags/example_python_operator.py took 1.071 seconds
[2024-05-07T23:59:57.451+0000] {processor.py:161} INFO - Started process (PID=301) to work on /home/airflow/.local/lib/python3.12/site-packages/airflow/example_dags/example_python_operator.py
[2024-05-07T23:59:57.545+0000] {processor.py:830} INFO - Processing file /home/airflow/.local/lib/python3.12/site-packages/airflow/example_dags/example_python_operator.py for tasks to queue
[2024-05-07T23:59:57.588+0000] {logging_mixin.py:188} INFO - [2024-05-07T23:59:57.584+0000] {dagbag.py:545} INFO - Filling up the DagBag from /home/airflow/.local/lib/python3.12/site-packages/airflow/example_dags/example_python_operator.py
[2024-05-07T23:59:58.035+0000] {processor.py:840} INFO - DAG(s) 'example_python_operator' retrieved from /home/airflow/.local/lib/python3.12/site-packages/airflow/example_dags/example_python_operator.py
[2024-05-07T23:59:58.878+0000] {logging_mixin.py:188} INFO - [2024-05-07T23:59:58.861+0000] {dag.py:3096} INFO - Sync 1 DAGs
[2024-05-07T23:59:59.104+0000] {logging_mixin.py:188} INFO - [2024-05-07T23:59:59.103+0000] {dag.py:3954} INFO - Setting next_dagrun for example_python_operator to None, run_after=None
[2024-05-07T23:59:59.382+0000] {processor.py:183} INFO - Processing /home/airflow/.local/lib/python3.12/site-packages/airflow/example_dags/example_python_operator.py took 2.171 seconds
