[2024-05-07T23:36:41.775+0000] {processor.py:161} INFO - Started process (PID=86) to work on /home/airflow/.local/lib/python3.12/site-packages/airflow/example_dags/example_branch_labels.py
[2024-05-07T23:36:42.015+0000] {processor.py:830} INFO - Processing file /home/airflow/.local/lib/python3.12/site-packages/airflow/example_dags/example_branch_labels.py for tasks to queue
[2024-05-07T23:36:42.103+0000] {logging_mixin.py:188} INFO - [2024-05-07T23:36:42.095+0000] {dagbag.py:545} INFO - Filling up the DagBag from /home/airflow/.local/lib/python3.12/site-packages/airflow/example_dags/example_branch_labels.py
[2024-05-07T23:36:42.877+0000] {processor.py:840} INFO - DAG(s) 'example_branch_labels' retrieved from /home/airflow/.local/lib/python3.12/site-packages/airflow/example_dags/example_branch_labels.py
[2024-05-07T23:36:50.079+0000] {logging_mixin.py:188} INFO - [2024-05-07T23:36:50.078+0000] {dag.py:3096} INFO - Sync 1 DAGs
[2024-05-07T23:36:50.702+0000] {logging_mixin.py:188} INFO - [2024-05-07T23:36:50.699+0000] {dag.py:3954} INFO - Setting next_dagrun for example_branch_labels to 2024-05-06 00:00:00+00:00, run_after=2024-05-07 00:00:00+00:00
[2024-05-07T23:36:51.101+0000] {processor.py:183} INFO - Processing /home/airflow/.local/lib/python3.12/site-packages/airflow/example_dags/example_branch_labels.py took 10.129 seconds
[2024-05-07T23:39:19.759+0000] {processor.py:161} INFO - Started process (PID=165) to work on /home/airflow/.local/lib/python3.12/site-packages/airflow/example_dags/example_branch_labels.py
[2024-05-07T23:39:19.779+0000] {processor.py:830} INFO - Processing file /home/airflow/.local/lib/python3.12/site-packages/airflow/example_dags/example_branch_labels.py for tasks to queue
[2024-05-07T23:39:19.810+0000] {logging_mixin.py:188} INFO - [2024-05-07T23:39:19.804+0000] {dagbag.py:545} INFO - Filling up the DagBag from /home/airflow/.local/lib/python3.12/site-packages/airflow/example_dags/example_branch_labels.py
[2024-05-07T23:39:20.002+0000] {processor.py:840} INFO - DAG(s) 'example_branch_labels' retrieved from /home/airflow/.local/lib/python3.12/site-packages/airflow/example_dags/example_branch_labels.py
[2024-05-07T23:39:20.263+0000] {logging_mixin.py:188} INFO - [2024-05-07T23:39:20.260+0000] {dag.py:3096} INFO - Sync 1 DAGs
[2024-05-07T23:39:20.590+0000] {logging_mixin.py:188} INFO - [2024-05-07T23:39:20.588+0000] {dag.py:3954} INFO - Setting next_dagrun for example_branch_labels to 2024-05-06 00:00:00+00:00, run_after=2024-05-07 00:00:00+00:00
[2024-05-07T23:39:20.904+0000] {processor.py:183} INFO - Processing /home/airflow/.local/lib/python3.12/site-packages/airflow/example_dags/example_branch_labels.py took 1.185 seconds
[2024-05-07T23:40:44.130+0000] {processor.py:161} INFO - Started process (PID=206) to work on /home/airflow/.local/lib/python3.12/site-packages/airflow/example_dags/example_branch_labels.py
[2024-05-07T23:40:44.441+0000] {processor.py:830} INFO - Processing file /home/airflow/.local/lib/python3.12/site-packages/airflow/example_dags/example_branch_labels.py for tasks to queue
[2024-05-07T23:40:44.749+0000] {logging_mixin.py:188} INFO - [2024-05-07T23:40:44.735+0000] {dagbag.py:545} INFO - Filling up the DagBag from /home/airflow/.local/lib/python3.12/site-packages/airflow/example_dags/example_branch_labels.py
[2024-05-07T23:40:45.341+0000] {processor.py:840} INFO - DAG(s) 'example_branch_labels' retrieved from /home/airflow/.local/lib/python3.12/site-packages/airflow/example_dags/example_branch_labels.py
[2024-05-07T23:40:48.728+0000] {logging_mixin.py:188} INFO - [2024-05-07T23:40:48.725+0000] {dag.py:3096} INFO - Sync 1 DAGs
[2024-05-07T23:40:51.036+0000] {logging_mixin.py:188} INFO - [2024-05-07T23:40:51.027+0000] {dag.py:3954} INFO - Setting next_dagrun for example_branch_labels to 2024-05-06 00:00:00+00:00, run_after=2024-05-07 00:00:00+00:00
[2024-05-07T23:40:52.196+0000] {processor.py:183} INFO - Processing /home/airflow/.local/lib/python3.12/site-packages/airflow/example_dags/example_branch_labels.py took 8.307 seconds
[2024-05-07T23:42:52.227+0000] {processor.py:161} INFO - Started process (PID=271) to work on /home/airflow/.local/lib/python3.12/site-packages/airflow/example_dags/example_branch_labels.py
[2024-05-07T23:42:52.332+0000] {processor.py:830} INFO - Processing file /home/airflow/.local/lib/python3.12/site-packages/airflow/example_dags/example_branch_labels.py for tasks to queue
[2024-05-07T23:42:52.584+0000] {logging_mixin.py:188} INFO - [2024-05-07T23:42:52.537+0000] {dagbag.py:545} INFO - Filling up the DagBag from /home/airflow/.local/lib/python3.12/site-packages/airflow/example_dags/example_branch_labels.py
[2024-05-07T23:42:53.047+0000] {processor.py:840} INFO - DAG(s) 'example_branch_labels' retrieved from /home/airflow/.local/lib/python3.12/site-packages/airflow/example_dags/example_branch_labels.py
[2024-05-07T23:42:54.746+0000] {logging_mixin.py:188} INFO - [2024-05-07T23:42:54.740+0000] {dag.py:3096} INFO - Sync 1 DAGs
[2024-05-07T23:42:55.559+0000] {logging_mixin.py:188} INFO - [2024-05-07T23:42:55.539+0000] {dag.py:3954} INFO - Setting next_dagrun for example_branch_labels to 2024-05-06 00:00:00+00:00, run_after=2024-05-07 00:00:00+00:00
[2024-05-07T23:42:56.127+0000] {processor.py:183} INFO - Processing /home/airflow/.local/lib/python3.12/site-packages/airflow/example_dags/example_branch_labels.py took 4.064 seconds
