[2024-05-07T23:37:50.257+0000] {processor.py:161} INFO - Started process (PID=110) to work on /home/airflow/.local/lib/python3.12/site-packages/airflow/example_dags/example_datasets.py
[2024-05-07T23:37:50.381+0000] {processor.py:830} INFO - Processing file /home/airflow/.local/lib/python3.12/site-packages/airflow/example_dags/example_datasets.py for tasks to queue
[2024-05-07T23:37:51.307+0000] {logging_mixin.py:188} INFO - [2024-05-07T23:37:51.266+0000] {dagbag.py:545} INFO - Filling up the DagBag from /home/airflow/.local/lib/python3.12/site-packages/airflow/example_dags/example_datasets.py
[2024-05-07T23:37:55.130+0000] {processor.py:840} INFO - DAG(s) 'consume_1_and_2_with_dataset_expressions', 'dataset_consumes_1_never_scheduled', 'dataset_produces_1', 'consume_1_or_2_with_dataset_expressions', 'dataset_consumes_1', 'consume_1_or_both_2_and_3_with_dataset_expressions', 'dataset_consumes_unknown_never_scheduled', 'dataset_produces_2', 'conditional_dataset_and_time_based_timetable', 'dataset_consumes_1_and_2' retrieved from /home/airflow/.local/lib/python3.12/site-packages/airflow/example_dags/example_datasets.py
[2024-05-07T23:38:01.314+0000] {logging_mixin.py:188} INFO - [2024-05-07T23:38:01.274+0000] {dag.py:3096} INFO - Sync 10 DAGs
[2024-05-07T23:38:02.201+0000] {logging_mixin.py:188} INFO - [2024-05-07T23:38:02.193+0000] {dag.py:3954} INFO - Setting next_dagrun for conditional_dataset_and_time_based_timetable to 2024-05-01 01:00:00+00:00, run_after=2024-05-01 01:00:00+00:00
[2024-05-07T23:38:02.815+0000] {logging_mixin.py:188} INFO - [2024-05-07T23:38:02.802+0000] {dag.py:3954} INFO - Setting next_dagrun for consume_1_and_2_with_dataset_expressions to None, run_after=None
[2024-05-07T23:38:02.870+0000] {logging_mixin.py:188} INFO - [2024-05-07T23:38:02.862+0000] {dag.py:3954} INFO - Setting next_dagrun for consume_1_or_2_with_dataset_expressions to None, run_after=None
[2024-05-07T23:38:02.922+0000] {logging_mixin.py:188} INFO - [2024-05-07T23:38:02.914+0000] {dag.py:3954} INFO - Setting next_dagrun for consume_1_or_both_2_and_3_with_dataset_expressions to None, run_after=None
[2024-05-07T23:38:02.996+0000] {logging_mixin.py:188} INFO - [2024-05-07T23:38:02.992+0000] {dag.py:3954} INFO - Setting next_dagrun for dataset_consumes_1 to None, run_after=None
[2024-05-07T23:38:03.031+0000] {logging_mixin.py:188} INFO - [2024-05-07T23:38:03.028+0000] {dag.py:3954} INFO - Setting next_dagrun for dataset_consumes_1_and_2 to None, run_after=None
[2024-05-07T23:38:03.061+0000] {logging_mixin.py:188} INFO - [2024-05-07T23:38:03.059+0000] {dag.py:3954} INFO - Setting next_dagrun for dataset_consumes_1_never_scheduled to None, run_after=None
[2024-05-07T23:38:03.097+0000] {logging_mixin.py:188} INFO - [2024-05-07T23:38:03.094+0000] {dag.py:3954} INFO - Setting next_dagrun for dataset_consumes_unknown_never_scheduled to None, run_after=None
[2024-05-07T23:38:03.133+0000] {logging_mixin.py:188} INFO - [2024-05-07T23:38:03.128+0000] {dag.py:3954} INFO - Setting next_dagrun for dataset_produces_1 to 2024-05-06 00:00:00+00:00, run_after=2024-05-07 00:00:00+00:00
[2024-05-07T23:38:03.162+0000] {logging_mixin.py:188} INFO - [2024-05-07T23:38:03.161+0000] {dag.py:3954} INFO - Setting next_dagrun for dataset_produces_2 to None, run_after=None
[2024-05-07T23:38:05.099+0000] {processor.py:183} INFO - Processing /home/airflow/.local/lib/python3.12/site-packages/airflow/example_dags/example_datasets.py took 15.065 seconds
[2024-05-07T23:39:52.556+0000] {processor.py:161} INFO - Started process (PID=185) to work on /home/airflow/.local/lib/python3.12/site-packages/airflow/example_dags/example_datasets.py
[2024-05-07T23:39:52.684+0000] {processor.py:830} INFO - Processing file /home/airflow/.local/lib/python3.12/site-packages/airflow/example_dags/example_datasets.py for tasks to queue
[2024-05-07T23:39:52.707+0000] {logging_mixin.py:188} INFO - [2024-05-07T23:39:52.706+0000] {dagbag.py:545} INFO - Filling up the DagBag from /home/airflow/.local/lib/python3.12/site-packages/airflow/example_dags/example_datasets.py
[2024-05-07T23:39:53.628+0000] {processor.py:840} INFO - DAG(s) 'dataset_consumes_1', 'dataset_produces_2', 'consume_1_and_2_with_dataset_expressions', 'consume_1_or_both_2_and_3_with_dataset_expressions', 'conditional_dataset_and_time_based_timetable', 'dataset_produces_1', 'dataset_consumes_unknown_never_scheduled', 'dataset_consumes_1_and_2', 'dataset_consumes_1_never_scheduled', 'consume_1_or_2_with_dataset_expressions' retrieved from /home/airflow/.local/lib/python3.12/site-packages/airflow/example_dags/example_datasets.py
[2024-05-07T23:39:54.314+0000] {logging_mixin.py:188} INFO - [2024-05-07T23:39:54.312+0000] {dag.py:3096} INFO - Sync 10 DAGs
[2024-05-07T23:39:54.592+0000] {logging_mixin.py:188} INFO - [2024-05-07T23:39:54.587+0000] {dag.py:3954} INFO - Setting next_dagrun for conditional_dataset_and_time_based_timetable to 2024-05-01 01:00:00+00:00, run_after=2024-05-01 01:00:00+00:00
[2024-05-07T23:39:54.675+0000] {logging_mixin.py:188} INFO - [2024-05-07T23:39:54.671+0000] {dag.py:3954} INFO - Setting next_dagrun for consume_1_and_2_with_dataset_expressions to None, run_after=None
[2024-05-07T23:39:54.712+0000] {logging_mixin.py:188} INFO - [2024-05-07T23:39:54.710+0000] {dag.py:3954} INFO - Setting next_dagrun for consume_1_or_2_with_dataset_expressions to None, run_after=None
[2024-05-07T23:39:54.730+0000] {logging_mixin.py:188} INFO - [2024-05-07T23:39:54.729+0000] {dag.py:3954} INFO - Setting next_dagrun for consume_1_or_both_2_and_3_with_dataset_expressions to None, run_after=None
[2024-05-07T23:39:54.741+0000] {logging_mixin.py:188} INFO - [2024-05-07T23:39:54.741+0000] {dag.py:3954} INFO - Setting next_dagrun for dataset_consumes_1 to None, run_after=None
[2024-05-07T23:39:54.757+0000] {logging_mixin.py:188} INFO - [2024-05-07T23:39:54.756+0000] {dag.py:3954} INFO - Setting next_dagrun for dataset_consumes_1_and_2 to None, run_after=None
[2024-05-07T23:39:54.769+0000] {logging_mixin.py:188} INFO - [2024-05-07T23:39:54.768+0000] {dag.py:3954} INFO - Setting next_dagrun for dataset_consumes_1_never_scheduled to None, run_after=None
[2024-05-07T23:39:54.839+0000] {logging_mixin.py:188} INFO - [2024-05-07T23:39:54.839+0000] {dag.py:3954} INFO - Setting next_dagrun for dataset_consumes_unknown_never_scheduled to None, run_after=None
[2024-05-07T23:39:54.866+0000] {logging_mixin.py:188} INFO - [2024-05-07T23:39:54.866+0000] {dag.py:3954} INFO - Setting next_dagrun for dataset_produces_1 to 2024-05-06 00:00:00+00:00, run_after=2024-05-07 00:00:00+00:00
[2024-05-07T23:39:54.872+0000] {logging_mixin.py:188} INFO - [2024-05-07T23:39:54.872+0000] {dag.py:3954} INFO - Setting next_dagrun for dataset_produces_2 to None, run_after=None
[2024-05-07T23:39:55.517+0000] {processor.py:183} INFO - Processing /home/airflow/.local/lib/python3.12/site-packages/airflow/example_dags/example_datasets.py took 2.975 seconds
[2024-05-07T23:41:27.939+0000] {processor.py:161} INFO - Started process (PID=230) to work on /home/airflow/.local/lib/python3.12/site-packages/airflow/example_dags/example_datasets.py
[2024-05-07T23:41:27.962+0000] {processor.py:830} INFO - Processing file /home/airflow/.local/lib/python3.12/site-packages/airflow/example_dags/example_datasets.py for tasks to queue
[2024-05-07T23:41:27.987+0000] {logging_mixin.py:188} INFO - [2024-05-07T23:41:27.984+0000] {dagbag.py:545} INFO - Filling up the DagBag from /home/airflow/.local/lib/python3.12/site-packages/airflow/example_dags/example_datasets.py
[2024-05-07T23:41:28.298+0000] {processor.py:840} INFO - DAG(s) 'dataset_produces_1', 'dataset_consumes_1', 'consume_1_or_2_with_dataset_expressions', 'dataset_consumes_1_never_scheduled', 'consume_1_or_both_2_and_3_with_dataset_expressions', 'consume_1_and_2_with_dataset_expressions', 'conditional_dataset_and_time_based_timetable', 'dataset_consumes_1_and_2', 'dataset_produces_2', 'dataset_consumes_unknown_never_scheduled' retrieved from /home/airflow/.local/lib/python3.12/site-packages/airflow/example_dags/example_datasets.py
[2024-05-07T23:41:28.803+0000] {logging_mixin.py:188} INFO - [2024-05-07T23:41:28.797+0000] {dag.py:3096} INFO - Sync 10 DAGs
[2024-05-07T23:41:29.277+0000] {logging_mixin.py:188} INFO - [2024-05-07T23:41:29.272+0000] {dag.py:3954} INFO - Setting next_dagrun for conditional_dataset_and_time_based_timetable to 2024-05-01 01:00:00+00:00, run_after=2024-05-01 01:00:00+00:00
[2024-05-07T23:41:29.331+0000] {logging_mixin.py:188} INFO - [2024-05-07T23:41:29.330+0000] {dag.py:3954} INFO - Setting next_dagrun for consume_1_and_2_with_dataset_expressions to None, run_after=None
[2024-05-07T23:41:29.365+0000] {logging_mixin.py:188} INFO - [2024-05-07T23:41:29.364+0000] {dag.py:3954} INFO - Setting next_dagrun for consume_1_or_2_with_dataset_expressions to None, run_after=None
[2024-05-07T23:41:29.403+0000] {logging_mixin.py:188} INFO - [2024-05-07T23:41:29.401+0000] {dag.py:3954} INFO - Setting next_dagrun for consume_1_or_both_2_and_3_with_dataset_expressions to None, run_after=None
[2024-05-07T23:41:29.445+0000] {logging_mixin.py:188} INFO - [2024-05-07T23:41:29.445+0000] {dag.py:3954} INFO - Setting next_dagrun for dataset_consumes_1 to None, run_after=None
[2024-05-07T23:41:29.476+0000] {logging_mixin.py:188} INFO - [2024-05-07T23:41:29.475+0000] {dag.py:3954} INFO - Setting next_dagrun for dataset_consumes_1_and_2 to None, run_after=None
[2024-05-07T23:41:29.498+0000] {logging_mixin.py:188} INFO - [2024-05-07T23:41:29.497+0000] {dag.py:3954} INFO - Setting next_dagrun for dataset_consumes_1_never_scheduled to None, run_after=None
[2024-05-07T23:41:29.526+0000] {logging_mixin.py:188} INFO - [2024-05-07T23:41:29.525+0000] {dag.py:3954} INFO - Setting next_dagrun for dataset_consumes_unknown_never_scheduled to None, run_after=None
[2024-05-07T23:41:29.566+0000] {logging_mixin.py:188} INFO - [2024-05-07T23:41:29.565+0000] {dag.py:3954} INFO - Setting next_dagrun for dataset_produces_1 to 2024-05-06 00:00:00+00:00, run_after=2024-05-07 00:00:00+00:00
[2024-05-07T23:41:29.605+0000] {logging_mixin.py:188} INFO - [2024-05-07T23:41:29.597+0000] {dag.py:3954} INFO - Setting next_dagrun for dataset_produces_2 to None, run_after=None
[2024-05-07T23:41:30.010+0000] {processor.py:183} INFO - Processing /home/airflow/.local/lib/python3.12/site-packages/airflow/example_dags/example_datasets.py took 2.130 seconds
