[2024-05-07T23:37:07.053+0000] {processor.py:161} INFO - Started process (PID=99) to work on /home/airflow/.local/lib/python3.12/site-packages/airflow/example_dags/example_branch_python_dop_operator_3.py
[2024-05-07T23:37:07.304+0000] {processor.py:830} INFO - Processing file /home/airflow/.local/lib/python3.12/site-packages/airflow/example_dags/example_branch_python_dop_operator_3.py for tasks to queue
[2024-05-07T23:37:07.587+0000] {logging_mixin.py:188} INFO - [2024-05-07T23:37:07.586+0000] {dagbag.py:545} INFO - Filling up the DagBag from /home/airflow/.local/lib/python3.12/site-packages/airflow/example_dags/example_branch_python_dop_operator_3.py
[2024-05-07T23:37:08.435+0000] {processor.py:840} INFO - DAG(s) 'example_branch_dop_operator_v3' retrieved from /home/airflow/.local/lib/python3.12/site-packages/airflow/example_dags/example_branch_python_dop_operator_3.py
[2024-05-07T23:37:10.759+0000] {logging_mixin.py:188} INFO - [2024-05-07T23:37:10.758+0000] {dag.py:3096} INFO - Sync 1 DAGs
[2024-05-07T23:37:11.346+0000] {logging_mixin.py:188} INFO - [2024-05-07T23:37:11.346+0000] {dag.py:3954} INFO - Setting next_dagrun for example_branch_dop_operator_v3 to 2024-05-07 23:36:00+00:00, run_after=2024-05-07 23:37:00+00:00
[2024-05-07T23:37:11.750+0000] {processor.py:183} INFO - Processing /home/airflow/.local/lib/python3.12/site-packages/airflow/example_dags/example_branch_python_dop_operator_3.py took 5.040 seconds
[2024-05-07T23:39:28.335+0000] {processor.py:161} INFO - Started process (PID=173) to work on /home/airflow/.local/lib/python3.12/site-packages/airflow/example_dags/example_branch_python_dop_operator_3.py
[2024-05-07T23:39:28.623+0000] {processor.py:830} INFO - Processing file /home/airflow/.local/lib/python3.12/site-packages/airflow/example_dags/example_branch_python_dop_operator_3.py for tasks to queue
[2024-05-07T23:39:29.024+0000] {logging_mixin.py:188} INFO - [2024-05-07T23:39:28.984+0000] {dagbag.py:545} INFO - Filling up the DagBag from /home/airflow/.local/lib/python3.12/site-packages/airflow/example_dags/example_branch_python_dop_operator_3.py
[2024-05-07T23:39:29.725+0000] {processor.py:840} INFO - DAG(s) 'example_branch_dop_operator_v3' retrieved from /home/airflow/.local/lib/python3.12/site-packages/airflow/example_dags/example_branch_python_dop_operator_3.py
[2024-05-07T23:39:30.465+0000] {logging_mixin.py:188} INFO - [2024-05-07T23:39:30.446+0000] {dag.py:3096} INFO - Sync 1 DAGs
[2024-05-07T23:39:32.429+0000] {logging_mixin.py:188} INFO - [2024-05-07T23:39:32.419+0000] {dag.py:3954} INFO - Setting next_dagrun for example_branch_dop_operator_v3 to 2024-05-07 23:38:00+00:00, run_after=2024-05-07 23:39:00+00:00
[2024-05-07T23:39:33.765+0000] {processor.py:183} INFO - Processing /home/airflow/.local/lib/python3.12/site-packages/airflow/example_dags/example_branch_python_dop_operator_3.py took 5.541 seconds
[2024-05-07T23:41:20.459+0000] {processor.py:161} INFO - Started process (PID=218) to work on /home/airflow/.local/lib/python3.12/site-packages/airflow/example_dags/example_branch_python_dop_operator_3.py
[2024-05-07T23:41:20.494+0000] {processor.py:830} INFO - Processing file /home/airflow/.local/lib/python3.12/site-packages/airflow/example_dags/example_branch_python_dop_operator_3.py for tasks to queue
[2024-05-07T23:41:20.646+0000] {logging_mixin.py:188} INFO - [2024-05-07T23:41:20.641+0000] {dagbag.py:545} INFO - Filling up the DagBag from /home/airflow/.local/lib/python3.12/site-packages/airflow/example_dags/example_branch_python_dop_operator_3.py
[2024-05-07T23:41:20.918+0000] {processor.py:840} INFO - DAG(s) 'example_branch_dop_operator_v3' retrieved from /home/airflow/.local/lib/python3.12/site-packages/airflow/example_dags/example_branch_python_dop_operator_3.py
[2024-05-07T23:41:21.665+0000] {logging_mixin.py:188} INFO - [2024-05-07T23:41:21.632+0000] {dag.py:3096} INFO - Sync 1 DAGs
[2024-05-07T23:41:22.006+0000] {logging_mixin.py:188} INFO - [2024-05-07T23:41:22.006+0000] {dag.py:3954} INFO - Setting next_dagrun for example_branch_dop_operator_v3 to 2024-05-07 23:40:00+00:00, run_after=2024-05-07 23:41:00+00:00
[2024-05-07T23:41:22.782+0000] {processor.py:183} INFO - Processing /home/airflow/.local/lib/python3.12/site-packages/airflow/example_dags/example_branch_python_dop_operator_3.py took 2.421 seconds
[2024-05-07T23:59:38.283+0000] {processor.py:161} INFO - Started process (PID=297) to work on /home/airflow/.local/lib/python3.12/site-packages/airflow/example_dags/example_branch_python_dop_operator_3.py
[2024-05-07T23:59:38.380+0000] {processor.py:830} INFO - Processing file /home/airflow/.local/lib/python3.12/site-packages/airflow/example_dags/example_branch_python_dop_operator_3.py for tasks to queue
[2024-05-07T23:59:38.721+0000] {logging_mixin.py:188} INFO - [2024-05-07T23:59:38.534+0000] {dagbag.py:545} INFO - Filling up the DagBag from /home/airflow/.local/lib/python3.12/site-packages/airflow/example_dags/example_branch_python_dop_operator_3.py
[2024-05-07T23:59:39.876+0000] {processor.py:840} INFO - DAG(s) 'example_branch_dop_operator_v3' retrieved from /home/airflow/.local/lib/python3.12/site-packages/airflow/example_dags/example_branch_python_dop_operator_3.py
[2024-05-07T23:59:41.405+0000] {logging_mixin.py:188} INFO - [2024-05-07T23:59:41.402+0000] {dag.py:3096} INFO - Sync 1 DAGs
[2024-05-07T23:59:45.290+0000] {logging_mixin.py:188} INFO - [2024-05-07T23:59:45.287+0000] {dag.py:3954} INFO - Setting next_dagrun for example_branch_dop_operator_v3 to 2024-05-07 23:58:00+00:00, run_after=2024-05-07 23:59:00+00:00
[2024-05-07T23:59:46.492+0000] {processor.py:183} INFO - Processing /home/airflow/.local/lib/python3.12/site-packages/airflow/example_dags/example_branch_python_dop_operator_3.py took 10.939 seconds
