[2024-05-07T23:37:50.249+0000] {processor.py:161} INFO - Started process (PID=111) to work on /home/airflow/.local/lib/python3.12/site-packages/airflow/example_dags/example_sla_dag.py
[2024-05-07T23:37:50.382+0000] {processor.py:830} INFO - Processing file /home/airflow/.local/lib/python3.12/site-packages/airflow/example_dags/example_sla_dag.py for tasks to queue
[2024-05-07T23:37:51.301+0000] {logging_mixin.py:188} INFO - [2024-05-07T23:37:51.266+0000] {dagbag.py:545} INFO - Filling up the DagBag from /home/airflow/.local/lib/python3.12/site-packages/airflow/example_dags/example_sla_dag.py
[2024-05-07T23:37:52.128+0000] {processor.py:840} INFO - DAG(s) 'example_sla_dag' retrieved from /home/airflow/.local/lib/python3.12/site-packages/airflow/example_dags/example_sla_dag.py
[2024-05-07T23:38:00.416+0000] {logging_mixin.py:188} INFO - [2024-05-07T23:38:00.363+0000] {dag.py:3096} INFO - Sync 1 DAGs
[2024-05-07T23:38:00.936+0000] {logging_mixin.py:188} INFO - [2024-05-07T23:38:00.928+0000] {dag.py:3954} INFO - Setting next_dagrun for example_sla_dag to 2024-05-07 23:36:00+00:00, run_after=2024-05-07 23:38:00+00:00
[2024-05-07T23:38:02.173+0000] {processor.py:183} INFO - Processing /home/airflow/.local/lib/python3.12/site-packages/airflow/example_dags/example_sla_dag.py took 12.140 seconds
[2024-05-07T23:39:56.755+0000] {processor.py:161} INFO - Started process (PID=186) to work on /home/airflow/.local/lib/python3.12/site-packages/airflow/example_dags/example_sla_dag.py
[2024-05-07T23:39:56.776+0000] {processor.py:830} INFO - Processing file /home/airflow/.local/lib/python3.12/site-packages/airflow/example_dags/example_sla_dag.py for tasks to queue
[2024-05-07T23:39:56.912+0000] {logging_mixin.py:188} INFO - [2024-05-07T23:39:56.912+0000] {dagbag.py:545} INFO - Filling up the DagBag from /home/airflow/.local/lib/python3.12/site-packages/airflow/example_dags/example_sla_dag.py
[2024-05-07T23:39:58.225+0000] {processor.py:840} INFO - DAG(s) 'example_sla_dag' retrieved from /home/airflow/.local/lib/python3.12/site-packages/airflow/example_dags/example_sla_dag.py
[2024-05-07T23:39:58.522+0000] {logging_mixin.py:188} INFO - [2024-05-07T23:39:58.518+0000] {dag.py:3096} INFO - Sync 1 DAGs
[2024-05-07T23:39:58.957+0000] {logging_mixin.py:188} INFO - [2024-05-07T23:39:58.956+0000] {dag.py:3954} INFO - Setting next_dagrun for example_sla_dag to 2024-05-07 23:36:00+00:00, run_after=2024-05-07 23:38:00+00:00
[2024-05-07T23:39:59.143+0000] {processor.py:183} INFO - Processing /home/airflow/.local/lib/python3.12/site-packages/airflow/example_dags/example_sla_dag.py took 2.536 seconds
[2024-05-07T23:41:28.131+0000] {processor.py:161} INFO - Started process (PID=231) to work on /home/airflow/.local/lib/python3.12/site-packages/airflow/example_dags/example_sla_dag.py
[2024-05-07T23:41:28.155+0000] {processor.py:830} INFO - Processing file /home/airflow/.local/lib/python3.12/site-packages/airflow/example_dags/example_sla_dag.py for tasks to queue
[2024-05-07T23:41:28.217+0000] {logging_mixin.py:188} INFO - [2024-05-07T23:41:28.214+0000] {dagbag.py:545} INFO - Filling up the DagBag from /home/airflow/.local/lib/python3.12/site-packages/airflow/example_dags/example_sla_dag.py
[2024-05-07T23:41:28.317+0000] {processor.py:840} INFO - DAG(s) 'example_sla_dag' retrieved from /home/airflow/.local/lib/python3.12/site-packages/airflow/example_dags/example_sla_dag.py
[2024-05-07T23:41:28.603+0000] {logging_mixin.py:188} INFO - [2024-05-07T23:41:28.596+0000] {dag.py:3096} INFO - Sync 1 DAGs
[2024-05-07T23:41:29.301+0000] {logging_mixin.py:188} INFO - [2024-05-07T23:41:29.300+0000] {dag.py:3954} INFO - Setting next_dagrun for example_sla_dag to 2024-05-07 23:38:00+00:00, run_after=2024-05-07 23:40:00+00:00
[2024-05-07T23:41:29.541+0000] {processor.py:183} INFO - Processing /home/airflow/.local/lib/python3.12/site-packages/airflow/example_dags/example_sla_dag.py took 1.457 seconds
