[2024-05-07T23:37:02.977+0000] {processor.py:161} INFO - Started process (PID=98) to work on /home/airflow/.local/lib/python3.12/site-packages/airflow/example_dags/example_display_name.py
[2024-05-07T23:37:03.044+0000] {processor.py:830} INFO - Processing file /home/airflow/.local/lib/python3.12/site-packages/airflow/example_dags/example_display_name.py for tasks to queue
[2024-05-07T23:37:03.258+0000] {logging_mixin.py:188} INFO - [2024-05-07T23:37:03.224+0000] {dagbag.py:545} INFO - Filling up the DagBag from /home/airflow/.local/lib/python3.12/site-packages/airflow/example_dags/example_display_name.py
[2024-05-07T23:37:03.505+0000] {processor.py:840} INFO - DAG(s) 'example_display_name' retrieved from /home/airflow/.local/lib/python3.12/site-packages/airflow/example_dags/example_display_name.py
[2024-05-07T23:37:06.040+0000] {logging_mixin.py:188} INFO - [2024-05-07T23:37:06.039+0000] {dag.py:3096} INFO - Sync 1 DAGs
[2024-05-07T23:37:06.184+0000] {logging_mixin.py:188} INFO - [2024-05-07T23:37:06.184+0000] {dag.py:3954} INFO - Setting next_dagrun for example_display_name to None, run_after=None
[2024-05-07T23:37:06.424+0000] {processor.py:183} INFO - Processing /home/airflow/.local/lib/python3.12/site-packages/airflow/example_dags/example_display_name.py took 3.566 seconds
[2024-05-07T23:39:26.446+0000] {processor.py:161} INFO - Started process (PID=172) to work on /home/airflow/.local/lib/python3.12/site-packages/airflow/example_dags/example_display_name.py
[2024-05-07T23:39:26.466+0000] {processor.py:830} INFO - Processing file /home/airflow/.local/lib/python3.12/site-packages/airflow/example_dags/example_display_name.py for tasks to queue
[2024-05-07T23:39:26.504+0000] {logging_mixin.py:188} INFO - [2024-05-07T23:39:26.500+0000] {dagbag.py:545} INFO - Filling up the DagBag from /home/airflow/.local/lib/python3.12/site-packages/airflow/example_dags/example_display_name.py
[2024-05-07T23:39:26.659+0000] {processor.py:840} INFO - DAG(s) 'example_display_name' retrieved from /home/airflow/.local/lib/python3.12/site-packages/airflow/example_dags/example_display_name.py
[2024-05-07T23:39:27.051+0000] {logging_mixin.py:188} INFO - [2024-05-07T23:39:27.043+0000] {dag.py:3096} INFO - Sync 1 DAGs
[2024-05-07T23:39:27.411+0000] {logging_mixin.py:188} INFO - [2024-05-07T23:39:27.409+0000] {dag.py:3954} INFO - Setting next_dagrun for example_display_name to None, run_after=None
[2024-05-07T23:39:27.729+0000] {processor.py:183} INFO - Processing /home/airflow/.local/lib/python3.12/site-packages/airflow/example_dags/example_display_name.py took 1.341 seconds
[2024-05-07T23:41:15.825+0000] {processor.py:161} INFO - Started process (PID=217) to work on /home/airflow/.local/lib/python3.12/site-packages/airflow/example_dags/example_display_name.py
[2024-05-07T23:41:15.880+0000] {processor.py:830} INFO - Processing file /home/airflow/.local/lib/python3.12/site-packages/airflow/example_dags/example_display_name.py for tasks to queue
[2024-05-07T23:41:16.141+0000] {logging_mixin.py:188} INFO - [2024-05-07T23:41:16.139+0000] {dagbag.py:545} INFO - Filling up the DagBag from /home/airflow/.local/lib/python3.12/site-packages/airflow/example_dags/example_display_name.py
[2024-05-07T23:41:17.463+0000] {processor.py:840} INFO - DAG(s) 'example_display_name' retrieved from /home/airflow/.local/lib/python3.12/site-packages/airflow/example_dags/example_display_name.py
[2024-05-07T23:41:18.463+0000] {logging_mixin.py:188} INFO - [2024-05-07T23:41:18.455+0000] {dag.py:3096} INFO - Sync 1 DAGs
[2024-05-07T23:41:19.021+0000] {logging_mixin.py:188} INFO - [2024-05-07T23:41:19.020+0000] {dag.py:3954} INFO - Setting next_dagrun for example_display_name to None, run_after=None
[2024-05-07T23:41:19.456+0000] {processor.py:183} INFO - Processing /home/airflow/.local/lib/python3.12/site-packages/airflow/example_dags/example_display_name.py took 3.763 seconds
[2024-05-07T23:58:44.813+0000] {processor.py:161} INFO - Started process (PID=291) to work on /home/airflow/.local/lib/python3.12/site-packages/airflow/example_dags/example_display_name.py
[2024-05-07T23:58:44.983+0000] {processor.py:830} INFO - Processing file /home/airflow/.local/lib/python3.12/site-packages/airflow/example_dags/example_display_name.py for tasks to queue
[2024-05-07T23:58:45.203+0000] {logging_mixin.py:188} INFO - [2024-05-07T23:58:45.116+0000] {dagbag.py:545} INFO - Filling up the DagBag from /home/airflow/.local/lib/python3.12/site-packages/airflow/example_dags/example_display_name.py
[2024-05-07T23:58:45.664+0000] {processor.py:840} INFO - DAG(s) 'example_display_name' retrieved from /home/airflow/.local/lib/python3.12/site-packages/airflow/example_dags/example_display_name.py
[2024-05-07T23:58:53.161+0000] {logging_mixin.py:188} INFO - [2024-05-07T23:58:52.986+0000] {dag.py:3096} INFO - Sync 1 DAGs
[2024-05-07T23:58:57.511+0000] {logging_mixin.py:188} INFO - [2024-05-07T23:58:57.503+0000] {dag.py:3954} INFO - Setting next_dagrun for example_display_name to None, run_after=None
[2024-05-07T23:58:58.473+0000] {processor.py:183} INFO - Processing /home/airflow/.local/lib/python3.12/site-packages/airflow/example_dags/example_display_name.py took 17.776 seconds
