[2024-05-07T23:38:14.991+0000] {processor.py:161} INFO - Started process (PID=121) to work on /home/airflow/.local/lib/python3.12/site-packages/airflow/example_dags/example_subdag_operator.py
[2024-05-07T23:38:15.087+0000] {processor.py:830} INFO - Processing file /home/airflow/.local/lib/python3.12/site-packages/airflow/example_dags/example_subdag_operator.py for tasks to queue
[2024-05-07T23:38:15.666+0000] {logging_mixin.py:188} INFO - [2024-05-07T23:38:15.626+0000] {dagbag.py:545} INFO - Filling up the DagBag from /home/airflow/.local/lib/python3.12/site-packages/airflow/example_dags/example_subdag_operator.py
[2024-05-07T23:38:19.886+0000] {processor.py:840} INFO - DAG(s) 'example_subdag_operator.section-1', 'example_subdag_operator.section-2', 'example_subdag_operator' retrieved from /home/airflow/.local/lib/python3.12/site-packages/airflow/example_dags/example_subdag_operator.py
[2024-05-07T23:38:21.690+0000] {logging_mixin.py:188} INFO - [2024-05-07T23:38:21.688+0000] {dag.py:3096} INFO - Sync 3 DAGs
[2024-05-07T23:38:22.044+0000] {logging_mixin.py:188} INFO - [2024-05-07T23:38:22.039+0000] {dag.py:3954} INFO - Setting next_dagrun for example_subdag_operator to 2022-01-01 00:00:00+00:00, run_after=2022-01-01 00:00:00+00:00
[2024-05-07T23:38:22.111+0000] {logging_mixin.py:188} INFO - [2024-05-07T23:38:22.111+0000] {dag.py:3954} INFO - Setting next_dagrun for example_subdag_operator.section-1 to None, run_after=None
[2024-05-07T23:38:22.130+0000] {logging_mixin.py:188} INFO - [2024-05-07T23:38:22.128+0000] {dag.py:3954} INFO - Setting next_dagrun for example_subdag_operator.section-2 to None, run_after=None
[2024-05-07T23:38:22.341+0000] {logging_mixin.py:188} INFO - [2024-05-07T23:38:22.339+0000] {dag.py:3096} INFO - Sync 2 DAGs
[2024-05-07T23:38:23.192+0000] {logging_mixin.py:188} INFO - [2024-05-07T23:38:23.177+0000] {dag.py:3954} INFO - Setting next_dagrun for example_subdag_operator.section-1 to None, run_after=None
[2024-05-07T23:38:23.272+0000] {logging_mixin.py:188} INFO - [2024-05-07T23:38:23.268+0000] {dag.py:3954} INFO - Setting next_dagrun for example_subdag_operator.section-2 to None, run_after=None
[2024-05-07T23:38:23.675+0000] {processor.py:183} INFO - Processing /home/airflow/.local/lib/python3.12/site-packages/airflow/example_dags/example_subdag_operator.py took 8.917 seconds
[2024-05-07T23:40:05.027+0000] {processor.py:161} INFO - Started process (PID=190) to work on /home/airflow/.local/lib/python3.12/site-packages/airflow/example_dags/example_subdag_operator.py
[2024-05-07T23:40:05.358+0000] {processor.py:830} INFO - Processing file /home/airflow/.local/lib/python3.12/site-packages/airflow/example_dags/example_subdag_operator.py for tasks to queue
[2024-05-07T23:40:05.587+0000] {logging_mixin.py:188} INFO - [2024-05-07T23:40:05.567+0000] {dagbag.py:545} INFO - Filling up the DagBag from /home/airflow/.local/lib/python3.12/site-packages/airflow/example_dags/example_subdag_operator.py
[2024-05-07T23:40:09.956+0000] {processor.py:840} INFO - DAG(s) 'example_subdag_operator.section-1', 'example_subdag_operator.section-2', 'example_subdag_operator' retrieved from /home/airflow/.local/lib/python3.12/site-packages/airflow/example_dags/example_subdag_operator.py
[2024-05-07T23:40:10.773+0000] {logging_mixin.py:188} INFO - [2024-05-07T23:40:10.762+0000] {dag.py:3096} INFO - Sync 3 DAGs
[2024-05-07T23:40:11.586+0000] {logging_mixin.py:188} INFO - [2024-05-07T23:40:11.557+0000] {dag.py:3954} INFO - Setting next_dagrun for example_subdag_operator to 2022-01-01 00:00:00+00:00, run_after=2022-01-01 00:00:00+00:00
[2024-05-07T23:40:11.684+0000] {logging_mixin.py:188} INFO - [2024-05-07T23:40:11.684+0000] {dag.py:3954} INFO - Setting next_dagrun for example_subdag_operator.section-1 to None, run_after=None
[2024-05-07T23:40:11.715+0000] {logging_mixin.py:188} INFO - [2024-05-07T23:40:11.713+0000] {dag.py:3954} INFO - Setting next_dagrun for example_subdag_operator.section-2 to None, run_after=None
[2024-05-07T23:40:11.873+0000] {logging_mixin.py:188} INFO - [2024-05-07T23:40:11.872+0000] {dag.py:3096} INFO - Sync 2 DAGs
[2024-05-07T23:40:11.951+0000] {logging_mixin.py:188} INFO - [2024-05-07T23:40:11.950+0000] {dag.py:3954} INFO - Setting next_dagrun for example_subdag_operator.section-1 to None, run_after=None
[2024-05-07T23:40:11.961+0000] {logging_mixin.py:188} INFO - [2024-05-07T23:40:11.961+0000] {dag.py:3954} INFO - Setting next_dagrun for example_subdag_operator.section-2 to None, run_after=None
[2024-05-07T23:40:12.036+0000] {processor.py:183} INFO - Processing /home/airflow/.local/lib/python3.12/site-packages/airflow/example_dags/example_subdag_operator.py took 7.389 seconds
