[2024-05-07T23:37:02.345+0000] {processor.py:161} INFO - Started process (PID=97) to work on /home/airflow/.local/lib/python3.12/site-packages/airflow/example_dags/example_params_trigger_ui.py
[2024-05-07T23:37:02.473+0000] {processor.py:830} INFO - Processing file /home/airflow/.local/lib/python3.12/site-packages/airflow/example_dags/example_params_trigger_ui.py for tasks to queue
[2024-05-07T23:37:02.621+0000] {logging_mixin.py:188} INFO - [2024-05-07T23:37:02.620+0000] {dagbag.py:545} INFO - Filling up the DagBag from /home/airflow/.local/lib/python3.12/site-packages/airflow/example_dags/example_params_trigger_ui.py
[2024-05-07T23:37:03.929+0000] {processor.py:840} INFO - DAG(s) 'example_params_trigger_ui' retrieved from /home/airflow/.local/lib/python3.12/site-packages/airflow/example_dags/example_params_trigger_ui.py
[2024-05-07T23:37:06.271+0000] {logging_mixin.py:188} INFO - [2024-05-07T23:37:06.271+0000] {dag.py:3096} INFO - Sync 1 DAGs
[2024-05-07T23:37:06.428+0000] {logging_mixin.py:188} INFO - [2024-05-07T23:37:06.428+0000] {dag.py:3954} INFO - Setting next_dagrun for example_params_trigger_ui to None, run_after=None
[2024-05-07T23:37:06.556+0000] {processor.py:183} INFO - Processing /home/airflow/.local/lib/python3.12/site-packages/airflow/example_dags/example_params_trigger_ui.py took 4.644 seconds
[2024-05-07T23:39:25.480+0000] {processor.py:161} INFO - Started process (PID=171) to work on /home/airflow/.local/lib/python3.12/site-packages/airflow/example_dags/example_params_trigger_ui.py
[2024-05-07T23:39:25.491+0000] {processor.py:830} INFO - Processing file /home/airflow/.local/lib/python3.12/site-packages/airflow/example_dags/example_params_trigger_ui.py for tasks to queue
[2024-05-07T23:39:25.510+0000] {logging_mixin.py:188} INFO - [2024-05-07T23:39:25.506+0000] {dagbag.py:545} INFO - Filling up the DagBag from /home/airflow/.local/lib/python3.12/site-packages/airflow/example_dags/example_params_trigger_ui.py
[2024-05-07T23:39:25.653+0000] {processor.py:840} INFO - DAG(s) 'example_params_trigger_ui' retrieved from /home/airflow/.local/lib/python3.12/site-packages/airflow/example_dags/example_params_trigger_ui.py
[2024-05-07T23:39:25.972+0000] {logging_mixin.py:188} INFO - [2024-05-07T23:39:25.971+0000] {dag.py:3096} INFO - Sync 1 DAGs
[2024-05-07T23:39:26.058+0000] {logging_mixin.py:188} INFO - [2024-05-07T23:39:26.058+0000] {dag.py:3954} INFO - Setting next_dagrun for example_params_trigger_ui to None, run_after=None
[2024-05-07T23:39:26.193+0000] {processor.py:183} INFO - Processing /home/airflow/.local/lib/python3.12/site-packages/airflow/example_dags/example_params_trigger_ui.py took 0.733 seconds
[2024-05-07T23:41:15.236+0000] {processor.py:161} INFO - Started process (PID=216) to work on /home/airflow/.local/lib/python3.12/site-packages/airflow/example_dags/example_params_trigger_ui.py
[2024-05-07T23:41:15.279+0000] {processor.py:830} INFO - Processing file /home/airflow/.local/lib/python3.12/site-packages/airflow/example_dags/example_params_trigger_ui.py for tasks to queue
[2024-05-07T23:41:15.652+0000] {logging_mixin.py:188} INFO - [2024-05-07T23:41:15.604+0000] {dagbag.py:545} INFO - Filling up the DagBag from /home/airflow/.local/lib/python3.12/site-packages/airflow/example_dags/example_params_trigger_ui.py
[2024-05-07T23:41:17.505+0000] {processor.py:840} INFO - DAG(s) 'example_params_trigger_ui' retrieved from /home/airflow/.local/lib/python3.12/site-packages/airflow/example_dags/example_params_trigger_ui.py
[2024-05-07T23:41:18.825+0000] {logging_mixin.py:188} INFO - [2024-05-07T23:41:18.798+0000] {dag.py:3096} INFO - Sync 1 DAGs
[2024-05-07T23:41:19.288+0000] {logging_mixin.py:188} INFO - [2024-05-07T23:41:19.284+0000] {dag.py:3954} INFO - Setting next_dagrun for example_params_trigger_ui to None, run_after=None
[2024-05-07T23:41:19.886+0000] {processor.py:183} INFO - Processing /home/airflow/.local/lib/python3.12/site-packages/airflow/example_dags/example_params_trigger_ui.py took 4.781 seconds
[2024-05-07T23:58:38.208+0000] {processor.py:161} INFO - Started process (PID=290) to work on /home/airflow/.local/lib/python3.12/site-packages/airflow/example_dags/example_params_trigger_ui.py
[2024-05-07T23:58:38.312+0000] {processor.py:830} INFO - Processing file /home/airflow/.local/lib/python3.12/site-packages/airflow/example_dags/example_params_trigger_ui.py for tasks to queue
[2024-05-07T23:58:40.537+0000] {logging_mixin.py:188} INFO - [2024-05-07T23:58:40.457+0000] {dagbag.py:545} INFO - Filling up the DagBag from /home/airflow/.local/lib/python3.12/site-packages/airflow/example_dags/example_params_trigger_ui.py
[2024-05-07T23:58:45.691+0000] {processor.py:840} INFO - DAG(s) 'example_params_trigger_ui' retrieved from /home/airflow/.local/lib/python3.12/site-packages/airflow/example_dags/example_params_trigger_ui.py
[2024-05-07T23:58:53.176+0000] {logging_mixin.py:188} INFO - [2024-05-07T23:58:52.945+0000] {dag.py:3096} INFO - Sync 1 DAGs
[2024-05-07T23:58:57.513+0000] {logging_mixin.py:188} INFO - [2024-05-07T23:58:57.491+0000] {dag.py:3954} INFO - Setting next_dagrun for example_params_trigger_ui to None, run_after=None
[2024-05-07T23:59:01.487+0000] {processor.py:183} INFO - Processing /home/airflow/.local/lib/python3.12/site-packages/airflow/example_dags/example_params_trigger_ui.py took 25.109 seconds
