[2024-05-07T23:38:12.533+0000] {processor.py:161} INFO - Started process (PID=120) to work on /home/airflow/.local/lib/python3.12/site-packages/airflow/example_dags/tutorial_dag.py
[2024-05-07T23:38:12.613+0000] {processor.py:830} INFO - Processing file /home/airflow/.local/lib/python3.12/site-packages/airflow/example_dags/tutorial_dag.py for tasks to queue
[2024-05-07T23:38:12.833+0000] {logging_mixin.py:188} INFO - [2024-05-07T23:38:12.829+0000] {dagbag.py:545} INFO - Filling up the DagBag from /home/airflow/.local/lib/python3.12/site-packages/airflow/example_dags/tutorial_dag.py
[2024-05-07T23:38:13.252+0000] {processor.py:840} INFO - DAG(s) 'tutorial_dag' retrieved from /home/airflow/.local/lib/python3.12/site-packages/airflow/example_dags/tutorial_dag.py
[2024-05-07T23:38:15.468+0000] {logging_mixin.py:188} INFO - [2024-05-07T23:38:15.433+0000] {dag.py:3096} INFO - Sync 1 DAGs
[2024-05-07T23:38:18.352+0000] {logging_mixin.py:188} INFO - [2024-05-07T23:38:18.306+0000] {dag.py:3954} INFO - Setting next_dagrun for tutorial_dag to None, run_after=None
[2024-05-07T23:38:20.038+0000] {processor.py:183} INFO - Processing /home/airflow/.local/lib/python3.12/site-packages/airflow/example_dags/tutorial_dag.py took 7.806 seconds
[2024-05-07T23:40:02.537+0000] {processor.py:161} INFO - Started process (PID=189) to work on /home/airflow/.local/lib/python3.12/site-packages/airflow/example_dags/tutorial_dag.py
[2024-05-07T23:40:02.568+0000] {processor.py:830} INFO - Processing file /home/airflow/.local/lib/python3.12/site-packages/airflow/example_dags/tutorial_dag.py for tasks to queue
[2024-05-07T23:40:02.610+0000] {logging_mixin.py:188} INFO - [2024-05-07T23:40:02.596+0000] {dagbag.py:545} INFO - Filling up the DagBag from /home/airflow/.local/lib/python3.12/site-packages/airflow/example_dags/tutorial_dag.py
[2024-05-07T23:40:02.709+0000] {processor.py:840} INFO - DAG(s) 'tutorial_dag' retrieved from /home/airflow/.local/lib/python3.12/site-packages/airflow/example_dags/tutorial_dag.py
[2024-05-07T23:40:02.996+0000] {logging_mixin.py:188} INFO - [2024-05-07T23:40:02.995+0000] {dag.py:3096} INFO - Sync 1 DAGs
[2024-05-07T23:40:03.353+0000] {logging_mixin.py:188} INFO - [2024-05-07T23:40:03.351+0000] {dag.py:3954} INFO - Setting next_dagrun for tutorial_dag to None, run_after=None
[2024-05-07T23:40:03.723+0000] {processor.py:183} INFO - Processing /home/airflow/.local/lib/python3.12/site-packages/airflow/example_dags/tutorial_dag.py took 1.276 seconds
[2024-05-07T23:41:32.784+0000] {processor.py:161} INFO - Started process (PID=234) to work on /home/airflow/.local/lib/python3.12/site-packages/airflow/example_dags/tutorial_dag.py
[2024-05-07T23:41:32.848+0000] {processor.py:830} INFO - Processing file /home/airflow/.local/lib/python3.12/site-packages/airflow/example_dags/tutorial_dag.py for tasks to queue
[2024-05-07T23:41:32.894+0000] {logging_mixin.py:188} INFO - [2024-05-07T23:41:32.887+0000] {dagbag.py:545} INFO - Filling up the DagBag from /home/airflow/.local/lib/python3.12/site-packages/airflow/example_dags/tutorial_dag.py
[2024-05-07T23:41:33.204+0000] {processor.py:840} INFO - DAG(s) 'tutorial_dag' retrieved from /home/airflow/.local/lib/python3.12/site-packages/airflow/example_dags/tutorial_dag.py
[2024-05-07T23:41:34.077+0000] {logging_mixin.py:188} INFO - [2024-05-07T23:41:34.066+0000] {dag.py:3096} INFO - Sync 1 DAGs
[2024-05-07T23:41:34.529+0000] {logging_mixin.py:188} INFO - [2024-05-07T23:41:34.528+0000] {dag.py:3954} INFO - Setting next_dagrun for tutorial_dag to None, run_after=None
[2024-05-07T23:41:35.494+0000] {processor.py:183} INFO - Processing /home/airflow/.local/lib/python3.12/site-packages/airflow/example_dags/tutorial_dag.py took 2.865 seconds
