[2024-05-10T00:00:29.956+0000] {processor.py:161} INFO - Started process (PID=24989) to work on /home/airflow/.local/lib/python3.12/site-packages/airflow/example_dags/example_latest_only.py
[2024-05-10T00:00:29.961+0000] {processor.py:830} INFO - Processing file /home/airflow/.local/lib/python3.12/site-packages/airflow/example_dags/example_latest_only.py for tasks to queue
[2024-05-10T00:00:29.968+0000] {logging_mixin.py:188} INFO - [2024-05-10T00:00:29.967+0000] {dagbag.py:545} INFO - Filling up the DagBag from /home/airflow/.local/lib/python3.12/site-packages/airflow/example_dags/example_latest_only.py
[2024-05-10T00:00:29.982+0000] {processor.py:840} INFO - DAG(s) 'latest_only' retrieved from /home/airflow/.local/lib/python3.12/site-packages/airflow/example_dags/example_latest_only.py
[2024-05-10T00:00:30.071+0000] {logging_mixin.py:188} INFO - [2024-05-10T00:00:30.071+0000] {dag.py:3096} INFO - Sync 1 DAGs
[2024-05-10T00:00:30.102+0000] {logging_mixin.py:188} INFO - [2024-05-10T00:00:30.102+0000] {dag.py:3954} INFO - Setting next_dagrun for latest_only to 2024-05-09 20:00:00+00:00, run_after=2024-05-10 00:00:00+00:00
[2024-05-10T00:00:30.188+0000] {processor.py:183} INFO - Processing /home/airflow/.local/lib/python3.12/site-packages/airflow/example_dags/example_latest_only.py took 0.248 seconds
[2024-05-10T00:01:00.549+0000] {processor.py:161} INFO - Started process (PID=25047) to work on /home/airflow/.local/lib/python3.12/site-packages/airflow/example_dags/example_latest_only.py
[2024-05-10T00:01:00.551+0000] {processor.py:830} INFO - Processing file /home/airflow/.local/lib/python3.12/site-packages/airflow/example_dags/example_latest_only.py for tasks to queue
[2024-05-10T00:01:00.555+0000] {logging_mixin.py:188} INFO - [2024-05-10T00:01:00.554+0000] {dagbag.py:545} INFO - Filling up the DagBag from /home/airflow/.local/lib/python3.12/site-packages/airflow/example_dags/example_latest_only.py
[2024-05-10T00:01:00.562+0000] {processor.py:840} INFO - DAG(s) 'latest_only' retrieved from /home/airflow/.local/lib/python3.12/site-packages/airflow/example_dags/example_latest_only.py
[2024-05-10T00:01:00.584+0000] {logging_mixin.py:188} INFO - [2024-05-10T00:01:00.584+0000] {dag.py:3096} INFO - Sync 1 DAGs
[2024-05-10T00:01:00.602+0000] {logging_mixin.py:188} INFO - [2024-05-10T00:01:00.602+0000] {dag.py:3954} INFO - Setting next_dagrun for latest_only to 2024-05-09 20:00:00+00:00, run_after=2024-05-10 00:00:00+00:00
[2024-05-10T00:01:00.617+0000] {processor.py:183} INFO - Processing /home/airflow/.local/lib/python3.12/site-packages/airflow/example_dags/example_latest_only.py took 0.075 seconds
[2024-05-10T00:01:31.621+0000] {processor.py:161} INFO - Started process (PID=25105) to work on /home/airflow/.local/lib/python3.12/site-packages/airflow/example_dags/example_latest_only.py
[2024-05-10T00:01:31.624+0000] {processor.py:830} INFO - Processing file /home/airflow/.local/lib/python3.12/site-packages/airflow/example_dags/example_latest_only.py for tasks to queue
[2024-05-10T00:01:31.628+0000] {logging_mixin.py:188} INFO - [2024-05-10T00:01:31.628+0000] {dagbag.py:545} INFO - Filling up the DagBag from /home/airflow/.local/lib/python3.12/site-packages/airflow/example_dags/example_latest_only.py
[2024-05-10T00:01:31.634+0000] {processor.py:840} INFO - DAG(s) 'latest_only' retrieved from /home/airflow/.local/lib/python3.12/site-packages/airflow/example_dags/example_latest_only.py
[2024-05-10T00:01:31.655+0000] {logging_mixin.py:188} INFO - [2024-05-10T00:01:31.655+0000] {dag.py:3096} INFO - Sync 1 DAGs
[2024-05-10T00:01:31.677+0000] {logging_mixin.py:188} INFO - [2024-05-10T00:01:31.677+0000] {dag.py:3954} INFO - Setting next_dagrun for latest_only to 2024-05-09 20:00:00+00:00, run_after=2024-05-10 00:00:00+00:00
[2024-05-10T00:01:31.697+0000] {processor.py:183} INFO - Processing /home/airflow/.local/lib/python3.12/site-packages/airflow/example_dags/example_latest_only.py took 0.082 seconds
[2024-05-10T00:02:03.457+0000] {processor.py:161} INFO - Started process (PID=25162) to work on /home/airflow/.local/lib/python3.12/site-packages/airflow/example_dags/example_latest_only.py
[2024-05-10T00:02:03.508+0000] {processor.py:830} INFO - Processing file /home/airflow/.local/lib/python3.12/site-packages/airflow/example_dags/example_latest_only.py for tasks to queue
[2024-05-10T00:02:03.531+0000] {logging_mixin.py:188} INFO - [2024-05-10T00:02:03.529+0000] {dagbag.py:545} INFO - Filling up the DagBag from /home/airflow/.local/lib/python3.12/site-packages/airflow/example_dags/example_latest_only.py
[2024-05-10T00:02:03.585+0000] {processor.py:840} INFO - DAG(s) 'latest_only' retrieved from /home/airflow/.local/lib/python3.12/site-packages/airflow/example_dags/example_latest_only.py
[2024-05-10T00:02:03.721+0000] {logging_mixin.py:188} INFO - [2024-05-10T00:02:03.720+0000] {dag.py:3096} INFO - Sync 1 DAGs
[2024-05-10T00:02:03.794+0000] {logging_mixin.py:188} INFO - [2024-05-10T00:02:03.794+0000] {dag.py:3954} INFO - Setting next_dagrun for latest_only to 2024-05-09 20:00:00+00:00, run_after=2024-05-10 00:00:00+00:00
[2024-05-10T00:02:03.824+0000] {processor.py:183} INFO - Processing /home/airflow/.local/lib/python3.12/site-packages/airflow/example_dags/example_latest_only.py took 0.406 seconds
[2024-05-10T00:02:34.278+0000] {processor.py:161} INFO - Started process (PID=25220) to work on /home/airflow/.local/lib/python3.12/site-packages/airflow/example_dags/example_latest_only.py
[2024-05-10T00:02:34.285+0000] {processor.py:830} INFO - Processing file /home/airflow/.local/lib/python3.12/site-packages/airflow/example_dags/example_latest_only.py for tasks to queue
[2024-05-10T00:02:34.294+0000] {logging_mixin.py:188} INFO - [2024-05-10T00:02:34.293+0000] {dagbag.py:545} INFO - Filling up the DagBag from /home/airflow/.local/lib/python3.12/site-packages/airflow/example_dags/example_latest_only.py
[2024-05-10T00:02:34.306+0000] {processor.py:840} INFO - DAG(s) 'latest_only' retrieved from /home/airflow/.local/lib/python3.12/site-packages/airflow/example_dags/example_latest_only.py
[2024-05-10T00:02:34.352+0000] {logging_mixin.py:188} INFO - [2024-05-10T00:02:34.352+0000] {dag.py:3096} INFO - Sync 1 DAGs
[2024-05-10T00:02:34.435+0000] {logging_mixin.py:188} INFO - [2024-05-10T00:02:34.435+0000] {dag.py:3954} INFO - Setting next_dagrun for latest_only to 2024-05-09 20:00:00+00:00, run_after=2024-05-10 00:00:00+00:00
[2024-05-10T00:02:34.501+0000] {processor.py:183} INFO - Processing /home/airflow/.local/lib/python3.12/site-packages/airflow/example_dags/example_latest_only.py took 0.233 seconds
[2024-05-10T00:03:04.598+0000] {processor.py:161} INFO - Started process (PID=25278) to work on /home/airflow/.local/lib/python3.12/site-packages/airflow/example_dags/example_latest_only.py
[2024-05-10T00:03:04.601+0000] {processor.py:830} INFO - Processing file /home/airflow/.local/lib/python3.12/site-packages/airflow/example_dags/example_latest_only.py for tasks to queue
[2024-05-10T00:03:04.606+0000] {logging_mixin.py:188} INFO - [2024-05-10T00:03:04.605+0000] {dagbag.py:545} INFO - Filling up the DagBag from /home/airflow/.local/lib/python3.12/site-packages/airflow/example_dags/example_latest_only.py
[2024-05-10T00:03:04.612+0000] {processor.py:840} INFO - DAG(s) 'latest_only' retrieved from /home/airflow/.local/lib/python3.12/site-packages/airflow/example_dags/example_latest_only.py
[2024-05-10T00:03:04.631+0000] {logging_mixin.py:188} INFO - [2024-05-10T00:03:04.631+0000] {dag.py:3096} INFO - Sync 1 DAGs
[2024-05-10T00:03:04.648+0000] {logging_mixin.py:188} INFO - [2024-05-10T00:03:04.648+0000] {dag.py:3954} INFO - Setting next_dagrun for latest_only to 2024-05-09 20:00:00+00:00, run_after=2024-05-10 00:00:00+00:00
[2024-05-10T00:03:04.664+0000] {processor.py:183} INFO - Processing /home/airflow/.local/lib/python3.12/site-packages/airflow/example_dags/example_latest_only.py took 0.071 seconds
[2024-05-10T00:06:03.665+0000] {processor.py:161} INFO - Started process (PID=38) to work on /home/airflow/.local/lib/python3.12/site-packages/airflow/example_dags/example_latest_only.py
[2024-05-10T00:06:03.674+0000] {processor.py:830} INFO - Processing file /home/airflow/.local/lib/python3.12/site-packages/airflow/example_dags/example_latest_only.py for tasks to queue
[2024-05-10T00:06:03.691+0000] {logging_mixin.py:188} INFO - [2024-05-10T00:06:03.689+0000] {dagbag.py:545} INFO - Filling up the DagBag from /home/airflow/.local/lib/python3.12/site-packages/airflow/example_dags/example_latest_only.py
[2024-05-10T00:06:03.711+0000] {processor.py:840} INFO - DAG(s) 'latest_only' retrieved from /home/airflow/.local/lib/python3.12/site-packages/airflow/example_dags/example_latest_only.py
[2024-05-10T00:06:03.774+0000] {logging_mixin.py:188} INFO - [2024-05-10T00:06:03.773+0000] {dag.py:3096} INFO - Sync 1 DAGs
[2024-05-10T00:06:03.850+0000] {logging_mixin.py:188} INFO - [2024-05-10T00:06:03.849+0000] {dag.py:3954} INFO - Setting next_dagrun for latest_only to 2024-05-09 20:00:00+00:00, run_after=2024-05-10 00:00:00+00:00
[2024-05-10T00:06:03.915+0000] {processor.py:183} INFO - Processing /home/airflow/.local/lib/python3.12/site-packages/airflow/example_dags/example_latest_only.py took 0.260 seconds
