[2024-05-10T00:00:32.094+0000] {processor.py:161} INFO - Started process (PID=24998) to work on /home/airflow/.local/lib/python3.12/site-packages/airflow/example_dags/example_python_operator.py
[2024-05-10T00:00:32.115+0000] {processor.py:830} INFO - Processing file /home/airflow/.local/lib/python3.12/site-packages/airflow/example_dags/example_python_operator.py for tasks to queue
[2024-05-10T00:00:32.124+0000] {logging_mixin.py:188} INFO - [2024-05-10T00:00:32.123+0000] {dagbag.py:545} INFO - Filling up the DagBag from /home/airflow/.local/lib/python3.12/site-packages/airflow/example_dags/example_python_operator.py
[2024-05-10T00:00:32.145+0000] {processor.py:840} INFO - DAG(s) 'example_python_operator' retrieved from /home/airflow/.local/lib/python3.12/site-packages/airflow/example_dags/example_python_operator.py
[2024-05-10T00:00:32.184+0000] {logging_mixin.py:188} INFO - [2024-05-10T00:00:32.183+0000] {dag.py:3096} INFO - Sync 1 DAGs
[2024-05-10T00:00:32.208+0000] {logging_mixin.py:188} INFO - [2024-05-10T00:00:32.208+0000] {dag.py:3954} INFO - Setting next_dagrun for example_python_operator to None, run_after=None
[2024-05-10T00:00:32.262+0000] {processor.py:183} INFO - Processing /home/airflow/.local/lib/python3.12/site-packages/airflow/example_dags/example_python_operator.py took 0.183 seconds
[2024-05-10T00:01:03.037+0000] {processor.py:161} INFO - Started process (PID=25056) to work on /home/airflow/.local/lib/python3.12/site-packages/airflow/example_dags/example_python_operator.py
[2024-05-10T00:01:03.042+0000] {processor.py:830} INFO - Processing file /home/airflow/.local/lib/python3.12/site-packages/airflow/example_dags/example_python_operator.py for tasks to queue
[2024-05-10T00:01:03.048+0000] {logging_mixin.py:188} INFO - [2024-05-10T00:01:03.048+0000] {dagbag.py:545} INFO - Filling up the DagBag from /home/airflow/.local/lib/python3.12/site-packages/airflow/example_dags/example_python_operator.py
[2024-05-10T00:01:03.073+0000] {processor.py:840} INFO - DAG(s) 'example_python_operator' retrieved from /home/airflow/.local/lib/python3.12/site-packages/airflow/example_dags/example_python_operator.py
[2024-05-10T00:01:03.105+0000] {logging_mixin.py:188} INFO - [2024-05-10T00:01:03.105+0000] {dag.py:3096} INFO - Sync 1 DAGs
[2024-05-10T00:01:03.120+0000] {logging_mixin.py:188} INFO - [2024-05-10T00:01:03.119+0000] {dag.py:3954} INFO - Setting next_dagrun for example_python_operator to None, run_after=None
[2024-05-10T00:01:03.142+0000] {processor.py:183} INFO - Processing /home/airflow/.local/lib/python3.12/site-packages/airflow/example_dags/example_python_operator.py took 0.117 seconds
[2024-05-10T00:01:34.083+0000] {processor.py:161} INFO - Started process (PID=25114) to work on /home/airflow/.local/lib/python3.12/site-packages/airflow/example_dags/example_python_operator.py
[2024-05-10T00:01:34.086+0000] {processor.py:830} INFO - Processing file /home/airflow/.local/lib/python3.12/site-packages/airflow/example_dags/example_python_operator.py for tasks to queue
[2024-05-10T00:01:34.089+0000] {logging_mixin.py:188} INFO - [2024-05-10T00:01:34.089+0000] {dagbag.py:545} INFO - Filling up the DagBag from /home/airflow/.local/lib/python3.12/site-packages/airflow/example_dags/example_python_operator.py
[2024-05-10T00:01:34.100+0000] {processor.py:840} INFO - DAG(s) 'example_python_operator' retrieved from /home/airflow/.local/lib/python3.12/site-packages/airflow/example_dags/example_python_operator.py
[2024-05-10T00:01:34.138+0000] {logging_mixin.py:188} INFO - [2024-05-10T00:01:34.138+0000] {dag.py:3096} INFO - Sync 1 DAGs
[2024-05-10T00:01:34.156+0000] {logging_mixin.py:188} INFO - [2024-05-10T00:01:34.155+0000] {dag.py:3954} INFO - Setting next_dagrun for example_python_operator to None, run_after=None
[2024-05-10T00:01:34.194+0000] {processor.py:183} INFO - Processing /home/airflow/.local/lib/python3.12/site-packages/airflow/example_dags/example_python_operator.py took 0.116 seconds
[2024-05-10T00:02:08.684+0000] {processor.py:161} INFO - Started process (PID=25171) to work on /home/airflow/.local/lib/python3.12/site-packages/airflow/example_dags/example_python_operator.py
[2024-05-10T00:02:08.692+0000] {processor.py:830} INFO - Processing file /home/airflow/.local/lib/python3.12/site-packages/airflow/example_dags/example_python_operator.py for tasks to queue
[2024-05-10T00:02:08.697+0000] {logging_mixin.py:188} INFO - [2024-05-10T00:02:08.697+0000] {dagbag.py:545} INFO - Filling up the DagBag from /home/airflow/.local/lib/python3.12/site-packages/airflow/example_dags/example_python_operator.py
[2024-05-10T00:02:08.715+0000] {processor.py:840} INFO - DAG(s) 'example_python_operator' retrieved from /home/airflow/.local/lib/python3.12/site-packages/airflow/example_dags/example_python_operator.py
[2024-05-10T00:02:08.760+0000] {logging_mixin.py:188} INFO - [2024-05-10T00:02:08.759+0000] {dag.py:3096} INFO - Sync 1 DAGs
[2024-05-10T00:02:08.783+0000] {logging_mixin.py:188} INFO - [2024-05-10T00:02:08.782+0000] {dag.py:3954} INFO - Setting next_dagrun for example_python_operator to None, run_after=None
[2024-05-10T00:02:08.814+0000] {processor.py:183} INFO - Processing /home/airflow/.local/lib/python3.12/site-packages/airflow/example_dags/example_python_operator.py took 0.138 seconds
[2024-05-10T00:02:38.985+0000] {processor.py:161} INFO - Started process (PID=25229) to work on /home/airflow/.local/lib/python3.12/site-packages/airflow/example_dags/example_python_operator.py
[2024-05-10T00:02:38.997+0000] {processor.py:830} INFO - Processing file /home/airflow/.local/lib/python3.12/site-packages/airflow/example_dags/example_python_operator.py for tasks to queue
[2024-05-10T00:02:39.011+0000] {logging_mixin.py:188} INFO - [2024-05-10T00:02:39.010+0000] {dagbag.py:545} INFO - Filling up the DagBag from /home/airflow/.local/lib/python3.12/site-packages/airflow/example_dags/example_python_operator.py
[2024-05-10T00:02:39.031+0000] {processor.py:840} INFO - DAG(s) 'example_python_operator' retrieved from /home/airflow/.local/lib/python3.12/site-packages/airflow/example_dags/example_python_operator.py
[2024-05-10T00:02:39.063+0000] {logging_mixin.py:188} INFO - [2024-05-10T00:02:39.063+0000] {dag.py:3096} INFO - Sync 1 DAGs
[2024-05-10T00:02:39.100+0000] {logging_mixin.py:188} INFO - [2024-05-10T00:02:39.100+0000] {dag.py:3954} INFO - Setting next_dagrun for example_python_operator to None, run_after=None
[2024-05-10T00:02:39.133+0000] {processor.py:183} INFO - Processing /home/airflow/.local/lib/python3.12/site-packages/airflow/example_dags/example_python_operator.py took 0.156 seconds
[2024-05-10T00:03:10.216+0000] {processor.py:161} INFO - Started process (PID=25287) to work on /home/airflow/.local/lib/python3.12/site-packages/airflow/example_dags/example_python_operator.py
[2024-05-10T00:03:10.256+0000] {processor.py:830} INFO - Processing file /home/airflow/.local/lib/python3.12/site-packages/airflow/example_dags/example_python_operator.py for tasks to queue
[2024-05-10T00:03:10.297+0000] {logging_mixin.py:188} INFO - [2024-05-10T00:03:10.291+0000] {dagbag.py:545} INFO - Filling up the DagBag from /home/airflow/.local/lib/python3.12/site-packages/airflow/example_dags/example_python_operator.py
[2024-05-10T00:03:10.400+0000] {processor.py:840} INFO - DAG(s) 'example_python_operator' retrieved from /home/airflow/.local/lib/python3.12/site-packages/airflow/example_dags/example_python_operator.py
[2024-05-10T00:03:11.680+0000] {logging_mixin.py:188} INFO - [2024-05-10T00:03:11.661+0000] {dag.py:3096} INFO - Sync 1 DAGs
[2024-05-10T00:03:12.344+0000] {logging_mixin.py:188} INFO - [2024-05-10T00:03:12.337+0000] {dag.py:3954} INFO - Setting next_dagrun for example_python_operator to None, run_after=None
[2024-05-10T00:03:12.765+0000] {processor.py:183} INFO - Processing /home/airflow/.local/lib/python3.12/site-packages/airflow/example_dags/example_python_operator.py took 2.568 seconds
[2024-05-10T00:06:08.500+0000] {processor.py:161} INFO - Started process (PID=47) to work on /home/airflow/.local/lib/python3.12/site-packages/airflow/example_dags/example_python_operator.py
[2024-05-10T00:06:08.508+0000] {processor.py:830} INFO - Processing file /home/airflow/.local/lib/python3.12/site-packages/airflow/example_dags/example_python_operator.py for tasks to queue
[2024-05-10T00:06:08.527+0000] {logging_mixin.py:188} INFO - [2024-05-10T00:06:08.526+0000] {dagbag.py:545} INFO - Filling up the DagBag from /home/airflow/.local/lib/python3.12/site-packages/airflow/example_dags/example_python_operator.py
[2024-05-10T00:06:08.664+0000] {processor.py:840} INFO - DAG(s) 'example_python_operator' retrieved from /home/airflow/.local/lib/python3.12/site-packages/airflow/example_dags/example_python_operator.py
[2024-05-10T00:06:09.421+0000] {logging_mixin.py:188} INFO - [2024-05-10T00:06:09.419+0000] {dag.py:3096} INFO - Sync 1 DAGs
[2024-05-10T00:06:09.497+0000] {logging_mixin.py:188} INFO - [2024-05-10T00:06:09.497+0000] {dag.py:3954} INFO - Setting next_dagrun for example_python_operator to None, run_after=None
[2024-05-10T00:06:09.756+0000] {processor.py:183} INFO - Processing /home/airflow/.local/lib/python3.12/site-packages/airflow/example_dags/example_python_operator.py took 1.284 seconds
