[2024-05-10T00:00:03.730+0000] {processor.py:161} INFO - Started process (PID=24974) to work on /home/airflow/.local/lib/python3.12/site-packages/airflow/example_dags/example_bash_operator.py
[2024-05-10T00:00:03.734+0000] {processor.py:830} INFO - Processing file /home/airflow/.local/lib/python3.12/site-packages/airflow/example_dags/example_bash_operator.py for tasks to queue
[2024-05-10T00:00:03.738+0000] {logging_mixin.py:188} INFO - [2024-05-10T00:00:03.738+0000] {dagbag.py:545} INFO - Filling up the DagBag from /home/airflow/.local/lib/python3.12/site-packages/airflow/example_dags/example_bash_operator.py
[2024-05-10T00:00:03.756+0000] {processor.py:840} INFO - DAG(s) 'example_bash_operator' retrieved from /home/airflow/.local/lib/python3.12/site-packages/airflow/example_dags/example_bash_operator.py
[2024-05-10T00:00:03.794+0000] {logging_mixin.py:188} INFO - [2024-05-10T00:00:03.794+0000] {dag.py:3096} INFO - Sync 1 DAGs
[2024-05-10T00:00:03.823+0000] {logging_mixin.py:188} INFO - [2024-05-10T00:00:03.823+0000] {dag.py:3954} INFO - Setting next_dagrun for example_bash_operator to 2024-05-09 00:00:00+00:00, run_after=2024-05-10 00:00:00+00:00
[2024-05-10T00:00:03.848+0000] {processor.py:183} INFO - Processing /home/airflow/.local/lib/python3.12/site-packages/airflow/example_dags/example_bash_operator.py took 0.125 seconds
[2024-05-10T00:00:35.569+0000] {processor.py:161} INFO - Started process (PID=25032) to work on /home/airflow/.local/lib/python3.12/site-packages/airflow/example_dags/example_bash_operator.py
[2024-05-10T00:00:35.572+0000] {processor.py:830} INFO - Processing file /home/airflow/.local/lib/python3.12/site-packages/airflow/example_dags/example_bash_operator.py for tasks to queue
[2024-05-10T00:00:35.574+0000] {logging_mixin.py:188} INFO - [2024-05-10T00:00:35.574+0000] {dagbag.py:545} INFO - Filling up the DagBag from /home/airflow/.local/lib/python3.12/site-packages/airflow/example_dags/example_bash_operator.py
[2024-05-10T00:00:35.585+0000] {processor.py:840} INFO - DAG(s) 'example_bash_operator' retrieved from /home/airflow/.local/lib/python3.12/site-packages/airflow/example_dags/example_bash_operator.py
[2024-05-10T00:00:35.612+0000] {logging_mixin.py:188} INFO - [2024-05-10T00:00:35.612+0000] {dag.py:3096} INFO - Sync 1 DAGs
[2024-05-10T00:00:35.633+0000] {logging_mixin.py:188} INFO - [2024-05-10T00:00:35.633+0000] {dag.py:3954} INFO - Setting next_dagrun for example_bash_operator to 2024-05-09 00:00:00+00:00, run_after=2024-05-10 00:00:00+00:00
[2024-05-10T00:00:35.652+0000] {processor.py:183} INFO - Processing /home/airflow/.local/lib/python3.12/site-packages/airflow/example_dags/example_bash_operator.py took 0.089 seconds
[2024-05-10T00:01:07.618+0000] {processor.py:161} INFO - Started process (PID=25090) to work on /home/airflow/.local/lib/python3.12/site-packages/airflow/example_dags/example_bash_operator.py
[2024-05-10T00:01:07.623+0000] {processor.py:830} INFO - Processing file /home/airflow/.local/lib/python3.12/site-packages/airflow/example_dags/example_bash_operator.py for tasks to queue
[2024-05-10T00:01:07.632+0000] {logging_mixin.py:188} INFO - [2024-05-10T00:01:07.632+0000] {dagbag.py:545} INFO - Filling up the DagBag from /home/airflow/.local/lib/python3.12/site-packages/airflow/example_dags/example_bash_operator.py
[2024-05-10T00:01:07.663+0000] {processor.py:840} INFO - DAG(s) 'example_bash_operator' retrieved from /home/airflow/.local/lib/python3.12/site-packages/airflow/example_dags/example_bash_operator.py
[2024-05-10T00:01:07.733+0000] {logging_mixin.py:188} INFO - [2024-05-10T00:01:07.733+0000] {dag.py:3096} INFO - Sync 1 DAGs
[2024-05-10T00:01:07.902+0000] {logging_mixin.py:188} INFO - [2024-05-10T00:01:07.900+0000] {dag.py:3954} INFO - Setting next_dagrun for example_bash_operator to 2024-05-09 00:00:00+00:00, run_after=2024-05-10 00:00:00+00:00
[2024-05-10T00:01:07.978+0000] {processor.py:183} INFO - Processing /home/airflow/.local/lib/python3.12/site-packages/airflow/example_dags/example_bash_operator.py took 0.370 seconds
[2024-05-10T00:01:39.017+0000] {processor.py:161} INFO - Started process (PID=25148) to work on /home/airflow/.local/lib/python3.12/site-packages/airflow/example_dags/example_bash_operator.py
[2024-05-10T00:01:39.024+0000] {processor.py:830} INFO - Processing file /home/airflow/.local/lib/python3.12/site-packages/airflow/example_dags/example_bash_operator.py for tasks to queue
[2024-05-10T00:01:39.029+0000] {logging_mixin.py:188} INFO - [2024-05-10T00:01:39.028+0000] {dagbag.py:545} INFO - Filling up the DagBag from /home/airflow/.local/lib/python3.12/site-packages/airflow/example_dags/example_bash_operator.py
[2024-05-10T00:01:39.049+0000] {processor.py:840} INFO - DAG(s) 'example_bash_operator' retrieved from /home/airflow/.local/lib/python3.12/site-packages/airflow/example_dags/example_bash_operator.py
[2024-05-10T00:01:39.085+0000] {logging_mixin.py:188} INFO - [2024-05-10T00:01:39.084+0000] {dag.py:3096} INFO - Sync 1 DAGs
[2024-05-10T00:01:39.114+0000] {logging_mixin.py:188} INFO - [2024-05-10T00:01:39.114+0000] {dag.py:3954} INFO - Setting next_dagrun for example_bash_operator to 2024-05-09 00:00:00+00:00, run_after=2024-05-10 00:00:00+00:00
[2024-05-10T00:01:39.140+0000] {processor.py:183} INFO - Processing /home/airflow/.local/lib/python3.12/site-packages/airflow/example_dags/example_bash_operator.py took 0.130 seconds
[2024-05-10T00:02:23.155+0000] {processor.py:161} INFO - Started process (PID=25205) to work on /home/airflow/.local/lib/python3.12/site-packages/airflow/example_dags/example_bash_operator.py
[2024-05-10T00:02:23.164+0000] {processor.py:830} INFO - Processing file /home/airflow/.local/lib/python3.12/site-packages/airflow/example_dags/example_bash_operator.py for tasks to queue
[2024-05-10T00:02:23.171+0000] {logging_mixin.py:188} INFO - [2024-05-10T00:02:23.170+0000] {dagbag.py:545} INFO - Filling up the DagBag from /home/airflow/.local/lib/python3.12/site-packages/airflow/example_dags/example_bash_operator.py
[2024-05-10T00:02:23.213+0000] {processor.py:840} INFO - DAG(s) 'example_bash_operator' retrieved from /home/airflow/.local/lib/python3.12/site-packages/airflow/example_dags/example_bash_operator.py
[2024-05-10T00:02:23.297+0000] {logging_mixin.py:188} INFO - [2024-05-10T00:02:23.296+0000] {dag.py:3096} INFO - Sync 1 DAGs
[2024-05-10T00:02:23.391+0000] {logging_mixin.py:188} INFO - [2024-05-10T00:02:23.389+0000] {dag.py:3954} INFO - Setting next_dagrun for example_bash_operator to 2024-05-09 00:00:00+00:00, run_after=2024-05-10 00:00:00+00:00
[2024-05-10T00:02:23.497+0000] {processor.py:183} INFO - Processing /home/airflow/.local/lib/python3.12/site-packages/airflow/example_dags/example_bash_operator.py took 0.361 seconds
[2024-05-10T00:02:54.221+0000] {processor.py:161} INFO - Started process (PID=25263) to work on /home/airflow/.local/lib/python3.12/site-packages/airflow/example_dags/example_bash_operator.py
[2024-05-10T00:02:54.226+0000] {processor.py:830} INFO - Processing file /home/airflow/.local/lib/python3.12/site-packages/airflow/example_dags/example_bash_operator.py for tasks to queue
[2024-05-10T00:02:54.233+0000] {logging_mixin.py:188} INFO - [2024-05-10T00:02:54.231+0000] {dagbag.py:545} INFO - Filling up the DagBag from /home/airflow/.local/lib/python3.12/site-packages/airflow/example_dags/example_bash_operator.py
[2024-05-10T00:02:54.261+0000] {processor.py:840} INFO - DAG(s) 'example_bash_operator' retrieved from /home/airflow/.local/lib/python3.12/site-packages/airflow/example_dags/example_bash_operator.py
[2024-05-10T00:02:54.302+0000] {logging_mixin.py:188} INFO - [2024-05-10T00:02:54.302+0000] {dag.py:3096} INFO - Sync 1 DAGs
[2024-05-10T00:02:54.329+0000] {logging_mixin.py:188} INFO - [2024-05-10T00:02:54.329+0000] {dag.py:3954} INFO - Setting next_dagrun for example_bash_operator to 2024-05-09 00:00:00+00:00, run_after=2024-05-10 00:00:00+00:00
[2024-05-10T00:02:54.397+0000] {processor.py:183} INFO - Processing /home/airflow/.local/lib/python3.12/site-packages/airflow/example_dags/example_bash_operator.py took 0.191 seconds
[2024-05-10T00:06:16.173+0000] {processor.py:161} INFO - Started process (PID=81) to work on /home/airflow/.local/lib/python3.12/site-packages/airflow/example_dags/example_bash_operator.py
[2024-05-10T00:06:16.184+0000] {processor.py:830} INFO - Processing file /home/airflow/.local/lib/python3.12/site-packages/airflow/example_dags/example_bash_operator.py for tasks to queue
[2024-05-10T00:06:16.189+0000] {logging_mixin.py:188} INFO - [2024-05-10T00:06:16.188+0000] {dagbag.py:545} INFO - Filling up the DagBag from /home/airflow/.local/lib/python3.12/site-packages/airflow/example_dags/example_bash_operator.py
[2024-05-10T00:06:16.210+0000] {processor.py:840} INFO - DAG(s) 'example_bash_operator' retrieved from /home/airflow/.local/lib/python3.12/site-packages/airflow/example_dags/example_bash_operator.py
[2024-05-10T00:06:16.273+0000] {logging_mixin.py:188} INFO - [2024-05-10T00:06:16.273+0000] {dag.py:3096} INFO - Sync 1 DAGs
[2024-05-10T00:06:16.322+0000] {logging_mixin.py:188} INFO - [2024-05-10T00:06:16.321+0000] {dag.py:3954} INFO - Setting next_dagrun for example_bash_operator to 2024-05-09 00:00:00+00:00, run_after=2024-05-10 00:00:00+00:00
[2024-05-10T00:06:16.382+0000] {processor.py:183} INFO - Processing /home/airflow/.local/lib/python3.12/site-packages/airflow/example_dags/example_bash_operator.py took 0.223 seconds
