[2024-05-10T00:00:30.387+0000] {processor.py:161} INFO - Started process (PID=24991) to work on /home/airflow/.local/lib/python3.12/site-packages/airflow/example_dags/example_sensor_decorator.py
[2024-05-10T00:00:30.393+0000] {processor.py:830} INFO - Processing file /home/airflow/.local/lib/python3.12/site-packages/airflow/example_dags/example_sensor_decorator.py for tasks to queue
[2024-05-10T00:00:30.403+0000] {logging_mixin.py:188} INFO - [2024-05-10T00:00:30.402+0000] {dagbag.py:545} INFO - Filling up the DagBag from /home/airflow/.local/lib/python3.12/site-packages/airflow/example_dags/example_sensor_decorator.py
[2024-05-10T00:00:30.622+0000] {processor.py:840} INFO - DAG(s) 'example_sensor_decorator' retrieved from /home/airflow/.local/lib/python3.12/site-packages/airflow/example_dags/example_sensor_decorator.py
[2024-05-10T00:00:30.720+0000] {logging_mixin.py:188} INFO - [2024-05-10T00:00:30.719+0000] {dag.py:3096} INFO - Sync 1 DAGs
[2024-05-10T00:00:30.759+0000] {logging_mixin.py:188} INFO - [2024-05-10T00:00:30.758+0000] {dag.py:3954} INFO - Setting next_dagrun for example_sensor_decorator to None, run_after=None
[2024-05-10T00:00:30.824+0000] {processor.py:183} INFO - Processing /home/airflow/.local/lib/python3.12/site-packages/airflow/example_dags/example_sensor_decorator.py took 0.456 seconds
[2024-05-10T00:01:01.746+0000] {processor.py:161} INFO - Started process (PID=25049) to work on /home/airflow/.local/lib/python3.12/site-packages/airflow/example_dags/example_sensor_decorator.py
[2024-05-10T00:01:01.760+0000] {processor.py:830} INFO - Processing file /home/airflow/.local/lib/python3.12/site-packages/airflow/example_dags/example_sensor_decorator.py for tasks to queue
[2024-05-10T00:01:01.784+0000] {logging_mixin.py:188} INFO - [2024-05-10T00:01:01.781+0000] {dagbag.py:545} INFO - Filling up the DagBag from /home/airflow/.local/lib/python3.12/site-packages/airflow/example_dags/example_sensor_decorator.py
[2024-05-10T00:01:01.852+0000] {processor.py:840} INFO - DAG(s) 'example_sensor_decorator' retrieved from /home/airflow/.local/lib/python3.12/site-packages/airflow/example_dags/example_sensor_decorator.py
[2024-05-10T00:01:01.994+0000] {logging_mixin.py:188} INFO - [2024-05-10T00:01:01.994+0000] {dag.py:3096} INFO - Sync 1 DAGs
[2024-05-10T00:01:02.085+0000] {logging_mixin.py:188} INFO - [2024-05-10T00:01:02.084+0000] {dag.py:3954} INFO - Setting next_dagrun for example_sensor_decorator to None, run_after=None
[2024-05-10T00:01:02.183+0000] {processor.py:183} INFO - Processing /home/airflow/.local/lib/python3.12/site-packages/airflow/example_dags/example_sensor_decorator.py took 0.466 seconds
[2024-05-10T00:01:32.651+0000] {processor.py:161} INFO - Started process (PID=25107) to work on /home/airflow/.local/lib/python3.12/site-packages/airflow/example_dags/example_sensor_decorator.py
[2024-05-10T00:01:32.654+0000] {processor.py:830} INFO - Processing file /home/airflow/.local/lib/python3.12/site-packages/airflow/example_dags/example_sensor_decorator.py for tasks to queue
[2024-05-10T00:01:32.656+0000] {logging_mixin.py:188} INFO - [2024-05-10T00:01:32.656+0000] {dagbag.py:545} INFO - Filling up the DagBag from /home/airflow/.local/lib/python3.12/site-packages/airflow/example_dags/example_sensor_decorator.py
[2024-05-10T00:01:32.663+0000] {processor.py:840} INFO - DAG(s) 'example_sensor_decorator' retrieved from /home/airflow/.local/lib/python3.12/site-packages/airflow/example_dags/example_sensor_decorator.py
[2024-05-10T00:01:32.685+0000] {logging_mixin.py:188} INFO - [2024-05-10T00:01:32.685+0000] {dag.py:3096} INFO - Sync 1 DAGs
[2024-05-10T00:01:32.696+0000] {logging_mixin.py:188} INFO - [2024-05-10T00:01:32.696+0000] {dag.py:3954} INFO - Setting next_dagrun for example_sensor_decorator to None, run_after=None
[2024-05-10T00:01:32.714+0000] {processor.py:183} INFO - Processing /home/airflow/.local/lib/python3.12/site-packages/airflow/example_dags/example_sensor_decorator.py took 0.068 seconds
[2024-05-10T00:02:03.980+0000] {processor.py:161} INFO - Started process (PID=25164) to work on /home/airflow/.local/lib/python3.12/site-packages/airflow/example_dags/example_sensor_decorator.py
[2024-05-10T00:02:03.993+0000] {processor.py:830} INFO - Processing file /home/airflow/.local/lib/python3.12/site-packages/airflow/example_dags/example_sensor_decorator.py for tasks to queue
[2024-05-10T00:02:04.002+0000] {logging_mixin.py:188} INFO - [2024-05-10T00:02:04.001+0000] {dagbag.py:545} INFO - Filling up the DagBag from /home/airflow/.local/lib/python3.12/site-packages/airflow/example_dags/example_sensor_decorator.py
[2024-05-10T00:02:04.015+0000] {processor.py:840} INFO - DAG(s) 'example_sensor_decorator' retrieved from /home/airflow/.local/lib/python3.12/site-packages/airflow/example_dags/example_sensor_decorator.py
[2024-05-10T00:02:04.228+0000] {logging_mixin.py:188} INFO - [2024-05-10T00:02:04.227+0000] {dag.py:3096} INFO - Sync 1 DAGs
[2024-05-10T00:02:04.399+0000] {logging_mixin.py:188} INFO - [2024-05-10T00:02:04.397+0000] {dag.py:3954} INFO - Setting next_dagrun for example_sensor_decorator to None, run_after=None
[2024-05-10T00:02:05.297+0000] {processor.py:183} INFO - Processing /home/airflow/.local/lib/python3.12/site-packages/airflow/example_dags/example_sensor_decorator.py took 1.359 seconds
[2024-05-10T00:02:35.651+0000] {processor.py:161} INFO - Started process (PID=25222) to work on /home/airflow/.local/lib/python3.12/site-packages/airflow/example_dags/example_sensor_decorator.py
[2024-05-10T00:02:35.660+0000] {processor.py:830} INFO - Processing file /home/airflow/.local/lib/python3.12/site-packages/airflow/example_dags/example_sensor_decorator.py for tasks to queue
[2024-05-10T00:02:35.667+0000] {logging_mixin.py:188} INFO - [2024-05-10T00:02:35.667+0000] {dagbag.py:545} INFO - Filling up the DagBag from /home/airflow/.local/lib/python3.12/site-packages/airflow/example_dags/example_sensor_decorator.py
[2024-05-10T00:02:35.693+0000] {processor.py:840} INFO - DAG(s) 'example_sensor_decorator' retrieved from /home/airflow/.local/lib/python3.12/site-packages/airflow/example_dags/example_sensor_decorator.py
[2024-05-10T00:02:35.771+0000] {logging_mixin.py:188} INFO - [2024-05-10T00:02:35.770+0000] {dag.py:3096} INFO - Sync 1 DAGs
[2024-05-10T00:02:35.815+0000] {logging_mixin.py:188} INFO - [2024-05-10T00:02:35.815+0000] {dag.py:3954} INFO - Setting next_dagrun for example_sensor_decorator to None, run_after=None
[2024-05-10T00:02:36.026+0000] {processor.py:183} INFO - Processing /home/airflow/.local/lib/python3.12/site-packages/airflow/example_dags/example_sensor_decorator.py took 0.392 seconds
[2024-05-10T00:03:06.976+0000] {processor.py:161} INFO - Started process (PID=25280) to work on /home/airflow/.local/lib/python3.12/site-packages/airflow/example_dags/example_sensor_decorator.py
[2024-05-10T00:03:07.059+0000] {processor.py:830} INFO - Processing file /home/airflow/.local/lib/python3.12/site-packages/airflow/example_dags/example_sensor_decorator.py for tasks to queue
[2024-05-10T00:03:07.277+0000] {logging_mixin.py:188} INFO - [2024-05-10T00:03:07.268+0000] {dagbag.py:545} INFO - Filling up the DagBag from /home/airflow/.local/lib/python3.12/site-packages/airflow/example_dags/example_sensor_decorator.py
[2024-05-10T00:03:07.645+0000] {processor.py:840} INFO - DAG(s) 'example_sensor_decorator' retrieved from /home/airflow/.local/lib/python3.12/site-packages/airflow/example_dags/example_sensor_decorator.py
[2024-05-10T00:03:08.019+0000] {logging_mixin.py:188} INFO - [2024-05-10T00:03:08.004+0000] {dag.py:3096} INFO - Sync 1 DAGs
[2024-05-10T00:03:08.145+0000] {logging_mixin.py:188} INFO - [2024-05-10T00:03:08.144+0000] {dag.py:3954} INFO - Setting next_dagrun for example_sensor_decorator to None, run_after=None
[2024-05-10T00:03:08.209+0000] {processor.py:183} INFO - Processing /home/airflow/.local/lib/python3.12/site-packages/airflow/example_dags/example_sensor_decorator.py took 1.325 seconds
[2024-05-10T00:06:04.334+0000] {processor.py:161} INFO - Started process (PID=40) to work on /home/airflow/.local/lib/python3.12/site-packages/airflow/example_dags/example_sensor_decorator.py
[2024-05-10T00:06:04.346+0000] {processor.py:830} INFO - Processing file /home/airflow/.local/lib/python3.12/site-packages/airflow/example_dags/example_sensor_decorator.py for tasks to queue
[2024-05-10T00:06:04.363+0000] {logging_mixin.py:188} INFO - [2024-05-10T00:06:04.360+0000] {dagbag.py:545} INFO - Filling up the DagBag from /home/airflow/.local/lib/python3.12/site-packages/airflow/example_dags/example_sensor_decorator.py
[2024-05-10T00:06:04.405+0000] {processor.py:840} INFO - DAG(s) 'example_sensor_decorator' retrieved from /home/airflow/.local/lib/python3.12/site-packages/airflow/example_dags/example_sensor_decorator.py
[2024-05-10T00:06:04.583+0000] {logging_mixin.py:188} INFO - [2024-05-10T00:06:04.583+0000] {dag.py:3096} INFO - Sync 1 DAGs
[2024-05-10T00:06:04.693+0000] {logging_mixin.py:188} INFO - [2024-05-10T00:06:04.692+0000] {dag.py:3954} INFO - Setting next_dagrun for example_sensor_decorator to None, run_after=None
[2024-05-10T00:06:04.862+0000] {processor.py:183} INFO - Processing /home/airflow/.local/lib/python3.12/site-packages/airflow/example_dags/example_sensor_decorator.py took 0.555 seconds
