[2024-05-10T00:00:31.380+0000] {processor.py:161} INFO - Started process (PID=24995) to work on /home/airflow/.local/lib/python3.12/site-packages/airflow/example_dags/example_setup_teardown.py
[2024-05-10T00:00:31.384+0000] {processor.py:830} INFO - Processing file /home/airflow/.local/lib/python3.12/site-packages/airflow/example_dags/example_setup_teardown.py for tasks to queue
[2024-05-10T00:00:31.392+0000] {logging_mixin.py:188} INFO - [2024-05-10T00:00:31.391+0000] {dagbag.py:545} INFO - Filling up the DagBag from /home/airflow/.local/lib/python3.12/site-packages/airflow/example_dags/example_setup_teardown.py
[2024-05-10T00:00:31.408+0000] {processor.py:840} INFO - DAG(s) 'example_setup_teardown' retrieved from /home/airflow/.local/lib/python3.12/site-packages/airflow/example_dags/example_setup_teardown.py
[2024-05-10T00:00:31.464+0000] {logging_mixin.py:188} INFO - [2024-05-10T00:00:31.461+0000] {dag.py:3096} INFO - Sync 1 DAGs
[2024-05-10T00:00:31.621+0000] {logging_mixin.py:188} INFO - [2024-05-10T00:00:31.620+0000] {dag.py:3954} INFO - Setting next_dagrun for example_setup_teardown to 2024-05-09 00:00:00+00:00, run_after=2024-05-10 00:00:00+00:00
[2024-05-10T00:00:31.712+0000] {processor.py:183} INFO - Processing /home/airflow/.local/lib/python3.12/site-packages/airflow/example_dags/example_setup_teardown.py took 0.341 seconds
[2024-05-10T00:01:02.518+0000] {processor.py:161} INFO - Started process (PID=25053) to work on /home/airflow/.local/lib/python3.12/site-packages/airflow/example_dags/example_setup_teardown.py
[2024-05-10T00:01:02.523+0000] {processor.py:830} INFO - Processing file /home/airflow/.local/lib/python3.12/site-packages/airflow/example_dags/example_setup_teardown.py for tasks to queue
[2024-05-10T00:01:02.532+0000] {logging_mixin.py:188} INFO - [2024-05-10T00:01:02.532+0000] {dagbag.py:545} INFO - Filling up the DagBag from /home/airflow/.local/lib/python3.12/site-packages/airflow/example_dags/example_setup_teardown.py
[2024-05-10T00:01:02.564+0000] {processor.py:840} INFO - DAG(s) 'example_setup_teardown' retrieved from /home/airflow/.local/lib/python3.12/site-packages/airflow/example_dags/example_setup_teardown.py
[2024-05-10T00:01:02.604+0000] {logging_mixin.py:188} INFO - [2024-05-10T00:01:02.604+0000] {dag.py:3096} INFO - Sync 1 DAGs
[2024-05-10T00:01:02.648+0000] {logging_mixin.py:188} INFO - [2024-05-10T00:01:02.648+0000] {dag.py:3954} INFO - Setting next_dagrun for example_setup_teardown to 2024-05-09 00:00:00+00:00, run_after=2024-05-10 00:00:00+00:00
[2024-05-10T00:01:02.728+0000] {processor.py:183} INFO - Processing /home/airflow/.local/lib/python3.12/site-packages/airflow/example_dags/example_setup_teardown.py took 0.221 seconds
[2024-05-10T00:01:32.946+0000] {processor.py:161} INFO - Started process (PID=25111) to work on /home/airflow/.local/lib/python3.12/site-packages/airflow/example_dags/example_setup_teardown.py
[2024-05-10T00:01:32.949+0000] {processor.py:830} INFO - Processing file /home/airflow/.local/lib/python3.12/site-packages/airflow/example_dags/example_setup_teardown.py for tasks to queue
[2024-05-10T00:01:32.952+0000] {logging_mixin.py:188} INFO - [2024-05-10T00:01:32.951+0000] {dagbag.py:545} INFO - Filling up the DagBag from /home/airflow/.local/lib/python3.12/site-packages/airflow/example_dags/example_setup_teardown.py
[2024-05-10T00:01:32.959+0000] {processor.py:840} INFO - DAG(s) 'example_setup_teardown' retrieved from /home/airflow/.local/lib/python3.12/site-packages/airflow/example_dags/example_setup_teardown.py
[2024-05-10T00:01:32.981+0000] {logging_mixin.py:188} INFO - [2024-05-10T00:01:32.980+0000] {dag.py:3096} INFO - Sync 1 DAGs
[2024-05-10T00:01:32.999+0000] {logging_mixin.py:188} INFO - [2024-05-10T00:01:32.999+0000] {dag.py:3954} INFO - Setting next_dagrun for example_setup_teardown to 2024-05-09 00:00:00+00:00, run_after=2024-05-10 00:00:00+00:00
[2024-05-10T00:01:33.018+0000] {processor.py:183} INFO - Processing /home/airflow/.local/lib/python3.12/site-packages/airflow/example_dags/example_setup_teardown.py took 0.077 seconds
[2024-05-10T00:02:07.455+0000] {processor.py:161} INFO - Started process (PID=25168) to work on /home/airflow/.local/lib/python3.12/site-packages/airflow/example_dags/example_setup_teardown.py
[2024-05-10T00:02:07.469+0000] {processor.py:830} INFO - Processing file /home/airflow/.local/lib/python3.12/site-packages/airflow/example_dags/example_setup_teardown.py for tasks to queue
[2024-05-10T00:02:07.483+0000] {logging_mixin.py:188} INFO - [2024-05-10T00:02:07.480+0000] {dagbag.py:545} INFO - Filling up the DagBag from /home/airflow/.local/lib/python3.12/site-packages/airflow/example_dags/example_setup_teardown.py
[2024-05-10T00:02:07.555+0000] {processor.py:840} INFO - DAG(s) 'example_setup_teardown' retrieved from /home/airflow/.local/lib/python3.12/site-packages/airflow/example_dags/example_setup_teardown.py
[2024-05-10T00:02:07.682+0000] {logging_mixin.py:188} INFO - [2024-05-10T00:02:07.682+0000] {dag.py:3096} INFO - Sync 1 DAGs
[2024-05-10T00:02:07.979+0000] {logging_mixin.py:188} INFO - [2024-05-10T00:02:07.978+0000] {dag.py:3954} INFO - Setting next_dagrun for example_setup_teardown to 2024-05-09 00:00:00+00:00, run_after=2024-05-10 00:00:00+00:00
[2024-05-10T00:02:08.135+0000] {processor.py:183} INFO - Processing /home/airflow/.local/lib/python3.12/site-packages/airflow/example_dags/example_setup_teardown.py took 0.731 seconds
[2024-05-10T00:02:38.336+0000] {processor.py:161} INFO - Started process (PID=25226) to work on /home/airflow/.local/lib/python3.12/site-packages/airflow/example_dags/example_setup_teardown.py
[2024-05-10T00:02:38.348+0000] {processor.py:830} INFO - Processing file /home/airflow/.local/lib/python3.12/site-packages/airflow/example_dags/example_setup_teardown.py for tasks to queue
[2024-05-10T00:02:38.374+0000] {logging_mixin.py:188} INFO - [2024-05-10T00:02:38.371+0000] {dagbag.py:545} INFO - Filling up the DagBag from /home/airflow/.local/lib/python3.12/site-packages/airflow/example_dags/example_setup_teardown.py
[2024-05-10T00:02:38.454+0000] {processor.py:840} INFO - DAG(s) 'example_setup_teardown' retrieved from /home/airflow/.local/lib/python3.12/site-packages/airflow/example_dags/example_setup_teardown.py
[2024-05-10T00:02:38.561+0000] {logging_mixin.py:188} INFO - [2024-05-10T00:02:38.560+0000] {dag.py:3096} INFO - Sync 1 DAGs
[2024-05-10T00:02:38.601+0000] {logging_mixin.py:188} INFO - [2024-05-10T00:02:38.601+0000] {dag.py:3954} INFO - Setting next_dagrun for example_setup_teardown to 2024-05-09 00:00:00+00:00, run_after=2024-05-10 00:00:00+00:00
[2024-05-10T00:02:38.652+0000] {processor.py:183} INFO - Processing /home/airflow/.local/lib/python3.12/site-packages/airflow/example_dags/example_setup_teardown.py took 0.327 seconds
[2024-05-10T00:03:09.647+0000] {processor.py:161} INFO - Started process (PID=25284) to work on /home/airflow/.local/lib/python3.12/site-packages/airflow/example_dags/example_setup_teardown.py
[2024-05-10T00:03:09.651+0000] {processor.py:830} INFO - Processing file /home/airflow/.local/lib/python3.12/site-packages/airflow/example_dags/example_setup_teardown.py for tasks to queue
[2024-05-10T00:03:09.657+0000] {logging_mixin.py:188} INFO - [2024-05-10T00:03:09.656+0000] {dagbag.py:545} INFO - Filling up the DagBag from /home/airflow/.local/lib/python3.12/site-packages/airflow/example_dags/example_setup_teardown.py
[2024-05-10T00:03:09.673+0000] {processor.py:840} INFO - DAG(s) 'example_setup_teardown' retrieved from /home/airflow/.local/lib/python3.12/site-packages/airflow/example_dags/example_setup_teardown.py
[2024-05-10T00:03:09.724+0000] {logging_mixin.py:188} INFO - [2024-05-10T00:03:09.723+0000] {dag.py:3096} INFO - Sync 1 DAGs
[2024-05-10T00:03:09.790+0000] {logging_mixin.py:188} INFO - [2024-05-10T00:03:09.789+0000] {dag.py:3954} INFO - Setting next_dagrun for example_setup_teardown to 2024-05-09 00:00:00+00:00, run_after=2024-05-10 00:00:00+00:00
[2024-05-10T00:03:09.854+0000] {processor.py:183} INFO - Processing /home/airflow/.local/lib/python3.12/site-packages/airflow/example_dags/example_setup_teardown.py took 0.214 seconds
[2024-05-10T00:06:05.852+0000] {processor.py:161} INFO - Started process (PID=44) to work on /home/airflow/.local/lib/python3.12/site-packages/airflow/example_dags/example_setup_teardown.py
[2024-05-10T00:06:05.908+0000] {processor.py:830} INFO - Processing file /home/airflow/.local/lib/python3.12/site-packages/airflow/example_dags/example_setup_teardown.py for tasks to queue
[2024-05-10T00:06:05.951+0000] {logging_mixin.py:188} INFO - [2024-05-10T00:06:05.948+0000] {dagbag.py:545} INFO - Filling up the DagBag from /home/airflow/.local/lib/python3.12/site-packages/airflow/example_dags/example_setup_teardown.py
[2024-05-10T00:06:06.070+0000] {processor.py:840} INFO - DAG(s) 'example_setup_teardown' retrieved from /home/airflow/.local/lib/python3.12/site-packages/airflow/example_dags/example_setup_teardown.py
[2024-05-10T00:06:06.615+0000] {logging_mixin.py:188} INFO - [2024-05-10T00:06:06.606+0000] {dag.py:3096} INFO - Sync 1 DAGs
[2024-05-10T00:06:06.805+0000] {logging_mixin.py:188} INFO - [2024-05-10T00:06:06.804+0000] {dag.py:3954} INFO - Setting next_dagrun for example_setup_teardown to 2024-05-09 00:00:00+00:00, run_after=2024-05-10 00:00:00+00:00
[2024-05-10T00:06:06.919+0000] {processor.py:183} INFO - Processing /home/airflow/.local/lib/python3.12/site-packages/airflow/example_dags/example_setup_teardown.py took 1.094 seconds
