[2024-05-10T00:00:31.181+0000] {processor.py:161} INFO - Started process (PID=24994) to work on /home/airflow/.local/lib/python3.12/site-packages/airflow/example_dags/example_branch_python_dop_operator_3.py
[2024-05-10T00:00:31.186+0000] {processor.py:830} INFO - Processing file /home/airflow/.local/lib/python3.12/site-packages/airflow/example_dags/example_branch_python_dop_operator_3.py for tasks to queue
[2024-05-10T00:00:31.192+0000] {logging_mixin.py:188} INFO - [2024-05-10T00:00:31.192+0000] {dagbag.py:545} INFO - Filling up the DagBag from /home/airflow/.local/lib/python3.12/site-packages/airflow/example_dags/example_branch_python_dop_operator_3.py
[2024-05-10T00:00:31.208+0000] {processor.py:840} INFO - DAG(s) 'example_branch_dop_operator_v3' retrieved from /home/airflow/.local/lib/python3.12/site-packages/airflow/example_dags/example_branch_python_dop_operator_3.py
[2024-05-10T00:00:31.241+0000] {logging_mixin.py:188} INFO - [2024-05-10T00:00:31.241+0000] {dag.py:3096} INFO - Sync 1 DAGs
[2024-05-10T00:00:31.292+0000] {logging_mixin.py:188} INFO - [2024-05-10T00:00:31.291+0000] {dag.py:3954} INFO - Setting next_dagrun for example_branch_dop_operator_v3 to 2024-05-09 23:59:00+00:00, run_after=2024-05-10 00:00:00+00:00
[2024-05-10T00:00:31.340+0000] {processor.py:183} INFO - Processing /home/airflow/.local/lib/python3.12/site-packages/airflow/example_dags/example_branch_python_dop_operator_3.py took 0.169 seconds
[2024-05-10T00:01:02.483+0000] {processor.py:161} INFO - Started process (PID=25052) to work on /home/airflow/.local/lib/python3.12/site-packages/airflow/example_dags/example_branch_python_dop_operator_3.py
[2024-05-10T00:01:02.485+0000] {processor.py:830} INFO - Processing file /home/airflow/.local/lib/python3.12/site-packages/airflow/example_dags/example_branch_python_dop_operator_3.py for tasks to queue
[2024-05-10T00:01:02.491+0000] {logging_mixin.py:188} INFO - [2024-05-10T00:01:02.491+0000] {dagbag.py:545} INFO - Filling up the DagBag from /home/airflow/.local/lib/python3.12/site-packages/airflow/example_dags/example_branch_python_dop_operator_3.py
[2024-05-10T00:01:02.508+0000] {processor.py:840} INFO - DAG(s) 'example_branch_dop_operator_v3' retrieved from /home/airflow/.local/lib/python3.12/site-packages/airflow/example_dags/example_branch_python_dop_operator_3.py
[2024-05-10T00:01:02.576+0000] {logging_mixin.py:188} INFO - [2024-05-10T00:01:02.575+0000] {dag.py:3096} INFO - Sync 1 DAGs
[2024-05-10T00:01:02.617+0000] {logging_mixin.py:188} INFO - [2024-05-10T00:01:02.617+0000] {dag.py:3954} INFO - Setting next_dagrun for example_branch_dop_operator_v3 to 2024-05-10 00:00:00+00:00, run_after=2024-05-10 00:01:00+00:00
[2024-05-10T00:01:02.691+0000] {processor.py:183} INFO - Processing /home/airflow/.local/lib/python3.12/site-packages/airflow/example_dags/example_branch_python_dop_operator_3.py took 0.214 seconds
[2024-05-10T00:01:32.943+0000] {processor.py:161} INFO - Started process (PID=25110) to work on /home/airflow/.local/lib/python3.12/site-packages/airflow/example_dags/example_branch_python_dop_operator_3.py
[2024-05-10T00:01:32.945+0000] {processor.py:830} INFO - Processing file /home/airflow/.local/lib/python3.12/site-packages/airflow/example_dags/example_branch_python_dop_operator_3.py for tasks to queue
[2024-05-10T00:01:32.949+0000] {logging_mixin.py:188} INFO - [2024-05-10T00:01:32.949+0000] {dagbag.py:545} INFO - Filling up the DagBag from /home/airflow/.local/lib/python3.12/site-packages/airflow/example_dags/example_branch_python_dop_operator_3.py
[2024-05-10T00:01:32.959+0000] {processor.py:840} INFO - DAG(s) 'example_branch_dop_operator_v3' retrieved from /home/airflow/.local/lib/python3.12/site-packages/airflow/example_dags/example_branch_python_dop_operator_3.py
[2024-05-10T00:01:32.980+0000] {logging_mixin.py:188} INFO - [2024-05-10T00:01:32.980+0000] {dag.py:3096} INFO - Sync 1 DAGs
[2024-05-10T00:01:33.001+0000] {logging_mixin.py:188} INFO - [2024-05-10T00:01:33.001+0000] {dag.py:3954} INFO - Setting next_dagrun for example_branch_dop_operator_v3 to 2024-05-10 00:00:00+00:00, run_after=2024-05-10 00:01:00+00:00
[2024-05-10T00:01:33.022+0000] {processor.py:183} INFO - Processing /home/airflow/.local/lib/python3.12/site-packages/airflow/example_dags/example_branch_python_dop_operator_3.py took 0.085 seconds
[2024-05-10T00:02:07.292+0000] {processor.py:161} INFO - Started process (PID=25167) to work on /home/airflow/.local/lib/python3.12/site-packages/airflow/example_dags/example_branch_python_dop_operator_3.py
[2024-05-10T00:02:07.315+0000] {processor.py:830} INFO - Processing file /home/airflow/.local/lib/python3.12/site-packages/airflow/example_dags/example_branch_python_dop_operator_3.py for tasks to queue
[2024-05-10T00:02:07.425+0000] {logging_mixin.py:188} INFO - [2024-05-10T00:02:07.420+0000] {dagbag.py:545} INFO - Filling up the DagBag from /home/airflow/.local/lib/python3.12/site-packages/airflow/example_dags/example_branch_python_dop_operator_3.py
[2024-05-10T00:02:07.516+0000] {processor.py:840} INFO - DAG(s) 'example_branch_dop_operator_v3' retrieved from /home/airflow/.local/lib/python3.12/site-packages/airflow/example_dags/example_branch_python_dop_operator_3.py
[2024-05-10T00:02:07.682+0000] {logging_mixin.py:188} INFO - [2024-05-10T00:02:07.682+0000] {dag.py:3096} INFO - Sync 1 DAGs
[2024-05-10T00:02:08.009+0000] {logging_mixin.py:188} INFO - [2024-05-10T00:02:08.005+0000] {dag.py:3954} INFO - Setting next_dagrun for example_branch_dop_operator_v3 to 2024-05-10 00:01:00+00:00, run_after=2024-05-10 00:02:00+00:00
[2024-05-10T00:02:08.165+0000] {processor.py:183} INFO - Processing /home/airflow/.local/lib/python3.12/site-packages/airflow/example_dags/example_branch_python_dop_operator_3.py took 0.913 seconds
[2024-05-10T00:02:38.328+0000] {processor.py:161} INFO - Started process (PID=25225) to work on /home/airflow/.local/lib/python3.12/site-packages/airflow/example_dags/example_branch_python_dop_operator_3.py
[2024-05-10T00:02:38.333+0000] {processor.py:830} INFO - Processing file /home/airflow/.local/lib/python3.12/site-packages/airflow/example_dags/example_branch_python_dop_operator_3.py for tasks to queue
[2024-05-10T00:02:38.347+0000] {logging_mixin.py:188} INFO - [2024-05-10T00:02:38.346+0000] {dagbag.py:545} INFO - Filling up the DagBag from /home/airflow/.local/lib/python3.12/site-packages/airflow/example_dags/example_branch_python_dop_operator_3.py
[2024-05-10T00:02:38.453+0000] {processor.py:840} INFO - DAG(s) 'example_branch_dop_operator_v3' retrieved from /home/airflow/.local/lib/python3.12/site-packages/airflow/example_dags/example_branch_python_dop_operator_3.py
[2024-05-10T00:02:38.561+0000] {logging_mixin.py:188} INFO - [2024-05-10T00:02:38.560+0000] {dag.py:3096} INFO - Sync 1 DAGs
[2024-05-10T00:02:38.606+0000] {logging_mixin.py:188} INFO - [2024-05-10T00:02:38.606+0000] {dag.py:3954} INFO - Setting next_dagrun for example_branch_dop_operator_v3 to 2024-05-10 00:01:00+00:00, run_after=2024-05-10 00:02:00+00:00
[2024-05-10T00:02:38.652+0000] {processor.py:183} INFO - Processing /home/airflow/.local/lib/python3.12/site-packages/airflow/example_dags/example_branch_python_dop_operator_3.py took 0.337 seconds
[2024-05-10T00:03:09.462+0000] {processor.py:161} INFO - Started process (PID=25283) to work on /home/airflow/.local/lib/python3.12/site-packages/airflow/example_dags/example_branch_python_dop_operator_3.py
[2024-05-10T00:03:09.470+0000] {processor.py:830} INFO - Processing file /home/airflow/.local/lib/python3.12/site-packages/airflow/example_dags/example_branch_python_dop_operator_3.py for tasks to queue
[2024-05-10T00:03:09.481+0000] {logging_mixin.py:188} INFO - [2024-05-10T00:03:09.479+0000] {dagbag.py:545} INFO - Filling up the DagBag from /home/airflow/.local/lib/python3.12/site-packages/airflow/example_dags/example_branch_python_dop_operator_3.py
[2024-05-10T00:03:09.507+0000] {processor.py:840} INFO - DAG(s) 'example_branch_dop_operator_v3' retrieved from /home/airflow/.local/lib/python3.12/site-packages/airflow/example_dags/example_branch_python_dop_operator_3.py
[2024-05-10T00:03:09.564+0000] {logging_mixin.py:188} INFO - [2024-05-10T00:03:09.563+0000] {dag.py:3096} INFO - Sync 1 DAGs
[2024-05-10T00:03:09.619+0000] {logging_mixin.py:188} INFO - [2024-05-10T00:03:09.619+0000] {dag.py:3954} INFO - Setting next_dagrun for example_branch_dop_operator_v3 to 2024-05-10 00:02:00+00:00, run_after=2024-05-10 00:03:00+00:00
[2024-05-10T00:03:09.662+0000] {processor.py:183} INFO - Processing /home/airflow/.local/lib/python3.12/site-packages/airflow/example_dags/example_branch_python_dop_operator_3.py took 0.260 seconds
[2024-05-10T00:06:05.856+0000] {processor.py:161} INFO - Started process (PID=43) to work on /home/airflow/.local/lib/python3.12/site-packages/airflow/example_dags/example_branch_python_dop_operator_3.py
[2024-05-10T00:06:05.882+0000] {processor.py:830} INFO - Processing file /home/airflow/.local/lib/python3.12/site-packages/airflow/example_dags/example_branch_python_dop_operator_3.py for tasks to queue
[2024-05-10T00:06:05.917+0000] {logging_mixin.py:188} INFO - [2024-05-10T00:06:05.910+0000] {dagbag.py:545} INFO - Filling up the DagBag from /home/airflow/.local/lib/python3.12/site-packages/airflow/example_dags/example_branch_python_dop_operator_3.py
[2024-05-10T00:06:06.068+0000] {processor.py:840} INFO - DAG(s) 'example_branch_dop_operator_v3' retrieved from /home/airflow/.local/lib/python3.12/site-packages/airflow/example_dags/example_branch_python_dop_operator_3.py
[2024-05-10T00:06:06.613+0000] {logging_mixin.py:188} INFO - [2024-05-10T00:06:06.613+0000] {dag.py:3096} INFO - Sync 1 DAGs
[2024-05-10T00:06:06.805+0000] {logging_mixin.py:188} INFO - [2024-05-10T00:06:06.804+0000] {dag.py:3954} INFO - Setting next_dagrun for example_branch_dop_operator_v3 to 2024-05-10 00:05:00+00:00, run_after=2024-05-10 00:06:00+00:00
[2024-05-10T00:06:06.921+0000] {processor.py:183} INFO - Processing /home/airflow/.local/lib/python3.12/site-packages/airflow/example_dags/example_branch_python_dop_operator_3.py took 1.095 seconds
