[2024-05-10T00:00:02.710+0000] {processor.py:161} INFO - Started process (PID=24965) to work on /home/airflow/.local/lib/python3.12/site-packages/airflow/example_dags/example_skip_dag.py
[2024-05-10T00:00:02.714+0000] {processor.py:830} INFO - Processing file /home/airflow/.local/lib/python3.12/site-packages/airflow/example_dags/example_skip_dag.py for tasks to queue
[2024-05-10T00:00:02.719+0000] {logging_mixin.py:188} INFO - [2024-05-10T00:00:02.718+0000] {dagbag.py:545} INFO - Filling up the DagBag from /home/airflow/.local/lib/python3.12/site-packages/airflow/example_dags/example_skip_dag.py
[2024-05-10T00:00:02.733+0000] {processor.py:840} INFO - DAG(s) 'example_skip_dag' retrieved from /home/airflow/.local/lib/python3.12/site-packages/airflow/example_dags/example_skip_dag.py
[2024-05-10T00:00:02.784+0000] {logging_mixin.py:188} INFO - [2024-05-10T00:00:02.784+0000] {dag.py:3096} INFO - Sync 1 DAGs
[2024-05-10T00:00:02.823+0000] {logging_mixin.py:188} INFO - [2024-05-10T00:00:02.822+0000] {dag.py:3954} INFO - Setting next_dagrun for example_skip_dag to 2024-05-09 00:00:00+00:00, run_after=2024-05-10 00:00:00+00:00
[2024-05-10T00:00:02.911+0000] {processor.py:183} INFO - Processing /home/airflow/.local/lib/python3.12/site-packages/airflow/example_dags/example_skip_dag.py took 0.208 seconds
[2024-05-10T00:00:34.875+0000] {processor.py:161} INFO - Started process (PID=25023) to work on /home/airflow/.local/lib/python3.12/site-packages/airflow/example_dags/example_skip_dag.py
[2024-05-10T00:00:34.879+0000] {processor.py:830} INFO - Processing file /home/airflow/.local/lib/python3.12/site-packages/airflow/example_dags/example_skip_dag.py for tasks to queue
[2024-05-10T00:00:34.882+0000] {logging_mixin.py:188} INFO - [2024-05-10T00:00:34.882+0000] {dagbag.py:545} INFO - Filling up the DagBag from /home/airflow/.local/lib/python3.12/site-packages/airflow/example_dags/example_skip_dag.py
[2024-05-10T00:00:34.891+0000] {processor.py:840} INFO - DAG(s) 'example_skip_dag' retrieved from /home/airflow/.local/lib/python3.12/site-packages/airflow/example_dags/example_skip_dag.py
[2024-05-10T00:00:34.919+0000] {logging_mixin.py:188} INFO - [2024-05-10T00:00:34.918+0000] {dag.py:3096} INFO - Sync 1 DAGs
[2024-05-10T00:00:34.943+0000] {logging_mixin.py:188} INFO - [2024-05-10T00:00:34.942+0000] {dag.py:3954} INFO - Setting next_dagrun for example_skip_dag to 2024-05-09 00:00:00+00:00, run_after=2024-05-10 00:00:00+00:00
[2024-05-10T00:00:34.963+0000] {processor.py:183} INFO - Processing /home/airflow/.local/lib/python3.12/site-packages/airflow/example_dags/example_skip_dag.py took 0.093 seconds
[2024-05-10T00:01:05.997+0000] {processor.py:161} INFO - Started process (PID=25081) to work on /home/airflow/.local/lib/python3.12/site-packages/airflow/example_dags/example_skip_dag.py
[2024-05-10T00:01:06.001+0000] {processor.py:830} INFO - Processing file /home/airflow/.local/lib/python3.12/site-packages/airflow/example_dags/example_skip_dag.py for tasks to queue
[2024-05-10T00:01:06.006+0000] {logging_mixin.py:188} INFO - [2024-05-10T00:01:06.005+0000] {dagbag.py:545} INFO - Filling up the DagBag from /home/airflow/.local/lib/python3.12/site-packages/airflow/example_dags/example_skip_dag.py
[2024-05-10T00:01:06.016+0000] {processor.py:840} INFO - DAG(s) 'example_skip_dag' retrieved from /home/airflow/.local/lib/python3.12/site-packages/airflow/example_dags/example_skip_dag.py
[2024-05-10T00:01:06.060+0000] {logging_mixin.py:188} INFO - [2024-05-10T00:01:06.060+0000] {dag.py:3096} INFO - Sync 1 DAGs
[2024-05-10T00:01:06.104+0000] {logging_mixin.py:188} INFO - [2024-05-10T00:01:06.103+0000] {dag.py:3954} INFO - Setting next_dagrun for example_skip_dag to 2024-05-09 00:00:00+00:00, run_after=2024-05-10 00:00:00+00:00
[2024-05-10T00:01:06.165+0000] {processor.py:183} INFO - Processing /home/airflow/.local/lib/python3.12/site-packages/airflow/example_dags/example_skip_dag.py took 0.175 seconds
[2024-05-10T00:01:36.225+0000] {processor.py:161} INFO - Started process (PID=25139) to work on /home/airflow/.local/lib/python3.12/site-packages/airflow/example_dags/example_skip_dag.py
[2024-05-10T00:01:36.231+0000] {processor.py:830} INFO - Processing file /home/airflow/.local/lib/python3.12/site-packages/airflow/example_dags/example_skip_dag.py for tasks to queue
[2024-05-10T00:01:36.235+0000] {logging_mixin.py:188} INFO - [2024-05-10T00:01:36.234+0000] {dagbag.py:545} INFO - Filling up the DagBag from /home/airflow/.local/lib/python3.12/site-packages/airflow/example_dags/example_skip_dag.py
[2024-05-10T00:01:36.242+0000] {processor.py:840} INFO - DAG(s) 'example_skip_dag' retrieved from /home/airflow/.local/lib/python3.12/site-packages/airflow/example_dags/example_skip_dag.py
[2024-05-10T00:01:36.269+0000] {logging_mixin.py:188} INFO - [2024-05-10T00:01:36.269+0000] {dag.py:3096} INFO - Sync 1 DAGs
[2024-05-10T00:01:36.294+0000] {logging_mixin.py:188} INFO - [2024-05-10T00:01:36.294+0000] {dag.py:3954} INFO - Setting next_dagrun for example_skip_dag to 2024-05-09 00:00:00+00:00, run_after=2024-05-10 00:00:00+00:00
[2024-05-10T00:01:36.321+0000] {processor.py:183} INFO - Processing /home/airflow/.local/lib/python3.12/site-packages/airflow/example_dags/example_skip_dag.py took 0.102 seconds
[2024-05-10T00:02:19.352+0000] {processor.py:161} INFO - Started process (PID=25196) to work on /home/airflow/.local/lib/python3.12/site-packages/airflow/example_dags/example_skip_dag.py
[2024-05-10T00:02:19.373+0000] {processor.py:830} INFO - Processing file /home/airflow/.local/lib/python3.12/site-packages/airflow/example_dags/example_skip_dag.py for tasks to queue
[2024-05-10T00:02:19.423+0000] {logging_mixin.py:188} INFO - [2024-05-10T00:02:19.416+0000] {dagbag.py:545} INFO - Filling up the DagBag from /home/airflow/.local/lib/python3.12/site-packages/airflow/example_dags/example_skip_dag.py
[2024-05-10T00:02:19.501+0000] {processor.py:840} INFO - DAG(s) 'example_skip_dag' retrieved from /home/airflow/.local/lib/python3.12/site-packages/airflow/example_dags/example_skip_dag.py
[2024-05-10T00:02:19.627+0000] {logging_mixin.py:188} INFO - [2024-05-10T00:02:19.626+0000] {dag.py:3096} INFO - Sync 1 DAGs
[2024-05-10T00:02:19.684+0000] {logging_mixin.py:188} INFO - [2024-05-10T00:02:19.684+0000] {dag.py:3954} INFO - Setting next_dagrun for example_skip_dag to 2024-05-09 00:00:00+00:00, run_after=2024-05-10 00:00:00+00:00
[2024-05-10T00:02:19.738+0000] {processor.py:183} INFO - Processing /home/airflow/.local/lib/python3.12/site-packages/airflow/example_dags/example_skip_dag.py took 0.443 seconds
[2024-05-10T00:02:50.580+0000] {processor.py:161} INFO - Started process (PID=25254) to work on /home/airflow/.local/lib/python3.12/site-packages/airflow/example_dags/example_skip_dag.py
[2024-05-10T00:02:50.583+0000] {processor.py:830} INFO - Processing file /home/airflow/.local/lib/python3.12/site-packages/airflow/example_dags/example_skip_dag.py for tasks to queue
[2024-05-10T00:02:50.586+0000] {logging_mixin.py:188} INFO - [2024-05-10T00:02:50.586+0000] {dagbag.py:545} INFO - Filling up the DagBag from /home/airflow/.local/lib/python3.12/site-packages/airflow/example_dags/example_skip_dag.py
[2024-05-10T00:02:50.596+0000] {processor.py:840} INFO - DAG(s) 'example_skip_dag' retrieved from /home/airflow/.local/lib/python3.12/site-packages/airflow/example_dags/example_skip_dag.py
[2024-05-10T00:02:50.626+0000] {logging_mixin.py:188} INFO - [2024-05-10T00:02:50.625+0000] {dag.py:3096} INFO - Sync 1 DAGs
[2024-05-10T00:02:50.645+0000] {logging_mixin.py:188} INFO - [2024-05-10T00:02:50.645+0000] {dag.py:3954} INFO - Setting next_dagrun for example_skip_dag to 2024-05-09 00:00:00+00:00, run_after=2024-05-10 00:00:00+00:00
[2024-05-10T00:02:50.669+0000] {processor.py:183} INFO - Processing /home/airflow/.local/lib/python3.12/site-packages/airflow/example_dags/example_skip_dag.py took 0.095 seconds
[2024-05-10T00:06:14.848+0000] {processor.py:161} INFO - Started process (PID=72) to work on /home/airflow/.local/lib/python3.12/site-packages/airflow/example_dags/example_skip_dag.py
[2024-05-10T00:06:14.853+0000] {processor.py:830} INFO - Processing file /home/airflow/.local/lib/python3.12/site-packages/airflow/example_dags/example_skip_dag.py for tasks to queue
[2024-05-10T00:06:14.863+0000] {logging_mixin.py:188} INFO - [2024-05-10T00:06:14.862+0000] {dagbag.py:545} INFO - Filling up the DagBag from /home/airflow/.local/lib/python3.12/site-packages/airflow/example_dags/example_skip_dag.py
[2024-05-10T00:06:14.879+0000] {processor.py:840} INFO - DAG(s) 'example_skip_dag' retrieved from /home/airflow/.local/lib/python3.12/site-packages/airflow/example_dags/example_skip_dag.py
[2024-05-10T00:06:14.926+0000] {logging_mixin.py:188} INFO - [2024-05-10T00:06:14.925+0000] {dag.py:3096} INFO - Sync 1 DAGs
[2024-05-10T00:06:14.959+0000] {logging_mixin.py:188} INFO - [2024-05-10T00:06:14.959+0000] {dag.py:3954} INFO - Setting next_dagrun for example_skip_dag to 2024-05-09 00:00:00+00:00, run_after=2024-05-10 00:00:00+00:00
[2024-05-10T00:06:14.996+0000] {processor.py:183} INFO - Processing /home/airflow/.local/lib/python3.12/site-packages/airflow/example_dags/example_skip_dag.py took 0.157 seconds
