[2024-05-10T00:00:03.558+0000] {processor.py:161} INFO - Started process (PID=24972) to work on /home/airflow/.local/lib/python3.12/site-packages/airflow/example_dags/example_task_group_decorator.py
[2024-05-10T00:00:03.560+0000] {processor.py:830} INFO - Processing file /home/airflow/.local/lib/python3.12/site-packages/airflow/example_dags/example_task_group_decorator.py for tasks to queue
[2024-05-10T00:00:03.565+0000] {logging_mixin.py:188} INFO - [2024-05-10T00:00:03.564+0000] {dagbag.py:545} INFO - Filling up the DagBag from /home/airflow/.local/lib/python3.12/site-packages/airflow/example_dags/example_task_group_decorator.py
[2024-05-10T00:00:03.587+0000] {processor.py:840} INFO - DAG(s) 'example_task_group_decorator' retrieved from /home/airflow/.local/lib/python3.12/site-packages/airflow/example_dags/example_task_group_decorator.py
[2024-05-10T00:00:03.629+0000] {logging_mixin.py:188} INFO - [2024-05-10T00:00:03.629+0000] {dag.py:3096} INFO - Sync 1 DAGs
[2024-05-10T00:00:03.655+0000] {logging_mixin.py:188} INFO - [2024-05-10T00:00:03.655+0000] {dag.py:3954} INFO - Setting next_dagrun for example_task_group_decorator to 2024-05-09 00:00:00+00:00, run_after=2024-05-10 00:00:00+00:00
[2024-05-10T00:00:03.679+0000] {processor.py:183} INFO - Processing /home/airflow/.local/lib/python3.12/site-packages/airflow/example_dags/example_task_group_decorator.py took 0.129 seconds
[2024-05-10T00:00:35.455+0000] {processor.py:161} INFO - Started process (PID=25030) to work on /home/airflow/.local/lib/python3.12/site-packages/airflow/example_dags/example_task_group_decorator.py
[2024-05-10T00:00:35.459+0000] {processor.py:830} INFO - Processing file /home/airflow/.local/lib/python3.12/site-packages/airflow/example_dags/example_task_group_decorator.py for tasks to queue
[2024-05-10T00:00:35.462+0000] {logging_mixin.py:188} INFO - [2024-05-10T00:00:35.462+0000] {dagbag.py:545} INFO - Filling up the DagBag from /home/airflow/.local/lib/python3.12/site-packages/airflow/example_dags/example_task_group_decorator.py
[2024-05-10T00:00:35.478+0000] {processor.py:840} INFO - DAG(s) 'example_task_group_decorator' retrieved from /home/airflow/.local/lib/python3.12/site-packages/airflow/example_dags/example_task_group_decorator.py
[2024-05-10T00:00:35.502+0000] {logging_mixin.py:188} INFO - [2024-05-10T00:00:35.502+0000] {dag.py:3096} INFO - Sync 1 DAGs
[2024-05-10T00:00:35.521+0000] {logging_mixin.py:188} INFO - [2024-05-10T00:00:35.521+0000] {dag.py:3954} INFO - Setting next_dagrun for example_task_group_decorator to 2024-05-09 00:00:00+00:00, run_after=2024-05-10 00:00:00+00:00
[2024-05-10T00:00:35.541+0000] {processor.py:183} INFO - Processing /home/airflow/.local/lib/python3.12/site-packages/airflow/example_dags/example_task_group_decorator.py took 0.091 seconds
[2024-05-10T00:01:07.288+0000] {processor.py:161} INFO - Started process (PID=25088) to work on /home/airflow/.local/lib/python3.12/site-packages/airflow/example_dags/example_task_group_decorator.py
[2024-05-10T00:01:07.295+0000] {processor.py:830} INFO - Processing file /home/airflow/.local/lib/python3.12/site-packages/airflow/example_dags/example_task_group_decorator.py for tasks to queue
[2024-05-10T00:01:07.313+0000] {logging_mixin.py:188} INFO - [2024-05-10T00:01:07.313+0000] {dagbag.py:545} INFO - Filling up the DagBag from /home/airflow/.local/lib/python3.12/site-packages/airflow/example_dags/example_task_group_decorator.py
[2024-05-10T00:01:07.391+0000] {processor.py:840} INFO - DAG(s) 'example_task_group_decorator' retrieved from /home/airflow/.local/lib/python3.12/site-packages/airflow/example_dags/example_task_group_decorator.py
[2024-05-10T00:01:07.463+0000] {logging_mixin.py:188} INFO - [2024-05-10T00:01:07.462+0000] {dag.py:3096} INFO - Sync 1 DAGs
[2024-05-10T00:01:07.501+0000] {logging_mixin.py:188} INFO - [2024-05-10T00:01:07.501+0000] {dag.py:3954} INFO - Setting next_dagrun for example_task_group_decorator to 2024-05-09 00:00:00+00:00, run_after=2024-05-10 00:00:00+00:00
[2024-05-10T00:01:07.541+0000] {processor.py:183} INFO - Processing /home/airflow/.local/lib/python3.12/site-packages/airflow/example_dags/example_task_group_decorator.py took 0.262 seconds
[2024-05-10T00:01:38.767+0000] {processor.py:161} INFO - Started process (PID=25146) to work on /home/airflow/.local/lib/python3.12/site-packages/airflow/example_dags/example_task_group_decorator.py
[2024-05-10T00:01:38.772+0000] {processor.py:830} INFO - Processing file /home/airflow/.local/lib/python3.12/site-packages/airflow/example_dags/example_task_group_decorator.py for tasks to queue
[2024-05-10T00:01:38.778+0000] {logging_mixin.py:188} INFO - [2024-05-10T00:01:38.778+0000] {dagbag.py:545} INFO - Filling up the DagBag from /home/airflow/.local/lib/python3.12/site-packages/airflow/example_dags/example_task_group_decorator.py
[2024-05-10T00:01:38.824+0000] {processor.py:840} INFO - DAG(s) 'example_task_group_decorator' retrieved from /home/airflow/.local/lib/python3.12/site-packages/airflow/example_dags/example_task_group_decorator.py
[2024-05-10T00:01:38.898+0000] {logging_mixin.py:188} INFO - [2024-05-10T00:01:38.897+0000] {dag.py:3096} INFO - Sync 1 DAGs
[2024-05-10T00:01:38.930+0000] {logging_mixin.py:188} INFO - [2024-05-10T00:01:38.930+0000] {dag.py:3954} INFO - Setting next_dagrun for example_task_group_decorator to 2024-05-09 00:00:00+00:00, run_after=2024-05-10 00:00:00+00:00
[2024-05-10T00:01:38.962+0000] {processor.py:183} INFO - Processing /home/airflow/.local/lib/python3.12/site-packages/airflow/example_dags/example_task_group_decorator.py took 0.202 seconds
[2024-05-10T00:02:22.759+0000] {processor.py:161} INFO - Started process (PID=25203) to work on /home/airflow/.local/lib/python3.12/site-packages/airflow/example_dags/example_task_group_decorator.py
[2024-05-10T00:02:22.769+0000] {processor.py:830} INFO - Processing file /home/airflow/.local/lib/python3.12/site-packages/airflow/example_dags/example_task_group_decorator.py for tasks to queue
[2024-05-10T00:02:22.777+0000] {logging_mixin.py:188} INFO - [2024-05-10T00:02:22.775+0000] {dagbag.py:545} INFO - Filling up the DagBag from /home/airflow/.local/lib/python3.12/site-packages/airflow/example_dags/example_task_group_decorator.py
[2024-05-10T00:02:22.816+0000] {processor.py:840} INFO - DAG(s) 'example_task_group_decorator' retrieved from /home/airflow/.local/lib/python3.12/site-packages/airflow/example_dags/example_task_group_decorator.py
[2024-05-10T00:02:22.878+0000] {logging_mixin.py:188} INFO - [2024-05-10T00:02:22.877+0000] {dag.py:3096} INFO - Sync 1 DAGs
[2024-05-10T00:02:22.972+0000] {logging_mixin.py:188} INFO - [2024-05-10T00:02:22.971+0000] {dag.py:3954} INFO - Setting next_dagrun for example_task_group_decorator to 2024-05-09 00:00:00+00:00, run_after=2024-05-10 00:00:00+00:00
[2024-05-10T00:02:23.035+0000] {processor.py:183} INFO - Processing /home/airflow/.local/lib/python3.12/site-packages/airflow/example_dags/example_task_group_decorator.py took 0.303 seconds
[2024-05-10T00:02:53.167+0000] {processor.py:161} INFO - Started process (PID=25261) to work on /home/airflow/.local/lib/python3.12/site-packages/airflow/example_dags/example_task_group_decorator.py
[2024-05-10T00:02:53.169+0000] {processor.py:830} INFO - Processing file /home/airflow/.local/lib/python3.12/site-packages/airflow/example_dags/example_task_group_decorator.py for tasks to queue
[2024-05-10T00:02:53.172+0000] {logging_mixin.py:188} INFO - [2024-05-10T00:02:53.172+0000] {dagbag.py:545} INFO - Filling up the DagBag from /home/airflow/.local/lib/python3.12/site-packages/airflow/example_dags/example_task_group_decorator.py
[2024-05-10T00:02:53.186+0000] {processor.py:840} INFO - DAG(s) 'example_task_group_decorator' retrieved from /home/airflow/.local/lib/python3.12/site-packages/airflow/example_dags/example_task_group_decorator.py
[2024-05-10T00:02:53.213+0000] {logging_mixin.py:188} INFO - [2024-05-10T00:02:53.213+0000] {dag.py:3096} INFO - Sync 1 DAGs
[2024-05-10T00:02:53.234+0000] {logging_mixin.py:188} INFO - [2024-05-10T00:02:53.234+0000] {dag.py:3954} INFO - Setting next_dagrun for example_task_group_decorator to 2024-05-09 00:00:00+00:00, run_after=2024-05-10 00:00:00+00:00
[2024-05-10T00:02:53.261+0000] {processor.py:183} INFO - Processing /home/airflow/.local/lib/python3.12/site-packages/airflow/example_dags/example_task_group_decorator.py took 0.099 seconds
[2024-05-10T00:06:15.879+0000] {processor.py:161} INFO - Started process (PID=79) to work on /home/airflow/.local/lib/python3.12/site-packages/airflow/example_dags/example_task_group_decorator.py
[2024-05-10T00:06:15.885+0000] {processor.py:830} INFO - Processing file /home/airflow/.local/lib/python3.12/site-packages/airflow/example_dags/example_task_group_decorator.py for tasks to queue
[2024-05-10T00:06:15.891+0000] {logging_mixin.py:188} INFO - [2024-05-10T00:06:15.891+0000] {dagbag.py:545} INFO - Filling up the DagBag from /home/airflow/.local/lib/python3.12/site-packages/airflow/example_dags/example_task_group_decorator.py
[2024-05-10T00:06:15.935+0000] {processor.py:840} INFO - DAG(s) 'example_task_group_decorator' retrieved from /home/airflow/.local/lib/python3.12/site-packages/airflow/example_dags/example_task_group_decorator.py
[2024-05-10T00:06:15.991+0000] {logging_mixin.py:188} INFO - [2024-05-10T00:06:15.991+0000] {dag.py:3096} INFO - Sync 1 DAGs
[2024-05-10T00:06:16.033+0000] {logging_mixin.py:188} INFO - [2024-05-10T00:06:16.032+0000] {dag.py:3954} INFO - Setting next_dagrun for example_task_group_decorator to 2024-05-09 00:00:00+00:00, run_after=2024-05-10 00:00:00+00:00
[2024-05-10T00:06:16.090+0000] {processor.py:183} INFO - Processing /home/airflow/.local/lib/python3.12/site-packages/airflow/example_dags/example_task_group_decorator.py took 0.227 seconds
