[2024-05-10T00:00:03.002+0000] {processor.py:161} INFO - Started process (PID=24967) to work on /home/airflow/.local/lib/python3.12/site-packages/airflow/example_dags/example_trigger_target_dag.py
[2024-05-10T00:00:03.009+0000] {processor.py:830} INFO - Processing file /home/airflow/.local/lib/python3.12/site-packages/airflow/example_dags/example_trigger_target_dag.py for tasks to queue
[2024-05-10T00:00:03.014+0000] {logging_mixin.py:188} INFO - [2024-05-10T00:00:03.014+0000] {dagbag.py:545} INFO - Filling up the DagBag from /home/airflow/.local/lib/python3.12/site-packages/airflow/example_dags/example_trigger_target_dag.py
[2024-05-10T00:00:03.026+0000] {processor.py:840} INFO - DAG(s) 'example_trigger_target_dag' retrieved from /home/airflow/.local/lib/python3.12/site-packages/airflow/example_dags/example_trigger_target_dag.py
[2024-05-10T00:00:03.054+0000] {logging_mixin.py:188} INFO - [2024-05-10T00:00:03.054+0000] {dag.py:3096} INFO - Sync 1 DAGs
[2024-05-10T00:00:03.069+0000] {logging_mixin.py:188} INFO - [2024-05-10T00:00:03.069+0000] {dag.py:3954} INFO - Setting next_dagrun for example_trigger_target_dag to None, run_after=None
[2024-05-10T00:00:03.097+0000] {processor.py:183} INFO - Processing /home/airflow/.local/lib/python3.12/site-packages/airflow/example_dags/example_trigger_target_dag.py took 0.107 seconds
[2024-05-10T00:00:35.104+0000] {processor.py:161} INFO - Started process (PID=25025) to work on /home/airflow/.local/lib/python3.12/site-packages/airflow/example_dags/example_trigger_target_dag.py
[2024-05-10T00:00:35.108+0000] {processor.py:830} INFO - Processing file /home/airflow/.local/lib/python3.12/site-packages/airflow/example_dags/example_trigger_target_dag.py for tasks to queue
[2024-05-10T00:00:35.111+0000] {logging_mixin.py:188} INFO - [2024-05-10T00:00:35.111+0000] {dagbag.py:545} INFO - Filling up the DagBag from /home/airflow/.local/lib/python3.12/site-packages/airflow/example_dags/example_trigger_target_dag.py
[2024-05-10T00:00:35.120+0000] {processor.py:840} INFO - DAG(s) 'example_trigger_target_dag' retrieved from /home/airflow/.local/lib/python3.12/site-packages/airflow/example_dags/example_trigger_target_dag.py
[2024-05-10T00:00:35.149+0000] {logging_mixin.py:188} INFO - [2024-05-10T00:00:35.149+0000] {dag.py:3096} INFO - Sync 1 DAGs
[2024-05-10T00:00:35.166+0000] {logging_mixin.py:188} INFO - [2024-05-10T00:00:35.165+0000] {dag.py:3954} INFO - Setting next_dagrun for example_trigger_target_dag to None, run_after=None
[2024-05-10T00:00:35.189+0000] {processor.py:183} INFO - Processing /home/airflow/.local/lib/python3.12/site-packages/airflow/example_dags/example_trigger_target_dag.py took 0.093 seconds
[2024-05-10T00:01:06.235+0000] {processor.py:161} INFO - Started process (PID=25083) to work on /home/airflow/.local/lib/python3.12/site-packages/airflow/example_dags/example_trigger_target_dag.py
[2024-05-10T00:01:06.239+0000] {processor.py:830} INFO - Processing file /home/airflow/.local/lib/python3.12/site-packages/airflow/example_dags/example_trigger_target_dag.py for tasks to queue
[2024-05-10T00:01:06.245+0000] {logging_mixin.py:188} INFO - [2024-05-10T00:01:06.245+0000] {dagbag.py:545} INFO - Filling up the DagBag from /home/airflow/.local/lib/python3.12/site-packages/airflow/example_dags/example_trigger_target_dag.py
[2024-05-10T00:01:06.255+0000] {processor.py:840} INFO - DAG(s) 'example_trigger_target_dag' retrieved from /home/airflow/.local/lib/python3.12/site-packages/airflow/example_dags/example_trigger_target_dag.py
[2024-05-10T00:01:06.289+0000] {logging_mixin.py:188} INFO - [2024-05-10T00:01:06.289+0000] {dag.py:3096} INFO - Sync 1 DAGs
[2024-05-10T00:01:06.312+0000] {logging_mixin.py:188} INFO - [2024-05-10T00:01:06.312+0000] {dag.py:3954} INFO - Setting next_dagrun for example_trigger_target_dag to None, run_after=None
[2024-05-10T00:01:06.358+0000] {processor.py:183} INFO - Processing /home/airflow/.local/lib/python3.12/site-packages/airflow/example_dags/example_trigger_target_dag.py took 0.133 seconds
[2024-05-10T00:01:36.486+0000] {processor.py:161} INFO - Started process (PID=25141) to work on /home/airflow/.local/lib/python3.12/site-packages/airflow/example_dags/example_trigger_target_dag.py
[2024-05-10T00:01:36.491+0000] {processor.py:830} INFO - Processing file /home/airflow/.local/lib/python3.12/site-packages/airflow/example_dags/example_trigger_target_dag.py for tasks to queue
[2024-05-10T00:01:36.494+0000] {logging_mixin.py:188} INFO - [2024-05-10T00:01:36.493+0000] {dagbag.py:545} INFO - Filling up the DagBag from /home/airflow/.local/lib/python3.12/site-packages/airflow/example_dags/example_trigger_target_dag.py
[2024-05-10T00:01:36.505+0000] {processor.py:840} INFO - DAG(s) 'example_trigger_target_dag' retrieved from /home/airflow/.local/lib/python3.12/site-packages/airflow/example_dags/example_trigger_target_dag.py
[2024-05-10T00:01:36.525+0000] {logging_mixin.py:188} INFO - [2024-05-10T00:01:36.524+0000] {dag.py:3096} INFO - Sync 1 DAGs
[2024-05-10T00:01:36.537+0000] {logging_mixin.py:188} INFO - [2024-05-10T00:01:36.537+0000] {dag.py:3954} INFO - Setting next_dagrun for example_trigger_target_dag to None, run_after=None
[2024-05-10T00:01:36.555+0000] {processor.py:183} INFO - Processing /home/airflow/.local/lib/python3.12/site-packages/airflow/example_dags/example_trigger_target_dag.py took 0.074 seconds
[2024-05-10T00:02:20.108+0000] {processor.py:161} INFO - Started process (PID=25198) to work on /home/airflow/.local/lib/python3.12/site-packages/airflow/example_dags/example_trigger_target_dag.py
[2024-05-10T00:02:20.116+0000] {processor.py:830} INFO - Processing file /home/airflow/.local/lib/python3.12/site-packages/airflow/example_dags/example_trigger_target_dag.py for tasks to queue
[2024-05-10T00:02:20.126+0000] {logging_mixin.py:188} INFO - [2024-05-10T00:02:20.123+0000] {dagbag.py:545} INFO - Filling up the DagBag from /home/airflow/.local/lib/python3.12/site-packages/airflow/example_dags/example_trigger_target_dag.py
[2024-05-10T00:02:20.242+0000] {processor.py:840} INFO - DAG(s) 'example_trigger_target_dag' retrieved from /home/airflow/.local/lib/python3.12/site-packages/airflow/example_dags/example_trigger_target_dag.py
[2024-05-10T00:02:20.575+0000] {logging_mixin.py:188} INFO - [2024-05-10T00:02:20.571+0000] {dag.py:3096} INFO - Sync 1 DAGs
[2024-05-10T00:02:20.767+0000] {logging_mixin.py:188} INFO - [2024-05-10T00:02:20.766+0000] {dag.py:3954} INFO - Setting next_dagrun for example_trigger_target_dag to None, run_after=None
[2024-05-10T00:02:20.997+0000] {processor.py:183} INFO - Processing /home/airflow/.local/lib/python3.12/site-packages/airflow/example_dags/example_trigger_target_dag.py took 0.930 seconds
[2024-05-10T00:02:51.738+0000] {processor.py:161} INFO - Started process (PID=25256) to work on /home/airflow/.local/lib/python3.12/site-packages/airflow/example_dags/example_trigger_target_dag.py
[2024-05-10T00:02:51.741+0000] {processor.py:830} INFO - Processing file /home/airflow/.local/lib/python3.12/site-packages/airflow/example_dags/example_trigger_target_dag.py for tasks to queue
[2024-05-10T00:02:51.745+0000] {logging_mixin.py:188} INFO - [2024-05-10T00:02:51.745+0000] {dagbag.py:545} INFO - Filling up the DagBag from /home/airflow/.local/lib/python3.12/site-packages/airflow/example_dags/example_trigger_target_dag.py
[2024-05-10T00:02:51.754+0000] {processor.py:840} INFO - DAG(s) 'example_trigger_target_dag' retrieved from /home/airflow/.local/lib/python3.12/site-packages/airflow/example_dags/example_trigger_target_dag.py
[2024-05-10T00:02:51.775+0000] {logging_mixin.py:188} INFO - [2024-05-10T00:02:51.774+0000] {dag.py:3096} INFO - Sync 1 DAGs
[2024-05-10T00:02:51.795+0000] {logging_mixin.py:188} INFO - [2024-05-10T00:02:51.795+0000] {dag.py:3954} INFO - Setting next_dagrun for example_trigger_target_dag to None, run_after=None
[2024-05-10T00:02:51.818+0000] {processor.py:183} INFO - Processing /home/airflow/.local/lib/python3.12/site-packages/airflow/example_dags/example_trigger_target_dag.py took 0.087 seconds
[2024-05-10T00:06:15.149+0000] {processor.py:161} INFO - Started process (PID=74) to work on /home/airflow/.local/lib/python3.12/site-packages/airflow/example_dags/example_trigger_target_dag.py
[2024-05-10T00:06:15.163+0000] {processor.py:830} INFO - Processing file /home/airflow/.local/lib/python3.12/site-packages/airflow/example_dags/example_trigger_target_dag.py for tasks to queue
[2024-05-10T00:06:15.172+0000] {logging_mixin.py:188} INFO - [2024-05-10T00:06:15.171+0000] {dagbag.py:545} INFO - Filling up the DagBag from /home/airflow/.local/lib/python3.12/site-packages/airflow/example_dags/example_trigger_target_dag.py
[2024-05-10T00:06:15.193+0000] {processor.py:840} INFO - DAG(s) 'example_trigger_target_dag' retrieved from /home/airflow/.local/lib/python3.12/site-packages/airflow/example_dags/example_trigger_target_dag.py
[2024-05-10T00:06:15.244+0000] {logging_mixin.py:188} INFO - [2024-05-10T00:06:15.243+0000] {dag.py:3096} INFO - Sync 1 DAGs
[2024-05-10T00:06:15.269+0000] {logging_mixin.py:188} INFO - [2024-05-10T00:06:15.269+0000] {dag.py:3954} INFO - Setting next_dagrun for example_trigger_target_dag to None, run_after=None
[2024-05-10T00:06:15.332+0000] {processor.py:183} INFO - Processing /home/airflow/.local/lib/python3.12/site-packages/airflow/example_dags/example_trigger_target_dag.py took 0.252 seconds
