[2024-05-10T00:00:29.446+0000] {processor.py:161} INFO - Started process (PID=24988) to work on /home/airflow/.local/lib/python3.12/site-packages/airflow/example_dags/example_dynamic_task_mapping.py
[2024-05-10T00:00:29.461+0000] {processor.py:830} INFO - Processing file /home/airflow/.local/lib/python3.12/site-packages/airflow/example_dags/example_dynamic_task_mapping.py for tasks to queue
[2024-05-10T00:00:29.474+0000] {logging_mixin.py:188} INFO - [2024-05-10T00:00:29.473+0000] {dagbag.py:545} INFO - Filling up the DagBag from /home/airflow/.local/lib/python3.12/site-packages/airflow/example_dags/example_dynamic_task_mapping.py
[2024-05-10T00:00:29.538+0000] {processor.py:840} INFO - DAG(s) 'example_dynamic_task_mapping' retrieved from /home/airflow/.local/lib/python3.12/site-packages/airflow/example_dags/example_dynamic_task_mapping.py
[2024-05-10T00:00:29.652+0000] {logging_mixin.py:188} INFO - [2024-05-10T00:00:29.652+0000] {dag.py:3096} INFO - Sync 1 DAGs
[2024-05-10T00:00:29.711+0000] {logging_mixin.py:188} INFO - [2024-05-10T00:00:29.710+0000] {dag.py:3954} INFO - Setting next_dagrun for example_dynamic_task_mapping to 2022-03-04 00:00:00+00:00, run_after=2022-03-05 00:00:00+00:00
[2024-05-10T00:00:29.804+0000] {processor.py:183} INFO - Processing /home/airflow/.local/lib/python3.12/site-packages/airflow/example_dags/example_dynamic_task_mapping.py took 0.383 seconds
[2024-05-10T00:01:00.350+0000] {processor.py:161} INFO - Started process (PID=25046) to work on /home/airflow/.local/lib/python3.12/site-packages/airflow/example_dags/example_dynamic_task_mapping.py
[2024-05-10T00:01:00.365+0000] {processor.py:830} INFO - Processing file /home/airflow/.local/lib/python3.12/site-packages/airflow/example_dags/example_dynamic_task_mapping.py for tasks to queue
[2024-05-10T00:01:00.376+0000] {logging_mixin.py:188} INFO - [2024-05-10T00:01:00.375+0000] {dagbag.py:545} INFO - Filling up the DagBag from /home/airflow/.local/lib/python3.12/site-packages/airflow/example_dags/example_dynamic_task_mapping.py
[2024-05-10T00:01:00.401+0000] {processor.py:840} INFO - DAG(s) 'example_dynamic_task_mapping' retrieved from /home/airflow/.local/lib/python3.12/site-packages/airflow/example_dags/example_dynamic_task_mapping.py
[2024-05-10T00:01:00.450+0000] {logging_mixin.py:188} INFO - [2024-05-10T00:01:00.450+0000] {dag.py:3096} INFO - Sync 1 DAGs
[2024-05-10T00:01:00.485+0000] {logging_mixin.py:188} INFO - [2024-05-10T00:01:00.484+0000] {dag.py:3954} INFO - Setting next_dagrun for example_dynamic_task_mapping to 2022-03-04 00:00:00+00:00, run_after=2022-03-05 00:00:00+00:00
[2024-05-10T00:01:00.508+0000] {processor.py:183} INFO - Processing /home/airflow/.local/lib/python3.12/site-packages/airflow/example_dags/example_dynamic_task_mapping.py took 0.180 seconds
[2024-05-10T00:01:31.371+0000] {processor.py:161} INFO - Started process (PID=25104) to work on /home/airflow/.local/lib/python3.12/site-packages/airflow/example_dags/example_dynamic_task_mapping.py
[2024-05-10T00:01:31.376+0000] {processor.py:830} INFO - Processing file /home/airflow/.local/lib/python3.12/site-packages/airflow/example_dags/example_dynamic_task_mapping.py for tasks to queue
[2024-05-10T00:01:31.411+0000] {logging_mixin.py:188} INFO - [2024-05-10T00:01:31.407+0000] {dagbag.py:545} INFO - Filling up the DagBag from /home/airflow/.local/lib/python3.12/site-packages/airflow/example_dags/example_dynamic_task_mapping.py
[2024-05-10T00:01:31.440+0000] {processor.py:840} INFO - DAG(s) 'example_dynamic_task_mapping' retrieved from /home/airflow/.local/lib/python3.12/site-packages/airflow/example_dags/example_dynamic_task_mapping.py
[2024-05-10T00:01:31.486+0000] {logging_mixin.py:188} INFO - [2024-05-10T00:01:31.486+0000] {dag.py:3096} INFO - Sync 1 DAGs
[2024-05-10T00:01:31.526+0000] {logging_mixin.py:188} INFO - [2024-05-10T00:01:31.526+0000] {dag.py:3954} INFO - Setting next_dagrun for example_dynamic_task_mapping to 2022-03-04 00:00:00+00:00, run_after=2022-03-05 00:00:00+00:00
[2024-05-10T00:01:31.566+0000] {processor.py:183} INFO - Processing /home/airflow/.local/lib/python3.12/site-packages/airflow/example_dags/example_dynamic_task_mapping.py took 0.216 seconds
[2024-05-10T00:02:02.100+0000] {processor.py:161} INFO - Started process (PID=25161) to work on /home/airflow/.local/lib/python3.12/site-packages/airflow/example_dags/example_dynamic_task_mapping.py
[2024-05-10T00:02:02.109+0000] {processor.py:830} INFO - Processing file /home/airflow/.local/lib/python3.12/site-packages/airflow/example_dags/example_dynamic_task_mapping.py for tasks to queue
[2024-05-10T00:02:02.123+0000] {logging_mixin.py:188} INFO - [2024-05-10T00:02:02.122+0000] {dagbag.py:545} INFO - Filling up the DagBag from /home/airflow/.local/lib/python3.12/site-packages/airflow/example_dags/example_dynamic_task_mapping.py
[2024-05-10T00:02:02.182+0000] {processor.py:840} INFO - DAG(s) 'example_dynamic_task_mapping' retrieved from /home/airflow/.local/lib/python3.12/site-packages/airflow/example_dags/example_dynamic_task_mapping.py
[2024-05-10T00:02:02.267+0000] {logging_mixin.py:188} INFO - [2024-05-10T00:02:02.267+0000] {dag.py:3096} INFO - Sync 1 DAGs
[2024-05-10T00:02:02.488+0000] {logging_mixin.py:188} INFO - [2024-05-10T00:02:02.486+0000] {dag.py:3954} INFO - Setting next_dagrun for example_dynamic_task_mapping to 2022-03-04 00:00:00+00:00, run_after=2022-03-05 00:00:00+00:00
[2024-05-10T00:02:03.050+0000] {processor.py:183} INFO - Processing /home/airflow/.local/lib/python3.12/site-packages/airflow/example_dags/example_dynamic_task_mapping.py took 1.003 seconds
[2024-05-10T00:02:33.778+0000] {processor.py:161} INFO - Started process (PID=25219) to work on /home/airflow/.local/lib/python3.12/site-packages/airflow/example_dags/example_dynamic_task_mapping.py
[2024-05-10T00:02:33.784+0000] {processor.py:830} INFO - Processing file /home/airflow/.local/lib/python3.12/site-packages/airflow/example_dags/example_dynamic_task_mapping.py for tasks to queue
[2024-05-10T00:02:33.798+0000] {logging_mixin.py:188} INFO - [2024-05-10T00:02:33.797+0000] {dagbag.py:545} INFO - Filling up the DagBag from /home/airflow/.local/lib/python3.12/site-packages/airflow/example_dags/example_dynamic_task_mapping.py
[2024-05-10T00:02:33.837+0000] {processor.py:840} INFO - DAG(s) 'example_dynamic_task_mapping' retrieved from /home/airflow/.local/lib/python3.12/site-packages/airflow/example_dags/example_dynamic_task_mapping.py
[2024-05-10T00:02:34.009+0000] {logging_mixin.py:188} INFO - [2024-05-10T00:02:34.008+0000] {dag.py:3096} INFO - Sync 1 DAGs
[2024-05-10T00:02:34.124+0000] {logging_mixin.py:188} INFO - [2024-05-10T00:02:34.123+0000] {dag.py:3954} INFO - Setting next_dagrun for example_dynamic_task_mapping to 2022-03-04 00:00:00+00:00, run_after=2022-03-05 00:00:00+00:00
[2024-05-10T00:02:34.190+0000] {processor.py:183} INFO - Processing /home/airflow/.local/lib/python3.12/site-packages/airflow/example_dags/example_dynamic_task_mapping.py took 0.448 seconds
[2024-05-10T00:03:04.428+0000] {processor.py:161} INFO - Started process (PID=25277) to work on /home/airflow/.local/lib/python3.12/site-packages/airflow/example_dags/example_dynamic_task_mapping.py
[2024-05-10T00:03:04.432+0000] {processor.py:830} INFO - Processing file /home/airflow/.local/lib/python3.12/site-packages/airflow/example_dags/example_dynamic_task_mapping.py for tasks to queue
[2024-05-10T00:03:04.437+0000] {logging_mixin.py:188} INFO - [2024-05-10T00:03:04.436+0000] {dagbag.py:545} INFO - Filling up the DagBag from /home/airflow/.local/lib/python3.12/site-packages/airflow/example_dags/example_dynamic_task_mapping.py
[2024-05-10T00:03:04.458+0000] {processor.py:840} INFO - DAG(s) 'example_dynamic_task_mapping' retrieved from /home/airflow/.local/lib/python3.12/site-packages/airflow/example_dags/example_dynamic_task_mapping.py
[2024-05-10T00:03:04.497+0000] {logging_mixin.py:188} INFO - [2024-05-10T00:03:04.497+0000] {dag.py:3096} INFO - Sync 1 DAGs
[2024-05-10T00:03:04.538+0000] {logging_mixin.py:188} INFO - [2024-05-10T00:03:04.538+0000] {dag.py:3954} INFO - Setting next_dagrun for example_dynamic_task_mapping to 2022-03-04 00:00:00+00:00, run_after=2022-03-05 00:00:00+00:00
[2024-05-10T00:03:04.564+0000] {processor.py:183} INFO - Processing /home/airflow/.local/lib/python3.12/site-packages/airflow/example_dags/example_dynamic_task_mapping.py took 0.158 seconds
[2024-05-10T00:06:03.202+0000] {processor.py:161} INFO - Started process (PID=37) to work on /home/airflow/.local/lib/python3.12/site-packages/airflow/example_dags/example_dynamic_task_mapping.py
[2024-05-10T00:06:03.218+0000] {processor.py:830} INFO - Processing file /home/airflow/.local/lib/python3.12/site-packages/airflow/example_dags/example_dynamic_task_mapping.py for tasks to queue
[2024-05-10T00:06:03.231+0000] {logging_mixin.py:188} INFO - [2024-05-10T00:06:03.229+0000] {dagbag.py:545} INFO - Filling up the DagBag from /home/airflow/.local/lib/python3.12/site-packages/airflow/example_dags/example_dynamic_task_mapping.py
[2024-05-10T00:06:03.306+0000] {processor.py:840} INFO - DAG(s) 'example_dynamic_task_mapping' retrieved from /home/airflow/.local/lib/python3.12/site-packages/airflow/example_dags/example_dynamic_task_mapping.py
[2024-05-10T00:06:03.424+0000] {logging_mixin.py:188} INFO - [2024-05-10T00:06:03.424+0000] {dag.py:3096} INFO - Sync 1 DAGs
[2024-05-10T00:06:03.509+0000] {logging_mixin.py:188} INFO - [2024-05-10T00:06:03.508+0000] {dag.py:3954} INFO - Setting next_dagrun for example_dynamic_task_mapping to 2022-03-04 00:00:00+00:00, run_after=2022-03-05 00:00:00+00:00
[2024-05-10T00:06:03.574+0000] {processor.py:183} INFO - Processing /home/airflow/.local/lib/python3.12/site-packages/airflow/example_dags/example_dynamic_task_mapping.py took 0.400 seconds
