[2024-05-10T00:00:00.149+0000] {processor.py:161} INFO - Started process (PID=24945) to work on /home/airflow/.local/lib/python3.12/site-packages/airflow/example_dags/example_branch_day_of_week_operator.py
[2024-05-10T00:00:00.153+0000] {processor.py:830} INFO - Processing file /home/airflow/.local/lib/python3.12/site-packages/airflow/example_dags/example_branch_day_of_week_operator.py for tasks to queue
[2024-05-10T00:00:00.158+0000] {logging_mixin.py:188} INFO - [2024-05-10T00:00:00.157+0000] {dagbag.py:545} INFO - Filling up the DagBag from /home/airflow/.local/lib/python3.12/site-packages/airflow/example_dags/example_branch_day_of_week_operator.py
[2024-05-10T00:00:00.177+0000] {processor.py:840} INFO - DAG(s) 'example_weekday_branch_operator' retrieved from /home/airflow/.local/lib/python3.12/site-packages/airflow/example_dags/example_branch_day_of_week_operator.py
[2024-05-10T00:00:00.287+0000] {logging_mixin.py:188} INFO - [2024-05-10T00:00:00.286+0000] {dag.py:3096} INFO - Sync 1 DAGs
[2024-05-10T00:00:00.360+0000] {logging_mixin.py:188} INFO - [2024-05-10T00:00:00.359+0000] {dag.py:3954} INFO - Setting next_dagrun for example_weekday_branch_operator to 2024-05-09 00:00:00+00:00, run_after=2024-05-10 00:00:00+00:00
[2024-05-10T00:00:00.419+0000] {processor.py:183} INFO - Processing /home/airflow/.local/lib/python3.12/site-packages/airflow/example_dags/example_branch_day_of_week_operator.py took 0.279 seconds
[2024-05-10T00:00:32.845+0000] {processor.py:161} INFO - Started process (PID=25003) to work on /home/airflow/.local/lib/python3.12/site-packages/airflow/example_dags/example_branch_day_of_week_operator.py
[2024-05-10T00:00:32.852+0000] {processor.py:830} INFO - Processing file /home/airflow/.local/lib/python3.12/site-packages/airflow/example_dags/example_branch_day_of_week_operator.py for tasks to queue
[2024-05-10T00:00:32.857+0000] {logging_mixin.py:188} INFO - [2024-05-10T00:00:32.856+0000] {dagbag.py:545} INFO - Filling up the DagBag from /home/airflow/.local/lib/python3.12/site-packages/airflow/example_dags/example_branch_day_of_week_operator.py
[2024-05-10T00:00:32.872+0000] {processor.py:840} INFO - DAG(s) 'example_weekday_branch_operator' retrieved from /home/airflow/.local/lib/python3.12/site-packages/airflow/example_dags/example_branch_day_of_week_operator.py
[2024-05-10T00:00:32.912+0000] {logging_mixin.py:188} INFO - [2024-05-10T00:00:32.912+0000] {dag.py:3096} INFO - Sync 1 DAGs
[2024-05-10T00:00:32.952+0000] {logging_mixin.py:188} INFO - [2024-05-10T00:00:32.951+0000] {dag.py:3954} INFO - Setting next_dagrun for example_weekday_branch_operator to 2024-05-09 00:00:00+00:00, run_after=2024-05-10 00:00:00+00:00
[2024-05-10T00:00:32.988+0000] {processor.py:183} INFO - Processing /home/airflow/.local/lib/python3.12/site-packages/airflow/example_dags/example_branch_day_of_week_operator.py took 0.155 seconds
[2024-05-10T00:01:03.707+0000] {processor.py:161} INFO - Started process (PID=25061) to work on /home/airflow/.local/lib/python3.12/site-packages/airflow/example_dags/example_branch_day_of_week_operator.py
[2024-05-10T00:01:03.711+0000] {processor.py:830} INFO - Processing file /home/airflow/.local/lib/python3.12/site-packages/airflow/example_dags/example_branch_day_of_week_operator.py for tasks to queue
[2024-05-10T00:01:03.718+0000] {logging_mixin.py:188} INFO - [2024-05-10T00:01:03.717+0000] {dagbag.py:545} INFO - Filling up the DagBag from /home/airflow/.local/lib/python3.12/site-packages/airflow/example_dags/example_branch_day_of_week_operator.py
[2024-05-10T00:01:03.767+0000] {processor.py:840} INFO - DAG(s) 'example_weekday_branch_operator' retrieved from /home/airflow/.local/lib/python3.12/site-packages/airflow/example_dags/example_branch_day_of_week_operator.py
[2024-05-10T00:01:03.879+0000] {logging_mixin.py:188} INFO - [2024-05-10T00:01:03.878+0000] {dag.py:3096} INFO - Sync 1 DAGs
[2024-05-10T00:01:03.924+0000] {logging_mixin.py:188} INFO - [2024-05-10T00:01:03.924+0000] {dag.py:3954} INFO - Setting next_dagrun for example_weekday_branch_operator to 2024-05-09 00:00:00+00:00, run_after=2024-05-10 00:00:00+00:00
[2024-05-10T00:01:03.952+0000] {processor.py:183} INFO - Processing /home/airflow/.local/lib/python3.12/site-packages/airflow/example_dags/example_branch_day_of_week_operator.py took 0.250 seconds
[2024-05-10T00:01:34.493+0000] {processor.py:161} INFO - Started process (PID=25119) to work on /home/airflow/.local/lib/python3.12/site-packages/airflow/example_dags/example_branch_day_of_week_operator.py
[2024-05-10T00:01:34.498+0000] {processor.py:830} INFO - Processing file /home/airflow/.local/lib/python3.12/site-packages/airflow/example_dags/example_branch_day_of_week_operator.py for tasks to queue
[2024-05-10T00:01:34.501+0000] {logging_mixin.py:188} INFO - [2024-05-10T00:01:34.501+0000] {dagbag.py:545} INFO - Filling up the DagBag from /home/airflow/.local/lib/python3.12/site-packages/airflow/example_dags/example_branch_day_of_week_operator.py
[2024-05-10T00:01:34.512+0000] {processor.py:840} INFO - DAG(s) 'example_weekday_branch_operator' retrieved from /home/airflow/.local/lib/python3.12/site-packages/airflow/example_dags/example_branch_day_of_week_operator.py
[2024-05-10T00:01:34.543+0000] {logging_mixin.py:188} INFO - [2024-05-10T00:01:34.543+0000] {dag.py:3096} INFO - Sync 1 DAGs
[2024-05-10T00:01:34.579+0000] {logging_mixin.py:188} INFO - [2024-05-10T00:01:34.578+0000] {dag.py:3954} INFO - Setting next_dagrun for example_weekday_branch_operator to 2024-05-09 00:00:00+00:00, run_after=2024-05-10 00:00:00+00:00
[2024-05-10T00:01:34.613+0000] {processor.py:183} INFO - Processing /home/airflow/.local/lib/python3.12/site-packages/airflow/example_dags/example_branch_day_of_week_operator.py took 0.127 seconds
[2024-05-10T00:02:10.281+0000] {processor.py:161} INFO - Started process (PID=25176) to work on /home/airflow/.local/lib/python3.12/site-packages/airflow/example_dags/example_branch_day_of_week_operator.py
[2024-05-10T00:02:10.317+0000] {processor.py:830} INFO - Processing file /home/airflow/.local/lib/python3.12/site-packages/airflow/example_dags/example_branch_day_of_week_operator.py for tasks to queue
[2024-05-10T00:02:10.399+0000] {logging_mixin.py:188} INFO - [2024-05-10T00:02:10.393+0000] {dagbag.py:545} INFO - Filling up the DagBag from /home/airflow/.local/lib/python3.12/site-packages/airflow/example_dags/example_branch_day_of_week_operator.py
[2024-05-10T00:02:10.463+0000] {processor.py:840} INFO - DAG(s) 'example_weekday_branch_operator' retrieved from /home/airflow/.local/lib/python3.12/site-packages/airflow/example_dags/example_branch_day_of_week_operator.py
[2024-05-10T00:02:10.578+0000] {logging_mixin.py:188} INFO - [2024-05-10T00:02:10.577+0000] {dag.py:3096} INFO - Sync 1 DAGs
[2024-05-10T00:02:10.817+0000] {logging_mixin.py:188} INFO - [2024-05-10T00:02:10.815+0000] {dag.py:3954} INFO - Setting next_dagrun for example_weekday_branch_operator to 2024-05-09 00:00:00+00:00, run_after=2024-05-10 00:00:00+00:00
[2024-05-10T00:02:11.002+0000] {processor.py:183} INFO - Processing /home/airflow/.local/lib/python3.12/site-packages/airflow/example_dags/example_branch_day_of_week_operator.py took 0.749 seconds
[2024-05-10T00:02:41.424+0000] {processor.py:161} INFO - Started process (PID=25234) to work on /home/airflow/.local/lib/python3.12/site-packages/airflow/example_dags/example_branch_day_of_week_operator.py
[2024-05-10T00:02:41.427+0000] {processor.py:830} INFO - Processing file /home/airflow/.local/lib/python3.12/site-packages/airflow/example_dags/example_branch_day_of_week_operator.py for tasks to queue
[2024-05-10T00:02:41.430+0000] {logging_mixin.py:188} INFO - [2024-05-10T00:02:41.430+0000] {dagbag.py:545} INFO - Filling up the DagBag from /home/airflow/.local/lib/python3.12/site-packages/airflow/example_dags/example_branch_day_of_week_operator.py
[2024-05-10T00:02:41.440+0000] {processor.py:840} INFO - DAG(s) 'example_weekday_branch_operator' retrieved from /home/airflow/.local/lib/python3.12/site-packages/airflow/example_dags/example_branch_day_of_week_operator.py
[2024-05-10T00:02:41.465+0000] {logging_mixin.py:188} INFO - [2024-05-10T00:02:41.464+0000] {dag.py:3096} INFO - Sync 1 DAGs
[2024-05-10T00:02:41.506+0000] {logging_mixin.py:188} INFO - [2024-05-10T00:02:41.506+0000] {dag.py:3954} INFO - Setting next_dagrun for example_weekday_branch_operator to 2024-05-09 00:00:00+00:00, run_after=2024-05-10 00:00:00+00:00
[2024-05-10T00:02:41.530+0000] {processor.py:183} INFO - Processing /home/airflow/.local/lib/python3.12/site-packages/airflow/example_dags/example_branch_day_of_week_operator.py took 0.113 seconds
[2024-05-10T00:06:10.614+0000] {processor.py:161} INFO - Started process (PID=52) to work on /home/airflow/.local/lib/python3.12/site-packages/airflow/example_dags/example_branch_day_of_week_operator.py
[2024-05-10T00:06:10.626+0000] {processor.py:830} INFO - Processing file /home/airflow/.local/lib/python3.12/site-packages/airflow/example_dags/example_branch_day_of_week_operator.py for tasks to queue
[2024-05-10T00:06:10.637+0000] {logging_mixin.py:188} INFO - [2024-05-10T00:06:10.635+0000] {dagbag.py:545} INFO - Filling up the DagBag from /home/airflow/.local/lib/python3.12/site-packages/airflow/example_dags/example_branch_day_of_week_operator.py
[2024-05-10T00:06:10.669+0000] {processor.py:840} INFO - DAG(s) 'example_weekday_branch_operator' retrieved from /home/airflow/.local/lib/python3.12/site-packages/airflow/example_dags/example_branch_day_of_week_operator.py
[2024-05-10T00:06:10.789+0000] {logging_mixin.py:188} INFO - [2024-05-10T00:06:10.788+0000] {dag.py:3096} INFO - Sync 1 DAGs
[2024-05-10T00:06:10.882+0000] {logging_mixin.py:188} INFO - [2024-05-10T00:06:10.882+0000] {dag.py:3954} INFO - Setting next_dagrun for example_weekday_branch_operator to 2024-05-09 00:00:00+00:00, run_after=2024-05-10 00:00:00+00:00
[2024-05-10T00:06:10.956+0000] {processor.py:183} INFO - Processing /home/airflow/.local/lib/python3.12/site-packages/airflow/example_dags/example_branch_day_of_week_operator.py took 0.360 seconds
