[2024-05-10T00:00:01.220+0000] {processor.py:161} INFO - Started process (PID=24953) to work on /home/airflow/.local/lib/python3.12/site-packages/airflow/example_dags/example_external_task_marker_dag.py
[2024-05-10T00:00:01.226+0000] {processor.py:830} INFO - Processing file /home/airflow/.local/lib/python3.12/site-packages/airflow/example_dags/example_external_task_marker_dag.py for tasks to queue
[2024-05-10T00:00:01.232+0000] {logging_mixin.py:188} INFO - [2024-05-10T00:00:01.232+0000] {dagbag.py:545} INFO - Filling up the DagBag from /home/airflow/.local/lib/python3.12/site-packages/airflow/example_dags/example_external_task_marker_dag.py
[2024-05-10T00:00:01.247+0000] {processor.py:840} INFO - DAG(s) 'example_external_task_marker_parent', 'example_external_task_marker_child' retrieved from /home/airflow/.local/lib/python3.12/site-packages/airflow/example_dags/example_external_task_marker_dag.py
[2024-05-10T00:00:01.309+0000] {logging_mixin.py:188} INFO - [2024-05-10T00:00:01.309+0000] {dag.py:3096} INFO - Sync 2 DAGs
[2024-05-10T00:00:01.327+0000] {logging_mixin.py:188} INFO - [2024-05-10T00:00:01.327+0000] {dag.py:3954} INFO - Setting next_dagrun for example_external_task_marker_child to None, run_after=None
[2024-05-10T00:00:01.336+0000] {logging_mixin.py:188} INFO - [2024-05-10T00:00:01.336+0000] {dag.py:3954} INFO - Setting next_dagrun for example_external_task_marker_parent to None, run_after=None
[2024-05-10T00:00:01.368+0000] {processor.py:183} INFO - Processing /home/airflow/.local/lib/python3.12/site-packages/airflow/example_dags/example_external_task_marker_dag.py took 0.155 seconds
[2024-05-10T00:00:33.710+0000] {processor.py:161} INFO - Started process (PID=25011) to work on /home/airflow/.local/lib/python3.12/site-packages/airflow/example_dags/example_external_task_marker_dag.py
[2024-05-10T00:00:33.717+0000] {processor.py:830} INFO - Processing file /home/airflow/.local/lib/python3.12/site-packages/airflow/example_dags/example_external_task_marker_dag.py for tasks to queue
[2024-05-10T00:00:33.725+0000] {logging_mixin.py:188} INFO - [2024-05-10T00:00:33.725+0000] {dagbag.py:545} INFO - Filling up the DagBag from /home/airflow/.local/lib/python3.12/site-packages/airflow/example_dags/example_external_task_marker_dag.py
[2024-05-10T00:00:33.740+0000] {processor.py:840} INFO - DAG(s) 'example_external_task_marker_parent', 'example_external_task_marker_child' retrieved from /home/airflow/.local/lib/python3.12/site-packages/airflow/example_dags/example_external_task_marker_dag.py
[2024-05-10T00:00:33.786+0000] {logging_mixin.py:188} INFO - [2024-05-10T00:00:33.785+0000] {dag.py:3096} INFO - Sync 2 DAGs
[2024-05-10T00:00:33.809+0000] {logging_mixin.py:188} INFO - [2024-05-10T00:00:33.809+0000] {dag.py:3954} INFO - Setting next_dagrun for example_external_task_marker_child to None, run_after=None
[2024-05-10T00:00:33.820+0000] {logging_mixin.py:188} INFO - [2024-05-10T00:00:33.820+0000] {dag.py:3954} INFO - Setting next_dagrun for example_external_task_marker_parent to None, run_after=None
[2024-05-10T00:00:33.851+0000] {processor.py:183} INFO - Processing /home/airflow/.local/lib/python3.12/site-packages/airflow/example_dags/example_external_task_marker_dag.py took 0.153 seconds
[2024-05-10T00:01:04.562+0000] {processor.py:161} INFO - Started process (PID=25069) to work on /home/airflow/.local/lib/python3.12/site-packages/airflow/example_dags/example_external_task_marker_dag.py
[2024-05-10T00:01:04.567+0000] {processor.py:830} INFO - Processing file /home/airflow/.local/lib/python3.12/site-packages/airflow/example_dags/example_external_task_marker_dag.py for tasks to queue
[2024-05-10T00:01:04.572+0000] {logging_mixin.py:188} INFO - [2024-05-10T00:01:04.572+0000] {dagbag.py:545} INFO - Filling up the DagBag from /home/airflow/.local/lib/python3.12/site-packages/airflow/example_dags/example_external_task_marker_dag.py
[2024-05-10T00:01:04.585+0000] {processor.py:840} INFO - DAG(s) 'example_external_task_marker_parent', 'example_external_task_marker_child' retrieved from /home/airflow/.local/lib/python3.12/site-packages/airflow/example_dags/example_external_task_marker_dag.py
[2024-05-10T00:01:04.625+0000] {logging_mixin.py:188} INFO - [2024-05-10T00:01:04.625+0000] {dag.py:3096} INFO - Sync 2 DAGs
[2024-05-10T00:01:04.645+0000] {logging_mixin.py:188} INFO - [2024-05-10T00:01:04.645+0000] {dag.py:3954} INFO - Setting next_dagrun for example_external_task_marker_child to None, run_after=None
[2024-05-10T00:01:04.653+0000] {logging_mixin.py:188} INFO - [2024-05-10T00:01:04.653+0000] {dag.py:3954} INFO - Setting next_dagrun for example_external_task_marker_parent to None, run_after=None
[2024-05-10T00:01:04.683+0000] {processor.py:183} INFO - Processing /home/airflow/.local/lib/python3.12/site-packages/airflow/example_dags/example_external_task_marker_dag.py took 0.132 seconds
[2024-05-10T00:01:35.229+0000] {processor.py:161} INFO - Started process (PID=25127) to work on /home/airflow/.local/lib/python3.12/site-packages/airflow/example_dags/example_external_task_marker_dag.py
[2024-05-10T00:01:35.233+0000] {processor.py:830} INFO - Processing file /home/airflow/.local/lib/python3.12/site-packages/airflow/example_dags/example_external_task_marker_dag.py for tasks to queue
[2024-05-10T00:01:35.238+0000] {logging_mixin.py:188} INFO - [2024-05-10T00:01:35.237+0000] {dagbag.py:545} INFO - Filling up the DagBag from /home/airflow/.local/lib/python3.12/site-packages/airflow/example_dags/example_external_task_marker_dag.py
[2024-05-10T00:01:35.248+0000] {processor.py:840} INFO - DAG(s) 'example_external_task_marker_child', 'example_external_task_marker_parent' retrieved from /home/airflow/.local/lib/python3.12/site-packages/airflow/example_dags/example_external_task_marker_dag.py
[2024-05-10T00:01:35.279+0000] {logging_mixin.py:188} INFO - [2024-05-10T00:01:35.278+0000] {dag.py:3096} INFO - Sync 2 DAGs
[2024-05-10T00:01:35.298+0000] {logging_mixin.py:188} INFO - [2024-05-10T00:01:35.298+0000] {dag.py:3954} INFO - Setting next_dagrun for example_external_task_marker_child to None, run_after=None
[2024-05-10T00:01:35.306+0000] {logging_mixin.py:188} INFO - [2024-05-10T00:01:35.306+0000] {dag.py:3954} INFO - Setting next_dagrun for example_external_task_marker_parent to None, run_after=None
[2024-05-10T00:01:35.330+0000] {processor.py:183} INFO - Processing /home/airflow/.local/lib/python3.12/site-packages/airflow/example_dags/example_external_task_marker_dag.py took 0.109 seconds
[2024-05-10T00:02:13.673+0000] {processor.py:161} INFO - Started process (PID=25184) to work on /home/airflow/.local/lib/python3.12/site-packages/airflow/example_dags/example_external_task_marker_dag.py
[2024-05-10T00:02:13.679+0000] {processor.py:830} INFO - Processing file /home/airflow/.local/lib/python3.12/site-packages/airflow/example_dags/example_external_task_marker_dag.py for tasks to queue
[2024-05-10T00:02:13.704+0000] {logging_mixin.py:188} INFO - [2024-05-10T00:02:13.699+0000] {dagbag.py:545} INFO - Filling up the DagBag from /home/airflow/.local/lib/python3.12/site-packages/airflow/example_dags/example_external_task_marker_dag.py
[2024-05-10T00:02:13.781+0000] {processor.py:840} INFO - DAG(s) 'example_external_task_marker_parent', 'example_external_task_marker_child' retrieved from /home/airflow/.local/lib/python3.12/site-packages/airflow/example_dags/example_external_task_marker_dag.py
[2024-05-10T00:02:14.009+0000] {logging_mixin.py:188} INFO - [2024-05-10T00:02:14.008+0000] {dag.py:3096} INFO - Sync 2 DAGs
[2024-05-10T00:02:14.075+0000] {logging_mixin.py:188} INFO - [2024-05-10T00:02:14.075+0000] {dag.py:3954} INFO - Setting next_dagrun for example_external_task_marker_child to None, run_after=None
[2024-05-10T00:02:14.115+0000] {logging_mixin.py:188} INFO - [2024-05-10T00:02:14.115+0000] {dag.py:3954} INFO - Setting next_dagrun for example_external_task_marker_parent to None, run_after=None
[2024-05-10T00:02:14.189+0000] {processor.py:183} INFO - Processing /home/airflow/.local/lib/python3.12/site-packages/airflow/example_dags/example_external_task_marker_dag.py took 0.542 seconds
[2024-05-10T00:02:44.406+0000] {processor.py:161} INFO - Started process (PID=25242) to work on /home/airflow/.local/lib/python3.12/site-packages/airflow/example_dags/example_external_task_marker_dag.py
[2024-05-10T00:02:44.413+0000] {processor.py:830} INFO - Processing file /home/airflow/.local/lib/python3.12/site-packages/airflow/example_dags/example_external_task_marker_dag.py for tasks to queue
[2024-05-10T00:02:44.418+0000] {logging_mixin.py:188} INFO - [2024-05-10T00:02:44.418+0000] {dagbag.py:545} INFO - Filling up the DagBag from /home/airflow/.local/lib/python3.12/site-packages/airflow/example_dags/example_external_task_marker_dag.py
[2024-05-10T00:02:44.430+0000] {processor.py:840} INFO - DAG(s) 'example_external_task_marker_child', 'example_external_task_marker_parent' retrieved from /home/airflow/.local/lib/python3.12/site-packages/airflow/example_dags/example_external_task_marker_dag.py
[2024-05-10T00:02:44.479+0000] {logging_mixin.py:188} INFO - [2024-05-10T00:02:44.478+0000] {dag.py:3096} INFO - Sync 2 DAGs
[2024-05-10T00:02:44.524+0000] {logging_mixin.py:188} INFO - [2024-05-10T00:02:44.523+0000] {dag.py:3954} INFO - Setting next_dagrun for example_external_task_marker_child to None, run_after=None
[2024-05-10T00:02:44.543+0000] {logging_mixin.py:188} INFO - [2024-05-10T00:02:44.543+0000] {dag.py:3954} INFO - Setting next_dagrun for example_external_task_marker_parent to None, run_after=None
[2024-05-10T00:02:44.642+0000] {processor.py:183} INFO - Processing /home/airflow/.local/lib/python3.12/site-packages/airflow/example_dags/example_external_task_marker_dag.py took 0.243 seconds
[2024-05-10T00:06:12.718+0000] {processor.py:161} INFO - Started process (PID=60) to work on /home/airflow/.local/lib/python3.12/site-packages/airflow/example_dags/example_external_task_marker_dag.py
[2024-05-10T00:06:12.722+0000] {processor.py:830} INFO - Processing file /home/airflow/.local/lib/python3.12/site-packages/airflow/example_dags/example_external_task_marker_dag.py for tasks to queue
[2024-05-10T00:06:12.729+0000] {logging_mixin.py:188} INFO - [2024-05-10T00:06:12.728+0000] {dagbag.py:545} INFO - Filling up the DagBag from /home/airflow/.local/lib/python3.12/site-packages/airflow/example_dags/example_external_task_marker_dag.py
[2024-05-10T00:06:12.745+0000] {processor.py:840} INFO - DAG(s) 'example_external_task_marker_parent', 'example_external_task_marker_child' retrieved from /home/airflow/.local/lib/python3.12/site-packages/airflow/example_dags/example_external_task_marker_dag.py
[2024-05-10T00:06:12.799+0000] {logging_mixin.py:188} INFO - [2024-05-10T00:06:12.798+0000] {dag.py:3096} INFO - Sync 2 DAGs
[2024-05-10T00:06:12.828+0000] {logging_mixin.py:188} INFO - [2024-05-10T00:06:12.828+0000] {dag.py:3954} INFO - Setting next_dagrun for example_external_task_marker_child to None, run_after=None
[2024-05-10T00:06:12.840+0000] {logging_mixin.py:188} INFO - [2024-05-10T00:06:12.840+0000] {dag.py:3954} INFO - Setting next_dagrun for example_external_task_marker_parent to None, run_after=None
[2024-05-10T00:06:12.877+0000] {processor.py:183} INFO - Processing /home/airflow/.local/lib/python3.12/site-packages/airflow/example_dags/example_external_task_marker_dag.py took 0.173 seconds
