[2024-05-10T00:00:03.182+0000] {processor.py:161} INFO - Started process (PID=24969) to work on /home/airflow/.local/lib/python3.12/site-packages/airflow/example_dags/example_bash_decorator.py
[2024-05-10T00:00:03.189+0000] {processor.py:830} INFO - Processing file /home/airflow/.local/lib/python3.12/site-packages/airflow/example_dags/example_bash_decorator.py for tasks to queue
[2024-05-10T00:00:03.196+0000] {logging_mixin.py:188} INFO - [2024-05-10T00:00:03.194+0000] {dagbag.py:545} INFO - Filling up the DagBag from /home/airflow/.local/lib/python3.12/site-packages/airflow/example_dags/example_bash_decorator.py
[2024-05-10T00:00:03.220+0000] {processor.py:840} INFO - DAG(s) 'example_bash_decorator' retrieved from /home/airflow/.local/lib/python3.12/site-packages/airflow/example_dags/example_bash_decorator.py
[2024-05-10T00:00:03.257+0000] {logging_mixin.py:188} INFO - [2024-05-10T00:00:03.257+0000] {dag.py:3096} INFO - Sync 1 DAGs
[2024-05-10T00:00:03.277+0000] {logging_mixin.py:188} INFO - [2024-05-10T00:00:03.276+0000] {dag.py:3954} INFO - Setting next_dagrun for example_bash_decorator to None, run_after=None
[2024-05-10T00:00:03.314+0000] {processor.py:183} INFO - Processing /home/airflow/.local/lib/python3.12/site-packages/airflow/example_dags/example_bash_decorator.py took 0.142 seconds
[2024-05-10T00:00:35.227+0000] {processor.py:161} INFO - Started process (PID=25027) to work on /home/airflow/.local/lib/python3.12/site-packages/airflow/example_dags/example_bash_decorator.py
[2024-05-10T00:00:35.230+0000] {processor.py:830} INFO - Processing file /home/airflow/.local/lib/python3.12/site-packages/airflow/example_dags/example_bash_decorator.py for tasks to queue
[2024-05-10T00:00:35.234+0000] {logging_mixin.py:188} INFO - [2024-05-10T00:00:35.233+0000] {dagbag.py:545} INFO - Filling up the DagBag from /home/airflow/.local/lib/python3.12/site-packages/airflow/example_dags/example_bash_decorator.py
[2024-05-10T00:00:35.248+0000] {processor.py:840} INFO - DAG(s) 'example_bash_decorator' retrieved from /home/airflow/.local/lib/python3.12/site-packages/airflow/example_dags/example_bash_decorator.py
[2024-05-10T00:00:35.274+0000] {logging_mixin.py:188} INFO - [2024-05-10T00:00:35.274+0000] {dag.py:3096} INFO - Sync 1 DAGs
[2024-05-10T00:00:35.288+0000] {logging_mixin.py:188} INFO - [2024-05-10T00:00:35.287+0000] {dag.py:3954} INFO - Setting next_dagrun for example_bash_decorator to None, run_after=None
[2024-05-10T00:00:35.315+0000] {processor.py:183} INFO - Processing /home/airflow/.local/lib/python3.12/site-packages/airflow/example_dags/example_bash_decorator.py took 0.093 seconds
[2024-05-10T00:01:06.415+0000] {processor.py:161} INFO - Started process (PID=25085) to work on /home/airflow/.local/lib/python3.12/site-packages/airflow/example_dags/example_bash_decorator.py
[2024-05-10T00:01:06.420+0000] {processor.py:830} INFO - Processing file /home/airflow/.local/lib/python3.12/site-packages/airflow/example_dags/example_bash_decorator.py for tasks to queue
[2024-05-10T00:01:06.425+0000] {logging_mixin.py:188} INFO - [2024-05-10T00:01:06.424+0000] {dagbag.py:545} INFO - Filling up the DagBag from /home/airflow/.local/lib/python3.12/site-packages/airflow/example_dags/example_bash_decorator.py
[2024-05-10T00:01:06.443+0000] {processor.py:840} INFO - DAG(s) 'example_bash_decorator' retrieved from /home/airflow/.local/lib/python3.12/site-packages/airflow/example_dags/example_bash_decorator.py
[2024-05-10T00:01:06.709+0000] {logging_mixin.py:188} INFO - [2024-05-10T00:01:06.708+0000] {dag.py:3096} INFO - Sync 1 DAGs
[2024-05-10T00:01:06.755+0000] {logging_mixin.py:188} INFO - [2024-05-10T00:01:06.754+0000] {dag.py:3954} INFO - Setting next_dagrun for example_bash_decorator to None, run_after=None
[2024-05-10T00:01:06.947+0000] {processor.py:183} INFO - Processing /home/airflow/.local/lib/python3.12/site-packages/airflow/example_dags/example_bash_decorator.py took 0.539 seconds
[2024-05-10T00:01:37.790+0000] {processor.py:161} INFO - Started process (PID=25143) to work on /home/airflow/.local/lib/python3.12/site-packages/airflow/example_dags/example_bash_decorator.py
[2024-05-10T00:01:37.811+0000] {processor.py:830} INFO - Processing file /home/airflow/.local/lib/python3.12/site-packages/airflow/example_dags/example_bash_decorator.py for tasks to queue
[2024-05-10T00:01:37.824+0000] {logging_mixin.py:188} INFO - [2024-05-10T00:01:37.822+0000] {dagbag.py:545} INFO - Filling up the DagBag from /home/airflow/.local/lib/python3.12/site-packages/airflow/example_dags/example_bash_decorator.py
[2024-05-10T00:01:37.898+0000] {processor.py:840} INFO - DAG(s) 'example_bash_decorator' retrieved from /home/airflow/.local/lib/python3.12/site-packages/airflow/example_dags/example_bash_decorator.py
[2024-05-10T00:01:37.991+0000] {logging_mixin.py:188} INFO - [2024-05-10T00:01:37.990+0000] {dag.py:3096} INFO - Sync 1 DAGs
[2024-05-10T00:01:38.042+0000] {logging_mixin.py:188} INFO - [2024-05-10T00:01:38.042+0000] {dag.py:3954} INFO - Setting next_dagrun for example_bash_decorator to None, run_after=None
[2024-05-10T00:01:38.126+0000] {processor.py:183} INFO - Processing /home/airflow/.local/lib/python3.12/site-packages/airflow/example_dags/example_bash_decorator.py took 0.359 seconds
[2024-05-10T00:02:21.804+0000] {processor.py:161} INFO - Started process (PID=25200) to work on /home/airflow/.local/lib/python3.12/site-packages/airflow/example_dags/example_bash_decorator.py
[2024-05-10T00:02:21.858+0000] {processor.py:830} INFO - Processing file /home/airflow/.local/lib/python3.12/site-packages/airflow/example_dags/example_bash_decorator.py for tasks to queue
[2024-05-10T00:02:21.912+0000] {logging_mixin.py:188} INFO - [2024-05-10T00:02:21.909+0000] {dagbag.py:545} INFO - Filling up the DagBag from /home/airflow/.local/lib/python3.12/site-packages/airflow/example_dags/example_bash_decorator.py
[2024-05-10T00:02:22.075+0000] {processor.py:840} INFO - DAG(s) 'example_bash_decorator' retrieved from /home/airflow/.local/lib/python3.12/site-packages/airflow/example_dags/example_bash_decorator.py
[2024-05-10T00:02:22.192+0000] {logging_mixin.py:188} INFO - [2024-05-10T00:02:22.191+0000] {dag.py:3096} INFO - Sync 1 DAGs
[2024-05-10T00:02:22.239+0000] {logging_mixin.py:188} INFO - [2024-05-10T00:02:22.238+0000] {dag.py:3954} INFO - Setting next_dagrun for example_bash_decorator to None, run_after=None
[2024-05-10T00:02:22.297+0000] {processor.py:183} INFO - Processing /home/airflow/.local/lib/python3.12/site-packages/airflow/example_dags/example_bash_decorator.py took 0.595 seconds
[2024-05-10T00:02:52.894+0000] {processor.py:161} INFO - Started process (PID=25258) to work on /home/airflow/.local/lib/python3.12/site-packages/airflow/example_dags/example_bash_decorator.py
[2024-05-10T00:02:52.897+0000] {processor.py:830} INFO - Processing file /home/airflow/.local/lib/python3.12/site-packages/airflow/example_dags/example_bash_decorator.py for tasks to queue
[2024-05-10T00:02:52.900+0000] {logging_mixin.py:188} INFO - [2024-05-10T00:02:52.900+0000] {dagbag.py:545} INFO - Filling up the DagBag from /home/airflow/.local/lib/python3.12/site-packages/airflow/example_dags/example_bash_decorator.py
[2024-05-10T00:02:52.920+0000] {processor.py:840} INFO - DAG(s) 'example_bash_decorator' retrieved from /home/airflow/.local/lib/python3.12/site-packages/airflow/example_dags/example_bash_decorator.py
[2024-05-10T00:02:52.949+0000] {logging_mixin.py:188} INFO - [2024-05-10T00:02:52.949+0000] {dag.py:3096} INFO - Sync 1 DAGs
[2024-05-10T00:02:52.963+0000] {logging_mixin.py:188} INFO - [2024-05-10T00:02:52.963+0000] {dag.py:3954} INFO - Setting next_dagrun for example_bash_decorator to None, run_after=None
[2024-05-10T00:02:52.983+0000] {processor.py:183} INFO - Processing /home/airflow/.local/lib/python3.12/site-packages/airflow/example_dags/example_bash_decorator.py took 0.098 seconds
[2024-05-10T00:06:15.419+0000] {processor.py:161} INFO - Started process (PID=76) to work on /home/airflow/.local/lib/python3.12/site-packages/airflow/example_dags/example_bash_decorator.py
[2024-05-10T00:06:15.427+0000] {processor.py:830} INFO - Processing file /home/airflow/.local/lib/python3.12/site-packages/airflow/example_dags/example_bash_decorator.py for tasks to queue
[2024-05-10T00:06:15.439+0000] {logging_mixin.py:188} INFO - [2024-05-10T00:06:15.439+0000] {dagbag.py:545} INFO - Filling up the DagBag from /home/airflow/.local/lib/python3.12/site-packages/airflow/example_dags/example_bash_decorator.py
[2024-05-10T00:06:15.467+0000] {processor.py:840} INFO - DAG(s) 'example_bash_decorator' retrieved from /home/airflow/.local/lib/python3.12/site-packages/airflow/example_dags/example_bash_decorator.py
[2024-05-10T00:06:15.686+0000] {logging_mixin.py:188} INFO - [2024-05-10T00:06:15.685+0000] {dag.py:3096} INFO - Sync 1 DAGs
[2024-05-10T00:06:15.712+0000] {logging_mixin.py:188} INFO - [2024-05-10T00:06:15.711+0000] {dag.py:3954} INFO - Setting next_dagrun for example_bash_decorator to None, run_after=None
[2024-05-10T00:06:15.777+0000] {processor.py:183} INFO - Processing /home/airflow/.local/lib/python3.12/site-packages/airflow/example_dags/example_bash_decorator.py took 0.374 seconds
