[2024-05-10T00:00:31.420+0000] {processor.py:161} INFO - Started process (PID=24996) to work on /home/airflow/.local/lib/python3.12/site-packages/airflow/example_dags/example_branch_operator_decorator.py
[2024-05-10T00:00:31.425+0000] {processor.py:830} INFO - Processing file /home/airflow/.local/lib/python3.12/site-packages/airflow/example_dags/example_branch_operator_decorator.py for tasks to queue
[2024-05-10T00:00:31.432+0000] {logging_mixin.py:188} INFO - [2024-05-10T00:00:31.430+0000] {dagbag.py:545} INFO - Filling up the DagBag from /home/airflow/.local/lib/python3.12/site-packages/airflow/example_dags/example_branch_operator_decorator.py
[2024-05-10T00:00:31.482+0000] {processor.py:840} INFO - DAG(s) 'example_branch_python_operator_decorator' retrieved from /home/airflow/.local/lib/python3.12/site-packages/airflow/example_dags/example_branch_operator_decorator.py
[2024-05-10T00:00:31.680+0000] {logging_mixin.py:188} INFO - [2024-05-10T00:00:31.680+0000] {dag.py:3096} INFO - Sync 1 DAGs
[2024-05-10T00:00:31.749+0000] {logging_mixin.py:188} INFO - [2024-05-10T00:00:31.748+0000] {dag.py:3954} INFO - Setting next_dagrun for example_branch_python_operator_decorator to 2024-05-09 00:00:00+00:00, run_after=2024-05-10 00:00:00+00:00
[2024-05-10T00:00:31.871+0000] {processor.py:183} INFO - Processing /home/airflow/.local/lib/python3.12/site-packages/airflow/example_dags/example_branch_operator_decorator.py took 0.459 seconds
[2024-05-10T00:01:02.799+0000] {processor.py:161} INFO - Started process (PID=25054) to work on /home/airflow/.local/lib/python3.12/site-packages/airflow/example_dags/example_branch_operator_decorator.py
[2024-05-10T00:01:02.806+0000] {processor.py:830} INFO - Processing file /home/airflow/.local/lib/python3.12/site-packages/airflow/example_dags/example_branch_operator_decorator.py for tasks to queue
[2024-05-10T00:01:02.814+0000] {logging_mixin.py:188} INFO - [2024-05-10T00:01:02.813+0000] {dagbag.py:545} INFO - Filling up the DagBag from /home/airflow/.local/lib/python3.12/site-packages/airflow/example_dags/example_branch_operator_decorator.py
[2024-05-10T00:01:02.855+0000] {processor.py:840} INFO - DAG(s) 'example_branch_python_operator_decorator' retrieved from /home/airflow/.local/lib/python3.12/site-packages/airflow/example_dags/example_branch_operator_decorator.py
[2024-05-10T00:01:02.903+0000] {logging_mixin.py:188} INFO - [2024-05-10T00:01:02.902+0000] {dag.py:3096} INFO - Sync 1 DAGs
[2024-05-10T00:01:02.933+0000] {logging_mixin.py:188} INFO - [2024-05-10T00:01:02.933+0000] {dag.py:3954} INFO - Setting next_dagrun for example_branch_python_operator_decorator to 2024-05-09 00:00:00+00:00, run_after=2024-05-10 00:00:00+00:00
[2024-05-10T00:01:02.958+0000] {processor.py:183} INFO - Processing /home/airflow/.local/lib/python3.12/site-packages/airflow/example_dags/example_branch_operator_decorator.py took 0.175 seconds
[2024-05-10T00:01:33.049+0000] {processor.py:161} INFO - Started process (PID=25112) to work on /home/airflow/.local/lib/python3.12/site-packages/airflow/example_dags/example_branch_operator_decorator.py
[2024-05-10T00:01:33.051+0000] {processor.py:830} INFO - Processing file /home/airflow/.local/lib/python3.12/site-packages/airflow/example_dags/example_branch_operator_decorator.py for tasks to queue
[2024-05-10T00:01:33.053+0000] {logging_mixin.py:188} INFO - [2024-05-10T00:01:33.053+0000] {dagbag.py:545} INFO - Filling up the DagBag from /home/airflow/.local/lib/python3.12/site-packages/airflow/example_dags/example_branch_operator_decorator.py
[2024-05-10T00:01:33.069+0000] {processor.py:840} INFO - DAG(s) 'example_branch_python_operator_decorator' retrieved from /home/airflow/.local/lib/python3.12/site-packages/airflow/example_dags/example_branch_operator_decorator.py
[2024-05-10T00:01:33.090+0000] {logging_mixin.py:188} INFO - [2024-05-10T00:01:33.090+0000] {dag.py:3096} INFO - Sync 1 DAGs
[2024-05-10T00:01:33.108+0000] {logging_mixin.py:188} INFO - [2024-05-10T00:01:33.108+0000] {dag.py:3954} INFO - Setting next_dagrun for example_branch_python_operator_decorator to 2024-05-09 00:00:00+00:00, run_after=2024-05-10 00:00:00+00:00
[2024-05-10T00:01:33.124+0000] {processor.py:183} INFO - Processing /home/airflow/.local/lib/python3.12/site-packages/airflow/example_dags/example_branch_operator_decorator.py took 0.080 seconds
[2024-05-10T00:02:08.294+0000] {processor.py:161} INFO - Started process (PID=25169) to work on /home/airflow/.local/lib/python3.12/site-packages/airflow/example_dags/example_branch_operator_decorator.py
[2024-05-10T00:02:08.300+0000] {processor.py:830} INFO - Processing file /home/airflow/.local/lib/python3.12/site-packages/airflow/example_dags/example_branch_operator_decorator.py for tasks to queue
[2024-05-10T00:02:08.325+0000] {logging_mixin.py:188} INFO - [2024-05-10T00:02:08.324+0000] {dagbag.py:545} INFO - Filling up the DagBag from /home/airflow/.local/lib/python3.12/site-packages/airflow/example_dags/example_branch_operator_decorator.py
[2024-05-10T00:02:08.491+0000] {processor.py:840} INFO - DAG(s) 'example_branch_python_operator_decorator' retrieved from /home/airflow/.local/lib/python3.12/site-packages/airflow/example_dags/example_branch_operator_decorator.py
[2024-05-10T00:02:08.542+0000] {logging_mixin.py:188} INFO - [2024-05-10T00:02:08.541+0000] {dag.py:3096} INFO - Sync 1 DAGs
[2024-05-10T00:02:08.575+0000] {logging_mixin.py:188} INFO - [2024-05-10T00:02:08.575+0000] {dag.py:3954} INFO - Setting next_dagrun for example_branch_python_operator_decorator to 2024-05-09 00:00:00+00:00, run_after=2024-05-10 00:00:00+00:00
[2024-05-10T00:02:08.606+0000] {processor.py:183} INFO - Processing /home/airflow/.local/lib/python3.12/site-packages/airflow/example_dags/example_branch_operator_decorator.py took 0.327 seconds
[2024-05-10T00:02:38.707+0000] {processor.py:161} INFO - Started process (PID=25227) to work on /home/airflow/.local/lib/python3.12/site-packages/airflow/example_dags/example_branch_operator_decorator.py
[2024-05-10T00:02:38.715+0000] {processor.py:830} INFO - Processing file /home/airflow/.local/lib/python3.12/site-packages/airflow/example_dags/example_branch_operator_decorator.py for tasks to queue
[2024-05-10T00:02:38.720+0000] {logging_mixin.py:188} INFO - [2024-05-10T00:02:38.719+0000] {dagbag.py:545} INFO - Filling up the DagBag from /home/airflow/.local/lib/python3.12/site-packages/airflow/example_dags/example_branch_operator_decorator.py
[2024-05-10T00:02:38.752+0000] {processor.py:840} INFO - DAG(s) 'example_branch_python_operator_decorator' retrieved from /home/airflow/.local/lib/python3.12/site-packages/airflow/example_dags/example_branch_operator_decorator.py
[2024-05-10T00:02:38.782+0000] {logging_mixin.py:188} INFO - [2024-05-10T00:02:38.781+0000] {dag.py:3096} INFO - Sync 1 DAGs
[2024-05-10T00:02:38.804+0000] {logging_mixin.py:188} INFO - [2024-05-10T00:02:38.804+0000] {dag.py:3954} INFO - Setting next_dagrun for example_branch_python_operator_decorator to 2024-05-09 00:00:00+00:00, run_after=2024-05-10 00:00:00+00:00
[2024-05-10T00:02:38.822+0000] {processor.py:183} INFO - Processing /home/airflow/.local/lib/python3.12/site-packages/airflow/example_dags/example_branch_operator_decorator.py took 0.124 seconds
[2024-05-10T00:03:09.725+0000] {processor.py:161} INFO - Started process (PID=25285) to work on /home/airflow/.local/lib/python3.12/site-packages/airflow/example_dags/example_branch_operator_decorator.py
[2024-05-10T00:03:09.731+0000] {processor.py:830} INFO - Processing file /home/airflow/.local/lib/python3.12/site-packages/airflow/example_dags/example_branch_operator_decorator.py for tasks to queue
[2024-05-10T00:03:09.738+0000] {logging_mixin.py:188} INFO - [2024-05-10T00:03:09.737+0000] {dagbag.py:545} INFO - Filling up the DagBag from /home/airflow/.local/lib/python3.12/site-packages/airflow/example_dags/example_branch_operator_decorator.py
[2024-05-10T00:03:09.792+0000] {processor.py:840} INFO - DAG(s) 'example_branch_python_operator_decorator' retrieved from /home/airflow/.local/lib/python3.12/site-packages/airflow/example_dags/example_branch_operator_decorator.py
[2024-05-10T00:03:09.882+0000] {logging_mixin.py:188} INFO - [2024-05-10T00:03:09.881+0000] {dag.py:3096} INFO - Sync 1 DAGs
[2024-05-10T00:03:09.968+0000] {logging_mixin.py:188} INFO - [2024-05-10T00:03:09.968+0000] {dag.py:3954} INFO - Setting next_dagrun for example_branch_python_operator_decorator to 2024-05-09 00:00:00+00:00, run_after=2024-05-10 00:00:00+00:00
[2024-05-10T00:03:10.070+0000] {processor.py:183} INFO - Processing /home/airflow/.local/lib/python3.12/site-packages/airflow/example_dags/example_branch_operator_decorator.py took 0.357 seconds
[2024-05-10T00:06:07.230+0000] {processor.py:161} INFO - Started process (PID=45) to work on /home/airflow/.local/lib/python3.12/site-packages/airflow/example_dags/example_branch_operator_decorator.py
[2024-05-10T00:06:07.255+0000] {processor.py:830} INFO - Processing file /home/airflow/.local/lib/python3.12/site-packages/airflow/example_dags/example_branch_operator_decorator.py for tasks to queue
[2024-05-10T00:06:07.281+0000] {logging_mixin.py:188} INFO - [2024-05-10T00:06:07.280+0000] {dagbag.py:545} INFO - Filling up the DagBag from /home/airflow/.local/lib/python3.12/site-packages/airflow/example_dags/example_branch_operator_decorator.py
[2024-05-10T00:06:07.407+0000] {processor.py:840} INFO - DAG(s) 'example_branch_python_operator_decorator' retrieved from /home/airflow/.local/lib/python3.12/site-packages/airflow/example_dags/example_branch_operator_decorator.py
[2024-05-10T00:06:08.244+0000] {logging_mixin.py:188} INFO - [2024-05-10T00:06:08.243+0000] {dag.py:3096} INFO - Sync 1 DAGs
[2024-05-10T00:06:08.322+0000] {logging_mixin.py:188} INFO - [2024-05-10T00:06:08.321+0000] {dag.py:3954} INFO - Setting next_dagrun for example_branch_python_operator_decorator to 2024-05-09 00:00:00+00:00, run_after=2024-05-10 00:00:00+00:00
[2024-05-10T00:06:08.422+0000] {processor.py:183} INFO - Processing /home/airflow/.local/lib/python3.12/site-packages/airflow/example_dags/example_branch_operator_decorator.py took 1.288 seconds
