[2024-05-10T00:00:00.837+0000] {processor.py:161} INFO - Started process (PID=24949) to work on /home/airflow/.local/lib/python3.12/site-packages/airflow/example_dags/example_xcom.py
[2024-05-10T00:00:00.839+0000] {processor.py:830} INFO - Processing file /home/airflow/.local/lib/python3.12/site-packages/airflow/example_dags/example_xcom.py for tasks to queue
[2024-05-10T00:00:00.844+0000] {logging_mixin.py:188} INFO - [2024-05-10T00:00:00.844+0000] {dagbag.py:545} INFO - Filling up the DagBag from /home/airflow/.local/lib/python3.12/site-packages/airflow/example_dags/example_xcom.py
[2024-05-10T00:00:00.858+0000] {processor.py:840} INFO - DAG(s) 'example_xcom' retrieved from /home/airflow/.local/lib/python3.12/site-packages/airflow/example_dags/example_xcom.py
[2024-05-10T00:00:00.888+0000] {logging_mixin.py:188} INFO - [2024-05-10T00:00:00.888+0000] {dag.py:3096} INFO - Sync 1 DAGs
[2024-05-10T00:00:00.919+0000] {logging_mixin.py:188} INFO - [2024-05-10T00:00:00.918+0000] {dag.py:3954} INFO - Setting next_dagrun for example_xcom to 2021-01-01 00:00:00+00:00, run_after=2021-01-01 00:00:00+00:00
[2024-05-10T00:00:00.944+0000] {processor.py:183} INFO - Processing /home/airflow/.local/lib/python3.12/site-packages/airflow/example_dags/example_xcom.py took 0.117 seconds
[2024-05-10T00:00:33.251+0000] {processor.py:161} INFO - Started process (PID=25007) to work on /home/airflow/.local/lib/python3.12/site-packages/airflow/example_dags/example_xcom.py
[2024-05-10T00:00:33.261+0000] {processor.py:830} INFO - Processing file /home/airflow/.local/lib/python3.12/site-packages/airflow/example_dags/example_xcom.py for tasks to queue
[2024-05-10T00:00:33.272+0000] {logging_mixin.py:188} INFO - [2024-05-10T00:00:33.271+0000] {dagbag.py:545} INFO - Filling up the DagBag from /home/airflow/.local/lib/python3.12/site-packages/airflow/example_dags/example_xcom.py
[2024-05-10T00:00:33.301+0000] {processor.py:840} INFO - DAG(s) 'example_xcom' retrieved from /home/airflow/.local/lib/python3.12/site-packages/airflow/example_dags/example_xcom.py
[2024-05-10T00:00:33.384+0000] {logging_mixin.py:188} INFO - [2024-05-10T00:00:33.383+0000] {dag.py:3096} INFO - Sync 1 DAGs
[2024-05-10T00:00:33.428+0000] {logging_mixin.py:188} INFO - [2024-05-10T00:00:33.428+0000] {dag.py:3954} INFO - Setting next_dagrun for example_xcom to 2021-01-01 00:00:00+00:00, run_after=2021-01-01 00:00:00+00:00
[2024-05-10T00:00:33.457+0000] {processor.py:183} INFO - Processing /home/airflow/.local/lib/python3.12/site-packages/airflow/example_dags/example_xcom.py took 0.227 seconds
[2024-05-10T00:01:04.208+0000] {processor.py:161} INFO - Started process (PID=25065) to work on /home/airflow/.local/lib/python3.12/site-packages/airflow/example_dags/example_xcom.py
[2024-05-10T00:01:04.213+0000] {processor.py:830} INFO - Processing file /home/airflow/.local/lib/python3.12/site-packages/airflow/example_dags/example_xcom.py for tasks to queue
[2024-05-10T00:01:04.217+0000] {logging_mixin.py:188} INFO - [2024-05-10T00:01:04.217+0000] {dagbag.py:545} INFO - Filling up the DagBag from /home/airflow/.local/lib/python3.12/site-packages/airflow/example_dags/example_xcom.py
[2024-05-10T00:01:04.228+0000] {processor.py:840} INFO - DAG(s) 'example_xcom' retrieved from /home/airflow/.local/lib/python3.12/site-packages/airflow/example_dags/example_xcom.py
[2024-05-10T00:01:04.249+0000] {logging_mixin.py:188} INFO - [2024-05-10T00:01:04.249+0000] {dag.py:3096} INFO - Sync 1 DAGs
[2024-05-10T00:01:04.274+0000] {logging_mixin.py:188} INFO - [2024-05-10T00:01:04.274+0000] {dag.py:3954} INFO - Setting next_dagrun for example_xcom to 2021-01-01 00:00:00+00:00, run_after=2021-01-01 00:00:00+00:00
[2024-05-10T00:01:04.298+0000] {processor.py:183} INFO - Processing /home/airflow/.local/lib/python3.12/site-packages/airflow/example_dags/example_xcom.py took 0.102 seconds
[2024-05-10T00:01:34.859+0000] {processor.py:161} INFO - Started process (PID=25123) to work on /home/airflow/.local/lib/python3.12/site-packages/airflow/example_dags/example_xcom.py
[2024-05-10T00:01:34.863+0000] {processor.py:830} INFO - Processing file /home/airflow/.local/lib/python3.12/site-packages/airflow/example_dags/example_xcom.py for tasks to queue
[2024-05-10T00:01:34.872+0000] {logging_mixin.py:188} INFO - [2024-05-10T00:01:34.871+0000] {dagbag.py:545} INFO - Filling up the DagBag from /home/airflow/.local/lib/python3.12/site-packages/airflow/example_dags/example_xcom.py
[2024-05-10T00:01:34.886+0000] {processor.py:840} INFO - DAG(s) 'example_xcom' retrieved from /home/airflow/.local/lib/python3.12/site-packages/airflow/example_dags/example_xcom.py
[2024-05-10T00:01:34.928+0000] {logging_mixin.py:188} INFO - [2024-05-10T00:01:34.927+0000] {dag.py:3096} INFO - Sync 1 DAGs
[2024-05-10T00:01:34.973+0000] {logging_mixin.py:188} INFO - [2024-05-10T00:01:34.973+0000] {dag.py:3954} INFO - Setting next_dagrun for example_xcom to 2021-01-01 00:00:00+00:00, run_after=2021-01-01 00:00:00+00:00
[2024-05-10T00:01:35.001+0000] {processor.py:183} INFO - Processing /home/airflow/.local/lib/python3.12/site-packages/airflow/example_dags/example_xcom.py took 0.151 seconds
[2024-05-10T00:02:11.994+0000] {processor.py:161} INFO - Started process (PID=25180) to work on /home/airflow/.local/lib/python3.12/site-packages/airflow/example_dags/example_xcom.py
[2024-05-10T00:02:12.003+0000] {processor.py:830} INFO - Processing file /home/airflow/.local/lib/python3.12/site-packages/airflow/example_dags/example_xcom.py for tasks to queue
[2024-05-10T00:02:12.017+0000] {logging_mixin.py:188} INFO - [2024-05-10T00:02:12.015+0000] {dagbag.py:545} INFO - Filling up the DagBag from /home/airflow/.local/lib/python3.12/site-packages/airflow/example_dags/example_xcom.py
[2024-05-10T00:02:12.043+0000] {processor.py:840} INFO - DAG(s) 'example_xcom' retrieved from /home/airflow/.local/lib/python3.12/site-packages/airflow/example_dags/example_xcom.py
[2024-05-10T00:02:12.139+0000] {logging_mixin.py:188} INFO - [2024-05-10T00:02:12.138+0000] {dag.py:3096} INFO - Sync 1 DAGs
[2024-05-10T00:02:12.370+0000] {logging_mixin.py:188} INFO - [2024-05-10T00:02:12.349+0000] {dag.py:3954} INFO - Setting next_dagrun for example_xcom to 2021-01-01 00:00:00+00:00, run_after=2021-01-01 00:00:00+00:00
[2024-05-10T00:02:12.511+0000] {processor.py:183} INFO - Processing /home/airflow/.local/lib/python3.12/site-packages/airflow/example_dags/example_xcom.py took 0.554 seconds
[2024-05-10T00:02:42.804+0000] {processor.py:161} INFO - Started process (PID=25238) to work on /home/airflow/.local/lib/python3.12/site-packages/airflow/example_dags/example_xcom.py
[2024-05-10T00:02:42.808+0000] {processor.py:830} INFO - Processing file /home/airflow/.local/lib/python3.12/site-packages/airflow/example_dags/example_xcom.py for tasks to queue
[2024-05-10T00:02:42.814+0000] {logging_mixin.py:188} INFO - [2024-05-10T00:02:42.814+0000] {dagbag.py:545} INFO - Filling up the DagBag from /home/airflow/.local/lib/python3.12/site-packages/airflow/example_dags/example_xcom.py
[2024-05-10T00:02:42.826+0000] {processor.py:840} INFO - DAG(s) 'example_xcom' retrieved from /home/airflow/.local/lib/python3.12/site-packages/airflow/example_dags/example_xcom.py
[2024-05-10T00:02:42.861+0000] {logging_mixin.py:188} INFO - [2024-05-10T00:02:42.861+0000] {dag.py:3096} INFO - Sync 1 DAGs
[2024-05-10T00:02:42.894+0000] {logging_mixin.py:188} INFO - [2024-05-10T00:02:42.893+0000] {dag.py:3954} INFO - Setting next_dagrun for example_xcom to 2021-01-01 00:00:00+00:00, run_after=2021-01-01 00:00:00+00:00
[2024-05-10T00:02:42.960+0000] {processor.py:183} INFO - Processing /home/airflow/.local/lib/python3.12/site-packages/airflow/example_dags/example_xcom.py took 0.177 seconds
[2024-05-10T00:06:11.992+0000] {processor.py:161} INFO - Started process (PID=56) to work on /home/airflow/.local/lib/python3.12/site-packages/airflow/example_dags/example_xcom.py
[2024-05-10T00:06:11.999+0000] {processor.py:830} INFO - Processing file /home/airflow/.local/lib/python3.12/site-packages/airflow/example_dags/example_xcom.py for tasks to queue
[2024-05-10T00:06:12.022+0000] {logging_mixin.py:188} INFO - [2024-05-10T00:06:12.020+0000] {dagbag.py:545} INFO - Filling up the DagBag from /home/airflow/.local/lib/python3.12/site-packages/airflow/example_dags/example_xcom.py
[2024-05-10T00:06:12.059+0000] {processor.py:840} INFO - DAG(s) 'example_xcom' retrieved from /home/airflow/.local/lib/python3.12/site-packages/airflow/example_dags/example_xcom.py
[2024-05-10T00:06:12.118+0000] {logging_mixin.py:188} INFO - [2024-05-10T00:06:12.117+0000] {dag.py:3096} INFO - Sync 1 DAGs
[2024-05-10T00:06:12.183+0000] {logging_mixin.py:188} INFO - [2024-05-10T00:06:12.183+0000] {dag.py:3954} INFO - Setting next_dagrun for example_xcom to 2021-01-01 00:00:00+00:00, run_after=2021-01-01 00:00:00+00:00
[2024-05-10T00:06:12.266+0000] {processor.py:183} INFO - Processing /home/airflow/.local/lib/python3.12/site-packages/airflow/example_dags/example_xcom.py took 0.290 seconds
