[2024-05-10T00:00:02.070+0000] {processor.py:161} INFO - Started process (PID=24959) to work on /home/airflow/.local/lib/python3.12/site-packages/airflow/example_dags/example_dag_decorator.py
[2024-05-10T00:00:02.073+0000] {processor.py:830} INFO - Processing file /home/airflow/.local/lib/python3.12/site-packages/airflow/example_dags/example_dag_decorator.py for tasks to queue
[2024-05-10T00:00:02.079+0000] {logging_mixin.py:188} INFO - [2024-05-10T00:00:02.078+0000] {dagbag.py:545} INFO - Filling up the DagBag from /home/airflow/.local/lib/python3.12/site-packages/airflow/example_dags/example_dag_decorator.py
[2024-05-10T00:00:02.236+0000] {processor.py:840} INFO - DAG(s) 'example_dag_decorator' retrieved from /home/airflow/.local/lib/python3.12/site-packages/airflow/example_dags/example_dag_decorator.py
[2024-05-10T00:00:02.343+0000] {logging_mixin.py:188} INFO - [2024-05-10T00:00:02.343+0000] {dag.py:3096} INFO - Sync 1 DAGs
[2024-05-10T00:00:02.355+0000] {logging_mixin.py:188} INFO - [2024-05-10T00:00:02.355+0000] {dag.py:3954} INFO - Setting next_dagrun for example_dag_decorator to None, run_after=None
[2024-05-10T00:00:02.379+0000] {processor.py:183} INFO - Processing /home/airflow/.local/lib/python3.12/site-packages/airflow/example_dags/example_dag_decorator.py took 0.318 seconds
[2024-05-10T00:00:34.323+0000] {processor.py:161} INFO - Started process (PID=25017) to work on /home/airflow/.local/lib/python3.12/site-packages/airflow/example_dags/example_dag_decorator.py
[2024-05-10T00:00:34.327+0000] {processor.py:830} INFO - Processing file /home/airflow/.local/lib/python3.12/site-packages/airflow/example_dags/example_dag_decorator.py for tasks to queue
[2024-05-10T00:00:34.333+0000] {logging_mixin.py:188} INFO - [2024-05-10T00:00:34.333+0000] {dagbag.py:545} INFO - Filling up the DagBag from /home/airflow/.local/lib/python3.12/site-packages/airflow/example_dags/example_dag_decorator.py
[2024-05-10T00:00:34.496+0000] {processor.py:840} INFO - DAG(s) 'example_dag_decorator' retrieved from /home/airflow/.local/lib/python3.12/site-packages/airflow/example_dags/example_dag_decorator.py
[2024-05-10T00:00:34.655+0000] {logging_mixin.py:188} INFO - [2024-05-10T00:00:34.654+0000] {dag.py:3096} INFO - Sync 1 DAGs
[2024-05-10T00:00:34.670+0000] {logging_mixin.py:188} INFO - [2024-05-10T00:00:34.670+0000] {dag.py:3954} INFO - Setting next_dagrun for example_dag_decorator to None, run_after=None
[2024-05-10T00:00:34.701+0000] {processor.py:183} INFO - Processing /home/airflow/.local/lib/python3.12/site-packages/airflow/example_dags/example_dag_decorator.py took 0.385 seconds
[2024-05-10T00:01:05.242+0000] {processor.py:161} INFO - Started process (PID=25075) to work on /home/airflow/.local/lib/python3.12/site-packages/airflow/example_dags/example_dag_decorator.py
[2024-05-10T00:01:05.249+0000] {processor.py:830} INFO - Processing file /home/airflow/.local/lib/python3.12/site-packages/airflow/example_dags/example_dag_decorator.py for tasks to queue
[2024-05-10T00:01:05.256+0000] {logging_mixin.py:188} INFO - [2024-05-10T00:01:05.254+0000] {dagbag.py:545} INFO - Filling up the DagBag from /home/airflow/.local/lib/python3.12/site-packages/airflow/example_dags/example_dag_decorator.py
[2024-05-10T00:01:05.417+0000] {processor.py:840} INFO - DAG(s) 'example_dag_decorator' retrieved from /home/airflow/.local/lib/python3.12/site-packages/airflow/example_dags/example_dag_decorator.py
[2024-05-10T00:01:05.633+0000] {logging_mixin.py:188} INFO - [2024-05-10T00:01:05.633+0000] {dag.py:3096} INFO - Sync 1 DAGs
[2024-05-10T00:01:05.655+0000] {logging_mixin.py:188} INFO - [2024-05-10T00:01:05.655+0000] {dag.py:3954} INFO - Setting next_dagrun for example_dag_decorator to None, run_after=None
[2024-05-10T00:01:05.691+0000] {processor.py:183} INFO - Processing /home/airflow/.local/lib/python3.12/site-packages/airflow/example_dags/example_dag_decorator.py took 0.459 seconds
[2024-05-10T00:01:35.763+0000] {processor.py:161} INFO - Started process (PID=25134) to work on /home/airflow/.local/lib/python3.12/site-packages/airflow/example_dags/example_dag_decorator.py
[2024-05-10T00:01:35.768+0000] {processor.py:830} INFO - Processing file /home/airflow/.local/lib/python3.12/site-packages/airflow/example_dags/example_dag_decorator.py for tasks to queue
[2024-05-10T00:01:35.772+0000] {logging_mixin.py:188} INFO - [2024-05-10T00:01:35.771+0000] {dagbag.py:545} INFO - Filling up the DagBag from /home/airflow/.local/lib/python3.12/site-packages/airflow/example_dags/example_dag_decorator.py
[2024-05-10T00:01:35.918+0000] {processor.py:840} INFO - DAG(s) 'example_dag_decorator' retrieved from /home/airflow/.local/lib/python3.12/site-packages/airflow/example_dags/example_dag_decorator.py
[2024-05-10T00:01:36.043+0000] {logging_mixin.py:188} INFO - [2024-05-10T00:01:36.043+0000] {dag.py:3096} INFO - Sync 1 DAGs
[2024-05-10T00:01:36.055+0000] {logging_mixin.py:188} INFO - [2024-05-10T00:01:36.055+0000] {dag.py:3954} INFO - Setting next_dagrun for example_dag_decorator to None, run_after=None
[2024-05-10T00:01:36.082+0000] {processor.py:183} INFO - Processing /home/airflow/.local/lib/python3.12/site-packages/airflow/example_dags/example_dag_decorator.py took 0.325 seconds
[2024-05-10T00:02:15.619+0000] {processor.py:161} INFO - Started process (PID=25190) to work on /home/airflow/.local/lib/python3.12/site-packages/airflow/example_dags/example_dag_decorator.py
[2024-05-10T00:02:15.630+0000] {processor.py:830} INFO - Processing file /home/airflow/.local/lib/python3.12/site-packages/airflow/example_dags/example_dag_decorator.py for tasks to queue
[2024-05-10T00:02:15.647+0000] {logging_mixin.py:188} INFO - [2024-05-10T00:02:15.645+0000] {dagbag.py:545} INFO - Filling up the DagBag from /home/airflow/.local/lib/python3.12/site-packages/airflow/example_dags/example_dag_decorator.py
[2024-05-10T00:02:16.263+0000] {processor.py:840} INFO - DAG(s) 'example_dag_decorator' retrieved from /home/airflow/.local/lib/python3.12/site-packages/airflow/example_dags/example_dag_decorator.py
[2024-05-10T00:02:17.388+0000] {logging_mixin.py:188} INFO - [2024-05-10T00:02:17.385+0000] {dag.py:3096} INFO - Sync 1 DAGs
[2024-05-10T00:02:17.471+0000] {logging_mixin.py:188} INFO - [2024-05-10T00:02:17.470+0000] {dag.py:3954} INFO - Setting next_dagrun for example_dag_decorator to None, run_after=None
[2024-05-10T00:02:17.816+0000] {processor.py:183} INFO - Processing /home/airflow/.local/lib/python3.12/site-packages/airflow/example_dags/example_dag_decorator.py took 2.259 seconds
[2024-05-10T00:02:48.167+0000] {processor.py:161} INFO - Started process (PID=25249) to work on /home/airflow/.local/lib/python3.12/site-packages/airflow/example_dags/example_dag_decorator.py
[2024-05-10T00:02:48.172+0000] {processor.py:830} INFO - Processing file /home/airflow/.local/lib/python3.12/site-packages/airflow/example_dags/example_dag_decorator.py for tasks to queue
[2024-05-10T00:02:48.179+0000] {logging_mixin.py:188} INFO - [2024-05-10T00:02:48.178+0000] {dagbag.py:545} INFO - Filling up the DagBag from /home/airflow/.local/lib/python3.12/site-packages/airflow/example_dags/example_dag_decorator.py
[2024-05-10T00:02:48.381+0000] {processor.py:840} INFO - DAG(s) 'example_dag_decorator' retrieved from /home/airflow/.local/lib/python3.12/site-packages/airflow/example_dags/example_dag_decorator.py
[2024-05-10T00:02:48.503+0000] {logging_mixin.py:188} INFO - [2024-05-10T00:02:48.503+0000] {dag.py:3096} INFO - Sync 1 DAGs
[2024-05-10T00:02:48.514+0000] {logging_mixin.py:188} INFO - [2024-05-10T00:02:48.514+0000] {dag.py:3954} INFO - Setting next_dagrun for example_dag_decorator to None, run_after=None
[2024-05-10T00:02:48.531+0000] {processor.py:183} INFO - Processing /home/airflow/.local/lib/python3.12/site-packages/airflow/example_dags/example_dag_decorator.py took 0.374 seconds
[2024-05-10T00:06:13.814+0000] {processor.py:161} INFO - Started process (PID=66) to work on /home/airflow/.local/lib/python3.12/site-packages/airflow/example_dags/example_dag_decorator.py
[2024-05-10T00:06:13.818+0000] {processor.py:830} INFO - Processing file /home/airflow/.local/lib/python3.12/site-packages/airflow/example_dags/example_dag_decorator.py for tasks to queue
[2024-05-10T00:06:13.825+0000] {logging_mixin.py:188} INFO - [2024-05-10T00:06:13.825+0000] {dagbag.py:545} INFO - Filling up the DagBag from /home/airflow/.local/lib/python3.12/site-packages/airflow/example_dags/example_dag_decorator.py
[2024-05-10T00:06:14.062+0000] {processor.py:840} INFO - DAG(s) 'example_dag_decorator' retrieved from /home/airflow/.local/lib/python3.12/site-packages/airflow/example_dags/example_dag_decorator.py
[2024-05-10T00:06:14.275+0000] {logging_mixin.py:188} INFO - [2024-05-10T00:06:14.275+0000] {dag.py:3096} INFO - Sync 1 DAGs
[2024-05-10T00:06:14.299+0000] {logging_mixin.py:188} INFO - [2024-05-10T00:06:14.299+0000] {dag.py:3954} INFO - Setting next_dagrun for example_dag_decorator to None, run_after=None
[2024-05-10T00:06:14.349+0000] {processor.py:183} INFO - Processing /home/airflow/.local/lib/python3.12/site-packages/airflow/example_dags/example_dag_decorator.py took 0.544 seconds
