[2024-05-10T00:00:31.881+0000] {processor.py:161} INFO - Started process (PID=24997) to work on /home/airflow/.local/lib/python3.12/site-packages/airflow/example_dags/tutorial.py
[2024-05-10T00:00:31.888+0000] {processor.py:830} INFO - Processing file /home/airflow/.local/lib/python3.12/site-packages/airflow/example_dags/tutorial.py for tasks to queue
[2024-05-10T00:00:31.905+0000] {logging_mixin.py:188} INFO - [2024-05-10T00:00:31.901+0000] {dagbag.py:545} INFO - Filling up the DagBag from /home/airflow/.local/lib/python3.12/site-packages/airflow/example_dags/tutorial.py
[2024-05-10T00:00:31.933+0000] {processor.py:840} INFO - DAG(s) 'tutorial' retrieved from /home/airflow/.local/lib/python3.12/site-packages/airflow/example_dags/tutorial.py
[2024-05-10T00:00:32.092+0000] {logging_mixin.py:188} INFO - [2024-05-10T00:00:32.091+0000] {dag.py:3096} INFO - Sync 1 DAGs
[2024-05-10T00:00:32.143+0000] {logging_mixin.py:188} INFO - [2024-05-10T00:00:32.142+0000] {dag.py:3954} INFO - Setting next_dagrun for tutorial to 2024-05-09 00:00:00+00:00, run_after=2024-05-10 00:00:00+00:00
[2024-05-10T00:00:32.177+0000] {processor.py:183} INFO - Processing /home/airflow/.local/lib/python3.12/site-packages/airflow/example_dags/tutorial.py took 0.326 seconds
[2024-05-10T00:01:03.035+0000] {processor.py:161} INFO - Started process (PID=25055) to work on /home/airflow/.local/lib/python3.12/site-packages/airflow/example_dags/tutorial.py
[2024-05-10T00:01:03.043+0000] {processor.py:830} INFO - Processing file /home/airflow/.local/lib/python3.12/site-packages/airflow/example_dags/tutorial.py for tasks to queue
[2024-05-10T00:01:03.048+0000] {logging_mixin.py:188} INFO - [2024-05-10T00:01:03.048+0000] {dagbag.py:545} INFO - Filling up the DagBag from /home/airflow/.local/lib/python3.12/site-packages/airflow/example_dags/tutorial.py
[2024-05-10T00:01:03.062+0000] {processor.py:840} INFO - DAG(s) 'tutorial' retrieved from /home/airflow/.local/lib/python3.12/site-packages/airflow/example_dags/tutorial.py
[2024-05-10T00:01:03.097+0000] {logging_mixin.py:188} INFO - [2024-05-10T00:01:03.097+0000] {dag.py:3096} INFO - Sync 1 DAGs
[2024-05-10T00:01:03.125+0000] {logging_mixin.py:188} INFO - [2024-05-10T00:01:03.125+0000] {dag.py:3954} INFO - Setting next_dagrun for tutorial to 2024-05-09 00:00:00+00:00, run_after=2024-05-10 00:00:00+00:00
[2024-05-10T00:01:03.151+0000] {processor.py:183} INFO - Processing /home/airflow/.local/lib/python3.12/site-packages/airflow/example_dags/tutorial.py took 0.133 seconds
[2024-05-10T00:01:34.076+0000] {processor.py:161} INFO - Started process (PID=25113) to work on /home/airflow/.local/lib/python3.12/site-packages/airflow/example_dags/tutorial.py
[2024-05-10T00:01:34.079+0000] {processor.py:830} INFO - Processing file /home/airflow/.local/lib/python3.12/site-packages/airflow/example_dags/tutorial.py for tasks to queue
[2024-05-10T00:01:34.082+0000] {logging_mixin.py:188} INFO - [2024-05-10T00:01:34.081+0000] {dagbag.py:545} INFO - Filling up the DagBag from /home/airflow/.local/lib/python3.12/site-packages/airflow/example_dags/tutorial.py
[2024-05-10T00:01:34.092+0000] {processor.py:840} INFO - DAG(s) 'tutorial' retrieved from /home/airflow/.local/lib/python3.12/site-packages/airflow/example_dags/tutorial.py
[2024-05-10T00:01:34.129+0000] {logging_mixin.py:188} INFO - [2024-05-10T00:01:34.129+0000] {dag.py:3096} INFO - Sync 1 DAGs
[2024-05-10T00:01:34.167+0000] {logging_mixin.py:188} INFO - [2024-05-10T00:01:34.167+0000] {dag.py:3954} INFO - Setting next_dagrun for tutorial to 2024-05-09 00:00:00+00:00, run_after=2024-05-10 00:00:00+00:00
[2024-05-10T00:01:34.211+0000] {processor.py:183} INFO - Processing /home/airflow/.local/lib/python3.12/site-packages/airflow/example_dags/tutorial.py took 0.141 seconds
[2024-05-10T00:02:08.680+0000] {processor.py:161} INFO - Started process (PID=25170) to work on /home/airflow/.local/lib/python3.12/site-packages/airflow/example_dags/tutorial.py
[2024-05-10T00:02:08.684+0000] {processor.py:830} INFO - Processing file /home/airflow/.local/lib/python3.12/site-packages/airflow/example_dags/tutorial.py for tasks to queue
[2024-05-10T00:02:08.694+0000] {logging_mixin.py:188} INFO - [2024-05-10T00:02:08.693+0000] {dagbag.py:545} INFO - Filling up the DagBag from /home/airflow/.local/lib/python3.12/site-packages/airflow/example_dags/tutorial.py
[2024-05-10T00:02:08.704+0000] {processor.py:840} INFO - DAG(s) 'tutorial' retrieved from /home/airflow/.local/lib/python3.12/site-packages/airflow/example_dags/tutorial.py
[2024-05-10T00:02:08.749+0000] {logging_mixin.py:188} INFO - [2024-05-10T00:02:08.748+0000] {dag.py:3096} INFO - Sync 1 DAGs
[2024-05-10T00:02:08.785+0000] {logging_mixin.py:188} INFO - [2024-05-10T00:02:08.785+0000] {dag.py:3954} INFO - Setting next_dagrun for tutorial to 2024-05-09 00:00:00+00:00, run_after=2024-05-10 00:00:00+00:00
[2024-05-10T00:02:08.814+0000] {processor.py:183} INFO - Processing /home/airflow/.local/lib/python3.12/site-packages/airflow/example_dags/tutorial.py took 0.147 seconds
[2024-05-10T00:02:38.859+0000] {processor.py:161} INFO - Started process (PID=25228) to work on /home/airflow/.local/lib/python3.12/site-packages/airflow/example_dags/tutorial.py
[2024-05-10T00:02:38.861+0000] {processor.py:830} INFO - Processing file /home/airflow/.local/lib/python3.12/site-packages/airflow/example_dags/tutorial.py for tasks to queue
[2024-05-10T00:02:38.864+0000] {logging_mixin.py:188} INFO - [2024-05-10T00:02:38.864+0000] {dagbag.py:545} INFO - Filling up the DagBag from /home/airflow/.local/lib/python3.12/site-packages/airflow/example_dags/tutorial.py
[2024-05-10T00:02:38.870+0000] {processor.py:840} INFO - DAG(s) 'tutorial' retrieved from /home/airflow/.local/lib/python3.12/site-packages/airflow/example_dags/tutorial.py
[2024-05-10T00:02:38.889+0000] {logging_mixin.py:188} INFO - [2024-05-10T00:02:38.889+0000] {dag.py:3096} INFO - Sync 1 DAGs
[2024-05-10T00:02:38.908+0000] {logging_mixin.py:188} INFO - [2024-05-10T00:02:38.908+0000] {dag.py:3954} INFO - Setting next_dagrun for tutorial to 2024-05-09 00:00:00+00:00, run_after=2024-05-10 00:00:00+00:00
[2024-05-10T00:02:38.933+0000] {processor.py:183} INFO - Processing /home/airflow/.local/lib/python3.12/site-packages/airflow/example_dags/tutorial.py took 0.080 seconds
[2024-05-10T00:03:09.970+0000] {processor.py:161} INFO - Started process (PID=25286) to work on /home/airflow/.local/lib/python3.12/site-packages/airflow/example_dags/tutorial.py
[2024-05-10T00:03:09.985+0000] {processor.py:830} INFO - Processing file /home/airflow/.local/lib/python3.12/site-packages/airflow/example_dags/tutorial.py for tasks to queue
[2024-05-10T00:03:09.998+0000] {logging_mixin.py:188} INFO - [2024-05-10T00:03:09.997+0000] {dagbag.py:545} INFO - Filling up the DagBag from /home/airflow/.local/lib/python3.12/site-packages/airflow/example_dags/tutorial.py
[2024-05-10T00:03:10.033+0000] {processor.py:840} INFO - DAG(s) 'tutorial' retrieved from /home/airflow/.local/lib/python3.12/site-packages/airflow/example_dags/tutorial.py
[2024-05-10T00:03:10.124+0000] {logging_mixin.py:188} INFO - [2024-05-10T00:03:10.123+0000] {dag.py:3096} INFO - Sync 1 DAGs
[2024-05-10T00:03:10.235+0000] {logging_mixin.py:188} INFO - [2024-05-10T00:03:10.231+0000] {dag.py:3954} INFO - Setting next_dagrun for tutorial to 2024-05-09 00:00:00+00:00, run_after=2024-05-10 00:00:00+00:00
[2024-05-10T00:03:10.712+0000] {processor.py:183} INFO - Processing /home/airflow/.local/lib/python3.12/site-packages/airflow/example_dags/tutorial.py took 0.758 seconds
[2024-05-10T00:06:07.921+0000] {processor.py:161} INFO - Started process (PID=46) to work on /home/airflow/.local/lib/python3.12/site-packages/airflow/example_dags/tutorial.py
[2024-05-10T00:06:07.931+0000] {processor.py:830} INFO - Processing file /home/airflow/.local/lib/python3.12/site-packages/airflow/example_dags/tutorial.py for tasks to queue
[2024-05-10T00:06:07.943+0000] {logging_mixin.py:188} INFO - [2024-05-10T00:06:07.942+0000] {dagbag.py:545} INFO - Filling up the DagBag from /home/airflow/.local/lib/python3.12/site-packages/airflow/example_dags/tutorial.py
[2024-05-10T00:06:07.979+0000] {processor.py:840} INFO - DAG(s) 'tutorial' retrieved from /home/airflow/.local/lib/python3.12/site-packages/airflow/example_dags/tutorial.py
[2024-05-10T00:06:08.199+0000] {logging_mixin.py:188} INFO - [2024-05-10T00:06:08.198+0000] {dag.py:3096} INFO - Sync 1 DAGs
[2024-05-10T00:06:08.287+0000] {logging_mixin.py:188} INFO - [2024-05-10T00:06:08.287+0000] {dag.py:3954} INFO - Setting next_dagrun for tutorial to 2024-05-09 00:00:00+00:00, run_after=2024-05-10 00:00:00+00:00
[2024-05-10T00:06:08.369+0000] {processor.py:183} INFO - Processing /home/airflow/.local/lib/python3.12/site-packages/airflow/example_dags/tutorial.py took 0.470 seconds
