[2024-05-10T00:00:30.386+0000] {processor.py:161} INFO - Started process (PID=24990) to work on /home/airflow/.local/lib/python3.12/site-packages/airflow/example_dags/tutorial_objectstorage.py
[2024-05-10T00:00:30.392+0000] {processor.py:830} INFO - Processing file /home/airflow/.local/lib/python3.12/site-packages/airflow/example_dags/tutorial_objectstorage.py for tasks to queue
[2024-05-10T00:00:30.401+0000] {logging_mixin.py:188} INFO - [2024-05-10T00:00:30.399+0000] {dagbag.py:545} INFO - Filling up the DagBag from /home/airflow/.local/lib/python3.12/site-packages/airflow/example_dags/tutorial_objectstorage.py
[2024-05-10T00:00:30.617+0000] {processor.py:840} INFO - DAG(s) 'tutorial_objectstorage' retrieved from /home/airflow/.local/lib/python3.12/site-packages/airflow/example_dags/tutorial_objectstorage.py
[2024-05-10T00:00:30.720+0000] {logging_mixin.py:188} INFO - [2024-05-10T00:00:30.719+0000] {dag.py:3096} INFO - Sync 1 DAGs
[2024-05-10T00:00:30.759+0000] {logging_mixin.py:188} INFO - [2024-05-10T00:00:30.758+0000] {dag.py:3954} INFO - Setting next_dagrun for tutorial_objectstorage to None, run_after=None
[2024-05-10T00:00:30.824+0000] {processor.py:183} INFO - Processing /home/airflow/.local/lib/python3.12/site-packages/airflow/example_dags/tutorial_objectstorage.py took 0.456 seconds
[2024-05-10T00:01:01.747+0000] {processor.py:161} INFO - Started process (PID=25048) to work on /home/airflow/.local/lib/python3.12/site-packages/airflow/example_dags/tutorial_objectstorage.py
[2024-05-10T00:01:01.760+0000] {processor.py:830} INFO - Processing file /home/airflow/.local/lib/python3.12/site-packages/airflow/example_dags/tutorial_objectstorage.py for tasks to queue
[2024-05-10T00:01:01.784+0000] {logging_mixin.py:188} INFO - [2024-05-10T00:01:01.781+0000] {dagbag.py:545} INFO - Filling up the DagBag from /home/airflow/.local/lib/python3.12/site-packages/airflow/example_dags/tutorial_objectstorage.py
[2024-05-10T00:01:01.853+0000] {processor.py:840} INFO - DAG(s) 'tutorial_objectstorage' retrieved from /home/airflow/.local/lib/python3.12/site-packages/airflow/example_dags/tutorial_objectstorage.py
[2024-05-10T00:01:01.994+0000] {logging_mixin.py:188} INFO - [2024-05-10T00:01:01.994+0000] {dag.py:3096} INFO - Sync 1 DAGs
[2024-05-10T00:01:02.084+0000] {logging_mixin.py:188} INFO - [2024-05-10T00:01:02.084+0000] {dag.py:3954} INFO - Setting next_dagrun for tutorial_objectstorage to None, run_after=None
[2024-05-10T00:01:02.183+0000] {processor.py:183} INFO - Processing /home/airflow/.local/lib/python3.12/site-packages/airflow/example_dags/tutorial_objectstorage.py took 0.482 seconds
[2024-05-10T00:01:32.648+0000] {processor.py:161} INFO - Started process (PID=25106) to work on /home/airflow/.local/lib/python3.12/site-packages/airflow/example_dags/tutorial_objectstorage.py
[2024-05-10T00:01:32.651+0000] {processor.py:830} INFO - Processing file /home/airflow/.local/lib/python3.12/site-packages/airflow/example_dags/tutorial_objectstorage.py for tasks to queue
[2024-05-10T00:01:32.655+0000] {logging_mixin.py:188} INFO - [2024-05-10T00:01:32.655+0000] {dagbag.py:545} INFO - Filling up the DagBag from /home/airflow/.local/lib/python3.12/site-packages/airflow/example_dags/tutorial_objectstorage.py
[2024-05-10T00:01:32.663+0000] {processor.py:840} INFO - DAG(s) 'tutorial_objectstorage' retrieved from /home/airflow/.local/lib/python3.12/site-packages/airflow/example_dags/tutorial_objectstorage.py
[2024-05-10T00:01:32.685+0000] {logging_mixin.py:188} INFO - [2024-05-10T00:01:32.684+0000] {dag.py:3096} INFO - Sync 1 DAGs
[2024-05-10T00:01:32.696+0000] {logging_mixin.py:188} INFO - [2024-05-10T00:01:32.696+0000] {dag.py:3954} INFO - Setting next_dagrun for tutorial_objectstorage to None, run_after=None
[2024-05-10T00:01:32.714+0000] {processor.py:183} INFO - Processing /home/airflow/.local/lib/python3.12/site-packages/airflow/example_dags/tutorial_objectstorage.py took 0.072 seconds
[2024-05-10T00:02:03.985+0000] {processor.py:161} INFO - Started process (PID=25163) to work on /home/airflow/.local/lib/python3.12/site-packages/airflow/example_dags/tutorial_objectstorage.py
[2024-05-10T00:02:03.995+0000] {processor.py:830} INFO - Processing file /home/airflow/.local/lib/python3.12/site-packages/airflow/example_dags/tutorial_objectstorage.py for tasks to queue
[2024-05-10T00:02:04.000+0000] {logging_mixin.py:188} INFO - [2024-05-10T00:02:03.999+0000] {dagbag.py:545} INFO - Filling up the DagBag from /home/airflow/.local/lib/python3.12/site-packages/airflow/example_dags/tutorial_objectstorage.py
[2024-05-10T00:02:04.017+0000] {processor.py:840} INFO - DAG(s) 'tutorial_objectstorage' retrieved from /home/airflow/.local/lib/python3.12/site-packages/airflow/example_dags/tutorial_objectstorage.py
[2024-05-10T00:02:04.129+0000] {logging_mixin.py:188} INFO - [2024-05-10T00:02:04.128+0000] {dag.py:3096} INFO - Sync 1 DAGs
[2024-05-10T00:02:04.272+0000] {logging_mixin.py:188} INFO - [2024-05-10T00:02:04.271+0000] {dag.py:3954} INFO - Setting next_dagrun for tutorial_objectstorage to None, run_after=None
[2024-05-10T00:02:04.965+0000] {processor.py:183} INFO - Processing /home/airflow/.local/lib/python3.12/site-packages/airflow/example_dags/tutorial_objectstorage.py took 1.026 seconds
[2024-05-10T00:02:35.651+0000] {processor.py:161} INFO - Started process (PID=25221) to work on /home/airflow/.local/lib/python3.12/site-packages/airflow/example_dags/tutorial_objectstorage.py
[2024-05-10T00:02:35.660+0000] {processor.py:830} INFO - Processing file /home/airflow/.local/lib/python3.12/site-packages/airflow/example_dags/tutorial_objectstorage.py for tasks to queue
[2024-05-10T00:02:35.667+0000] {logging_mixin.py:188} INFO - [2024-05-10T00:02:35.667+0000] {dagbag.py:545} INFO - Filling up the DagBag from /home/airflow/.local/lib/python3.12/site-packages/airflow/example_dags/tutorial_objectstorage.py
[2024-05-10T00:02:35.693+0000] {processor.py:840} INFO - DAG(s) 'tutorial_objectstorage' retrieved from /home/airflow/.local/lib/python3.12/site-packages/airflow/example_dags/tutorial_objectstorage.py
[2024-05-10T00:02:35.773+0000] {logging_mixin.py:188} INFO - [2024-05-10T00:02:35.772+0000] {dag.py:3096} INFO - Sync 1 DAGs
[2024-05-10T00:02:35.816+0000] {logging_mixin.py:188} INFO - [2024-05-10T00:02:35.815+0000] {dag.py:3954} INFO - Setting next_dagrun for tutorial_objectstorage to None, run_after=None
[2024-05-10T00:02:36.027+0000] {processor.py:183} INFO - Processing /home/airflow/.local/lib/python3.12/site-packages/airflow/example_dags/tutorial_objectstorage.py took 0.397 seconds
[2024-05-10T00:03:06.896+0000] {processor.py:161} INFO - Started process (PID=25279) to work on /home/airflow/.local/lib/python3.12/site-packages/airflow/example_dags/tutorial_objectstorage.py
[2024-05-10T00:03:06.923+0000] {processor.py:830} INFO - Processing file /home/airflow/.local/lib/python3.12/site-packages/airflow/example_dags/tutorial_objectstorage.py for tasks to queue
[2024-05-10T00:03:07.001+0000] {logging_mixin.py:188} INFO - [2024-05-10T00:03:06.994+0000] {dagbag.py:545} INFO - Filling up the DagBag from /home/airflow/.local/lib/python3.12/site-packages/airflow/example_dags/tutorial_objectstorage.py
[2024-05-10T00:03:07.651+0000] {processor.py:840} INFO - DAG(s) 'tutorial_objectstorage' retrieved from /home/airflow/.local/lib/python3.12/site-packages/airflow/example_dags/tutorial_objectstorage.py
[2024-05-10T00:03:08.077+0000] {logging_mixin.py:188} INFO - [2024-05-10T00:03:08.076+0000] {dag.py:3096} INFO - Sync 1 DAGs
[2024-05-10T00:03:08.144+0000] {logging_mixin.py:188} INFO - [2024-05-10T00:03:08.144+0000] {dag.py:3954} INFO - Setting next_dagrun for tutorial_objectstorage to None, run_after=None
[2024-05-10T00:03:08.206+0000] {processor.py:183} INFO - Processing /home/airflow/.local/lib/python3.12/site-packages/airflow/example_dags/tutorial_objectstorage.py took 1.367 seconds
[2024-05-10T00:06:04.329+0000] {processor.py:161} INFO - Started process (PID=39) to work on /home/airflow/.local/lib/python3.12/site-packages/airflow/example_dags/tutorial_objectstorage.py
[2024-05-10T00:06:04.338+0000] {processor.py:830} INFO - Processing file /home/airflow/.local/lib/python3.12/site-packages/airflow/example_dags/tutorial_objectstorage.py for tasks to queue
[2024-05-10T00:06:04.360+0000] {logging_mixin.py:188} INFO - [2024-05-10T00:06:04.359+0000] {dagbag.py:545} INFO - Filling up the DagBag from /home/airflow/.local/lib/python3.12/site-packages/airflow/example_dags/tutorial_objectstorage.py
[2024-05-10T00:06:04.405+0000] {processor.py:840} INFO - DAG(s) 'tutorial_objectstorage' retrieved from /home/airflow/.local/lib/python3.12/site-packages/airflow/example_dags/tutorial_objectstorage.py
[2024-05-10T00:06:04.580+0000] {logging_mixin.py:188} INFO - [2024-05-10T00:06:04.580+0000] {dag.py:3096} INFO - Sync 1 DAGs
[2024-05-10T00:06:04.690+0000] {logging_mixin.py:188} INFO - [2024-05-10T00:06:04.688+0000] {dag.py:3954} INFO - Setting next_dagrun for tutorial_objectstorage to None, run_after=None
[2024-05-10T00:06:04.860+0000] {processor.py:183} INFO - Processing /home/airflow/.local/lib/python3.12/site-packages/airflow/example_dags/tutorial_objectstorage.py took 0.573 seconds
