[2024-05-10T00:00:01.303+0000] {processor.py:161} INFO - Started process (PID=24954) to work on /home/airflow/.local/lib/python3.12/site-packages/airflow/example_dags/tutorial_taskflow_api_virtualenv.py
[2024-05-10T00:00:01.310+0000] {processor.py:830} INFO - Processing file /home/airflow/.local/lib/python3.12/site-packages/airflow/example_dags/tutorial_taskflow_api_virtualenv.py for tasks to queue
[2024-05-10T00:00:01.316+0000] {logging_mixin.py:188} INFO - [2024-05-10T00:00:01.315+0000] {dagbag.py:545} INFO - Filling up the DagBag from /home/airflow/.local/lib/python3.12/site-packages/airflow/example_dags/tutorial_taskflow_api_virtualenv.py
[2024-05-10T00:00:01.334+0000] {processor.py:840} INFO - DAG(s) 'tutorial_taskflow_api_virtualenv' retrieved from /home/airflow/.local/lib/python3.12/site-packages/airflow/example_dags/tutorial_taskflow_api_virtualenv.py
[2024-05-10T00:00:01.376+0000] {logging_mixin.py:188} INFO - [2024-05-10T00:00:01.375+0000] {dag.py:3096} INFO - Sync 1 DAGs
[2024-05-10T00:00:01.394+0000] {logging_mixin.py:188} INFO - [2024-05-10T00:00:01.394+0000] {dag.py:3954} INFO - Setting next_dagrun for tutorial_taskflow_api_virtualenv to None, run_after=None
[2024-05-10T00:00:01.433+0000] {processor.py:183} INFO - Processing /home/airflow/.local/lib/python3.12/site-packages/airflow/example_dags/tutorial_taskflow_api_virtualenv.py took 0.138 seconds
[2024-05-10T00:00:33.782+0000] {processor.py:161} INFO - Started process (PID=25012) to work on /home/airflow/.local/lib/python3.12/site-packages/airflow/example_dags/tutorial_taskflow_api_virtualenv.py
[2024-05-10T00:00:33.786+0000] {processor.py:830} INFO - Processing file /home/airflow/.local/lib/python3.12/site-packages/airflow/example_dags/tutorial_taskflow_api_virtualenv.py for tasks to queue
[2024-05-10T00:00:33.793+0000] {logging_mixin.py:188} INFO - [2024-05-10T00:00:33.792+0000] {dagbag.py:545} INFO - Filling up the DagBag from /home/airflow/.local/lib/python3.12/site-packages/airflow/example_dags/tutorial_taskflow_api_virtualenv.py
[2024-05-10T00:00:33.812+0000] {processor.py:840} INFO - DAG(s) 'tutorial_taskflow_api_virtualenv' retrieved from /home/airflow/.local/lib/python3.12/site-packages/airflow/example_dags/tutorial_taskflow_api_virtualenv.py
[2024-05-10T00:00:33.849+0000] {logging_mixin.py:188} INFO - [2024-05-10T00:00:33.849+0000] {dag.py:3096} INFO - Sync 1 DAGs
[2024-05-10T00:00:33.871+0000] {logging_mixin.py:188} INFO - [2024-05-10T00:00:33.871+0000] {dag.py:3954} INFO - Setting next_dagrun for tutorial_taskflow_api_virtualenv to None, run_after=None
[2024-05-10T00:00:33.919+0000] {processor.py:183} INFO - Processing /home/airflow/.local/lib/python3.12/site-packages/airflow/example_dags/tutorial_taskflow_api_virtualenv.py took 0.144 seconds
[2024-05-10T00:01:04.720+0000] {processor.py:161} INFO - Started process (PID=25070) to work on /home/airflow/.local/lib/python3.12/site-packages/airflow/example_dags/tutorial_taskflow_api_virtualenv.py
[2024-05-10T00:01:04.724+0000] {processor.py:830} INFO - Processing file /home/airflow/.local/lib/python3.12/site-packages/airflow/example_dags/tutorial_taskflow_api_virtualenv.py for tasks to queue
[2024-05-10T00:01:04.732+0000] {logging_mixin.py:188} INFO - [2024-05-10T00:01:04.731+0000] {dagbag.py:545} INFO - Filling up the DagBag from /home/airflow/.local/lib/python3.12/site-packages/airflow/example_dags/tutorial_taskflow_api_virtualenv.py
[2024-05-10T00:01:04.753+0000] {processor.py:840} INFO - DAG(s) 'tutorial_taskflow_api_virtualenv' retrieved from /home/airflow/.local/lib/python3.12/site-packages/airflow/example_dags/tutorial_taskflow_api_virtualenv.py
[2024-05-10T00:01:04.791+0000] {logging_mixin.py:188} INFO - [2024-05-10T00:01:04.791+0000] {dag.py:3096} INFO - Sync 1 DAGs
[2024-05-10T00:01:04.816+0000] {logging_mixin.py:188} INFO - [2024-05-10T00:01:04.815+0000] {dag.py:3954} INFO - Setting next_dagrun for tutorial_taskflow_api_virtualenv to None, run_after=None
[2024-05-10T00:01:04.854+0000] {processor.py:183} INFO - Processing /home/airflow/.local/lib/python3.12/site-packages/airflow/example_dags/tutorial_taskflow_api_virtualenv.py took 0.144 seconds
[2024-05-10T00:01:35.305+0000] {processor.py:161} INFO - Started process (PID=25128) to work on /home/airflow/.local/lib/python3.12/site-packages/airflow/example_dags/tutorial_taskflow_api_virtualenv.py
[2024-05-10T00:01:35.309+0000] {processor.py:830} INFO - Processing file /home/airflow/.local/lib/python3.12/site-packages/airflow/example_dags/tutorial_taskflow_api_virtualenv.py for tasks to queue
[2024-05-10T00:01:35.315+0000] {logging_mixin.py:188} INFO - [2024-05-10T00:01:35.314+0000] {dagbag.py:545} INFO - Filling up the DagBag from /home/airflow/.local/lib/python3.12/site-packages/airflow/example_dags/tutorial_taskflow_api_virtualenv.py
[2024-05-10T00:01:35.329+0000] {processor.py:840} INFO - DAG(s) 'tutorial_taskflow_api_virtualenv' retrieved from /home/airflow/.local/lib/python3.12/site-packages/airflow/example_dags/tutorial_taskflow_api_virtualenv.py
[2024-05-10T00:01:35.357+0000] {logging_mixin.py:188} INFO - [2024-05-10T00:01:35.357+0000] {dag.py:3096} INFO - Sync 1 DAGs
[2024-05-10T00:01:35.375+0000] {logging_mixin.py:188} INFO - [2024-05-10T00:01:35.375+0000] {dag.py:3954} INFO - Setting next_dagrun for tutorial_taskflow_api_virtualenv to None, run_after=None
[2024-05-10T00:01:35.402+0000] {processor.py:183} INFO - Processing /home/airflow/.local/lib/python3.12/site-packages/airflow/example_dags/tutorial_taskflow_api_virtualenv.py took 0.106 seconds
[2024-05-10T00:02:13.964+0000] {processor.py:161} INFO - Started process (PID=25185) to work on /home/airflow/.local/lib/python3.12/site-packages/airflow/example_dags/tutorial_taskflow_api_virtualenv.py
[2024-05-10T00:02:13.988+0000] {processor.py:830} INFO - Processing file /home/airflow/.local/lib/python3.12/site-packages/airflow/example_dags/tutorial_taskflow_api_virtualenv.py for tasks to queue
[2024-05-10T00:02:14.005+0000] {logging_mixin.py:188} INFO - [2024-05-10T00:02:14.004+0000] {dagbag.py:545} INFO - Filling up the DagBag from /home/airflow/.local/lib/python3.12/site-packages/airflow/example_dags/tutorial_taskflow_api_virtualenv.py
[2024-05-10T00:02:14.060+0000] {processor.py:840} INFO - DAG(s) 'tutorial_taskflow_api_virtualenv' retrieved from /home/airflow/.local/lib/python3.12/site-packages/airflow/example_dags/tutorial_taskflow_api_virtualenv.py
[2024-05-10T00:02:14.188+0000] {logging_mixin.py:188} INFO - [2024-05-10T00:02:14.188+0000] {dag.py:3096} INFO - Sync 1 DAGs
[2024-05-10T00:02:14.235+0000] {logging_mixin.py:188} INFO - [2024-05-10T00:02:14.234+0000] {dag.py:3954} INFO - Setting next_dagrun for tutorial_taskflow_api_virtualenv to None, run_after=None
[2024-05-10T00:02:14.313+0000] {processor.py:183} INFO - Processing /home/airflow/.local/lib/python3.12/site-packages/airflow/example_dags/tutorial_taskflow_api_virtualenv.py took 0.392 seconds
[2024-05-10T00:02:44.435+0000] {processor.py:161} INFO - Started process (PID=25243) to work on /home/airflow/.local/lib/python3.12/site-packages/airflow/example_dags/tutorial_taskflow_api_virtualenv.py
[2024-05-10T00:02:44.441+0000] {processor.py:830} INFO - Processing file /home/airflow/.local/lib/python3.12/site-packages/airflow/example_dags/tutorial_taskflow_api_virtualenv.py for tasks to queue
[2024-05-10T00:02:44.445+0000] {logging_mixin.py:188} INFO - [2024-05-10T00:02:44.445+0000] {dagbag.py:545} INFO - Filling up the DagBag from /home/airflow/.local/lib/python3.12/site-packages/airflow/example_dags/tutorial_taskflow_api_virtualenv.py
[2024-05-10T00:02:44.467+0000] {processor.py:840} INFO - DAG(s) 'tutorial_taskflow_api_virtualenv' retrieved from /home/airflow/.local/lib/python3.12/site-packages/airflow/example_dags/tutorial_taskflow_api_virtualenv.py
[2024-05-10T00:02:44.536+0000] {logging_mixin.py:188} INFO - [2024-05-10T00:02:44.536+0000] {dag.py:3096} INFO - Sync 1 DAGs
[2024-05-10T00:02:44.606+0000] {logging_mixin.py:188} INFO - [2024-05-10T00:02:44.605+0000] {dag.py:3954} INFO - Setting next_dagrun for tutorial_taskflow_api_virtualenv to None, run_after=None
[2024-05-10T00:02:44.680+0000] {processor.py:183} INFO - Processing /home/airflow/.local/lib/python3.12/site-packages/airflow/example_dags/tutorial_taskflow_api_virtualenv.py took 0.252 seconds
[2024-05-10T00:06:12.835+0000] {processor.py:161} INFO - Started process (PID=61) to work on /home/airflow/.local/lib/python3.12/site-packages/airflow/example_dags/tutorial_taskflow_api_virtualenv.py
[2024-05-10T00:06:12.840+0000] {processor.py:830} INFO - Processing file /home/airflow/.local/lib/python3.12/site-packages/airflow/example_dags/tutorial_taskflow_api_virtualenv.py for tasks to queue
[2024-05-10T00:06:12.850+0000] {logging_mixin.py:188} INFO - [2024-05-10T00:06:12.849+0000] {dagbag.py:545} INFO - Filling up the DagBag from /home/airflow/.local/lib/python3.12/site-packages/airflow/example_dags/tutorial_taskflow_api_virtualenv.py
[2024-05-10T00:06:12.872+0000] {processor.py:840} INFO - DAG(s) 'tutorial_taskflow_api_virtualenv' retrieved from /home/airflow/.local/lib/python3.12/site-packages/airflow/example_dags/tutorial_taskflow_api_virtualenv.py
[2024-05-10T00:06:13.082+0000] {logging_mixin.py:188} INFO - [2024-05-10T00:06:13.081+0000] {dag.py:3096} INFO - Sync 1 DAGs
[2024-05-10T00:06:13.107+0000] {logging_mixin.py:188} INFO - [2024-05-10T00:06:13.107+0000] {dag.py:3954} INFO - Setting next_dagrun for tutorial_taskflow_api_virtualenv to None, run_after=None
[2024-05-10T00:06:13.160+0000] {processor.py:183} INFO - Processing /home/airflow/.local/lib/python3.12/site-packages/airflow/example_dags/tutorial_taskflow_api_virtualenv.py took 0.332 seconds
