[2024-05-10T00:00:00.305+0000] {processor.py:161} INFO - Started process (PID=24946) to work on /home/airflow/.local/lib/python3.12/site-packages/airflow/example_dags/tutorial_dag.py
[2024-05-10T00:00:00.309+0000] {processor.py:830} INFO - Processing file /home/airflow/.local/lib/python3.12/site-packages/airflow/example_dags/tutorial_dag.py for tasks to queue
[2024-05-10T00:00:00.313+0000] {logging_mixin.py:188} INFO - [2024-05-10T00:00:00.313+0000] {dagbag.py:545} INFO - Filling up the DagBag from /home/airflow/.local/lib/python3.12/site-packages/airflow/example_dags/tutorial_dag.py
[2024-05-10T00:00:00.345+0000] {processor.py:840} INFO - DAG(s) 'tutorial_dag' retrieved from /home/airflow/.local/lib/python3.12/site-packages/airflow/example_dags/tutorial_dag.py
[2024-05-10T00:00:00.422+0000] {logging_mixin.py:188} INFO - [2024-05-10T00:00:00.421+0000] {dag.py:3096} INFO - Sync 1 DAGs
[2024-05-10T00:00:00.452+0000] {logging_mixin.py:188} INFO - [2024-05-10T00:00:00.452+0000] {dag.py:3954} INFO - Setting next_dagrun for tutorial_dag to None, run_after=None
[2024-05-10T00:00:00.503+0000] {processor.py:183} INFO - Processing /home/airflow/.local/lib/python3.12/site-packages/airflow/example_dags/tutorial_dag.py took 0.206 seconds
[2024-05-10T00:00:32.858+0000] {processor.py:161} INFO - Started process (PID=25004) to work on /home/airflow/.local/lib/python3.12/site-packages/airflow/example_dags/tutorial_dag.py
[2024-05-10T00:00:32.863+0000] {processor.py:830} INFO - Processing file /home/airflow/.local/lib/python3.12/site-packages/airflow/example_dags/tutorial_dag.py for tasks to queue
[2024-05-10T00:00:32.869+0000] {logging_mixin.py:188} INFO - [2024-05-10T00:00:32.868+0000] {dagbag.py:545} INFO - Filling up the DagBag from /home/airflow/.local/lib/python3.12/site-packages/airflow/example_dags/tutorial_dag.py
[2024-05-10T00:00:32.880+0000] {processor.py:840} INFO - DAG(s) 'tutorial_dag' retrieved from /home/airflow/.local/lib/python3.12/site-packages/airflow/example_dags/tutorial_dag.py
[2024-05-10T00:00:32.916+0000] {logging_mixin.py:188} INFO - [2024-05-10T00:00:32.916+0000] {dag.py:3096} INFO - Sync 1 DAGs
[2024-05-10T00:00:32.937+0000] {logging_mixin.py:188} INFO - [2024-05-10T00:00:32.936+0000] {dag.py:3954} INFO - Setting next_dagrun for tutorial_dag to None, run_after=None
[2024-05-10T00:00:32.972+0000] {processor.py:183} INFO - Processing /home/airflow/.local/lib/python3.12/site-packages/airflow/example_dags/tutorial_dag.py took 0.126 seconds
[2024-05-10T00:01:03.866+0000] {processor.py:161} INFO - Started process (PID=25062) to work on /home/airflow/.local/lib/python3.12/site-packages/airflow/example_dags/tutorial_dag.py
[2024-05-10T00:01:03.871+0000] {processor.py:830} INFO - Processing file /home/airflow/.local/lib/python3.12/site-packages/airflow/example_dags/tutorial_dag.py for tasks to queue
[2024-05-10T00:01:03.889+0000] {logging_mixin.py:188} INFO - [2024-05-10T00:01:03.888+0000] {dagbag.py:545} INFO - Filling up the DagBag from /home/airflow/.local/lib/python3.12/site-packages/airflow/example_dags/tutorial_dag.py
[2024-05-10T00:01:03.903+0000] {processor.py:840} INFO - DAG(s) 'tutorial_dag' retrieved from /home/airflow/.local/lib/python3.12/site-packages/airflow/example_dags/tutorial_dag.py
[2024-05-10T00:01:03.937+0000] {logging_mixin.py:188} INFO - [2024-05-10T00:01:03.936+0000] {dag.py:3096} INFO - Sync 1 DAGs
[2024-05-10T00:01:03.953+0000] {logging_mixin.py:188} INFO - [2024-05-10T00:01:03.952+0000] {dag.py:3954} INFO - Setting next_dagrun for tutorial_dag to None, run_after=None
[2024-05-10T00:01:03.979+0000] {processor.py:183} INFO - Processing /home/airflow/.local/lib/python3.12/site-packages/airflow/example_dags/tutorial_dag.py took 0.123 seconds
[2024-05-10T00:01:34.632+0000] {processor.py:161} INFO - Started process (PID=25120) to work on /home/airflow/.local/lib/python3.12/site-packages/airflow/example_dags/tutorial_dag.py
[2024-05-10T00:01:34.635+0000] {processor.py:830} INFO - Processing file /home/airflow/.local/lib/python3.12/site-packages/airflow/example_dags/tutorial_dag.py for tasks to queue
[2024-05-10T00:01:34.643+0000] {logging_mixin.py:188} INFO - [2024-05-10T00:01:34.642+0000] {dagbag.py:545} INFO - Filling up the DagBag from /home/airflow/.local/lib/python3.12/site-packages/airflow/example_dags/tutorial_dag.py
[2024-05-10T00:01:34.652+0000] {processor.py:840} INFO - DAG(s) 'tutorial_dag' retrieved from /home/airflow/.local/lib/python3.12/site-packages/airflow/example_dags/tutorial_dag.py
[2024-05-10T00:01:34.692+0000] {logging_mixin.py:188} INFO - [2024-05-10T00:01:34.692+0000] {dag.py:3096} INFO - Sync 1 DAGs
[2024-05-10T00:01:34.711+0000] {logging_mixin.py:188} INFO - [2024-05-10T00:01:34.711+0000] {dag.py:3954} INFO - Setting next_dagrun for tutorial_dag to None, run_after=None
[2024-05-10T00:01:34.739+0000] {processor.py:183} INFO - Processing /home/airflow/.local/lib/python3.12/site-packages/airflow/example_dags/tutorial_dag.py took 0.115 seconds
[2024-05-10T00:02:10.786+0000] {processor.py:161} INFO - Started process (PID=25177) to work on /home/airflow/.local/lib/python3.12/site-packages/airflow/example_dags/tutorial_dag.py
[2024-05-10T00:02:10.811+0000] {processor.py:830} INFO - Processing file /home/airflow/.local/lib/python3.12/site-packages/airflow/example_dags/tutorial_dag.py for tasks to queue
[2024-05-10T00:02:10.857+0000] {logging_mixin.py:188} INFO - [2024-05-10T00:02:10.856+0000] {dagbag.py:545} INFO - Filling up the DagBag from /home/airflow/.local/lib/python3.12/site-packages/airflow/example_dags/tutorial_dag.py
[2024-05-10T00:02:10.964+0000] {processor.py:840} INFO - DAG(s) 'tutorial_dag' retrieved from /home/airflow/.local/lib/python3.12/site-packages/airflow/example_dags/tutorial_dag.py
[2024-05-10T00:02:11.131+0000] {logging_mixin.py:188} INFO - [2024-05-10T00:02:11.130+0000] {dag.py:3096} INFO - Sync 1 DAGs
[2024-05-10T00:02:11.201+0000] {logging_mixin.py:188} INFO - [2024-05-10T00:02:11.201+0000] {dag.py:3954} INFO - Setting next_dagrun for tutorial_dag to None, run_after=None
[2024-05-10T00:02:11.300+0000] {processor.py:183} INFO - Processing /home/airflow/.local/lib/python3.12/site-packages/airflow/example_dags/tutorial_dag.py took 0.554 seconds
[2024-05-10T00:02:41.565+0000] {processor.py:161} INFO - Started process (PID=25235) to work on /home/airflow/.local/lib/python3.12/site-packages/airflow/example_dags/tutorial_dag.py
[2024-05-10T00:02:41.568+0000] {processor.py:830} INFO - Processing file /home/airflow/.local/lib/python3.12/site-packages/airflow/example_dags/tutorial_dag.py for tasks to queue
[2024-05-10T00:02:41.571+0000] {logging_mixin.py:188} INFO - [2024-05-10T00:02:41.571+0000] {dagbag.py:545} INFO - Filling up the DagBag from /home/airflow/.local/lib/python3.12/site-packages/airflow/example_dags/tutorial_dag.py
[2024-05-10T00:02:41.577+0000] {processor.py:840} INFO - DAG(s) 'tutorial_dag' retrieved from /home/airflow/.local/lib/python3.12/site-packages/airflow/example_dags/tutorial_dag.py
[2024-05-10T00:02:41.596+0000] {logging_mixin.py:188} INFO - [2024-05-10T00:02:41.595+0000] {dag.py:3096} INFO - Sync 1 DAGs
[2024-05-10T00:02:41.607+0000] {logging_mixin.py:188} INFO - [2024-05-10T00:02:41.607+0000] {dag.py:3954} INFO - Setting next_dagrun for tutorial_dag to None, run_after=None
[2024-05-10T00:02:41.625+0000] {processor.py:183} INFO - Processing /home/airflow/.local/lib/python3.12/site-packages/airflow/example_dags/tutorial_dag.py took 0.068 seconds
[2024-05-10T00:06:10.962+0000] {processor.py:161} INFO - Started process (PID=53) to work on /home/airflow/.local/lib/python3.12/site-packages/airflow/example_dags/tutorial_dag.py
[2024-05-10T00:06:10.980+0000] {processor.py:830} INFO - Processing file /home/airflow/.local/lib/python3.12/site-packages/airflow/example_dags/tutorial_dag.py for tasks to queue
[2024-05-10T00:06:11.012+0000] {logging_mixin.py:188} INFO - [2024-05-10T00:06:11.010+0000] {dagbag.py:545} INFO - Filling up the DagBag from /home/airflow/.local/lib/python3.12/site-packages/airflow/example_dags/tutorial_dag.py
[2024-05-10T00:06:11.062+0000] {processor.py:840} INFO - DAG(s) 'tutorial_dag' retrieved from /home/airflow/.local/lib/python3.12/site-packages/airflow/example_dags/tutorial_dag.py
[2024-05-10T00:06:11.222+0000] {logging_mixin.py:188} INFO - [2024-05-10T00:06:11.221+0000] {dag.py:3096} INFO - Sync 1 DAGs
[2024-05-10T00:06:11.331+0000] {logging_mixin.py:188} INFO - [2024-05-10T00:06:11.330+0000] {dag.py:3954} INFO - Setting next_dagrun for tutorial_dag to None, run_after=None
[2024-05-10T00:06:11.428+0000] {processor.py:183} INFO - Processing /home/airflow/.local/lib/python3.12/site-packages/airflow/example_dags/tutorial_dag.py took 0.480 seconds
